<?xml version="1.0" encoding="UTF-8"?>
<testsuite xmlns:xsi="http://www.w3.org/2001/XMLSchema-instance" xsi:noNamespaceSchemaLocation="https://maven.apache.org/surefire/maven-surefire-plugin/xsd/surefire-test-report-3.0.xsd" version="3.0" name="com.library.management.controllers.BookControllerIntegrationTests" time="28.059" tests="13" errors="0" skipped="0" failures="0">
  <properties>
    <property name="java.specification.version" value="21"/>
    <property name="sun.jnu.encoding" value="UTF-8"/>
    <property name="java.class.path" value="/Users/deca/Desktop/library-management-system/target/test-classes:/Users/deca/Desktop/library-management-system/target/classes:/Users/deca/.m2/repository/org/springframework/boot/spring-boot-starter-web/3.2.1/spring-boot-starter-web-3.2.1.jar:/Users/deca/.m2/repository/org/springframework/boot/spring-boot-starter/3.2.1/spring-boot-starter-3.2.1.jar:/Users/deca/.m2/repository/org/springframework/boot/spring-boot/3.2.1/spring-boot-3.2.1.jar:/Users/deca/.m2/repository/org/springframework/boot/spring-boot-autoconfigure/3.2.1/spring-boot-autoconfigure-3.2.1.jar:/Users/deca/.m2/repository/org/springframework/boot/spring-boot-starter-logging/3.2.1/spring-boot-starter-logging-3.2.1.jar:/Users/deca/.m2/repository/ch/qos/logback/logback-classic/1.4.14/logback-classic-1.4.14.jar:/Users/deca/.m2/repository/ch/qos/logback/logback-core/1.4.14/logback-core-1.4.14.jar:/Users/deca/.m2/repository/org/apache/logging/log4j/log4j-to-slf4j/2.21.1/log4j-to-slf4j-2.21.1.jar:/Users/deca/.m2/repository/org/apache/logging/log4j/log4j-api/2.21.1/log4j-api-2.21.1.jar:/Users/deca/.m2/repository/org/slf4j/jul-to-slf4j/2.0.9/jul-to-slf4j-2.0.9.jar:/Users/deca/.m2/repository/jakarta/annotation/jakarta.annotation-api/2.1.1/jakarta.annotation-api-2.1.1.jar:/Users/deca/.m2/repository/org/yaml/snakeyaml/2.2/snakeyaml-2.2.jar:/Users/deca/.m2/repository/org/springframework/boot/spring-boot-starter-json/3.2.1/spring-boot-starter-json-3.2.1.jar:/Users/deca/.m2/repository/com/fasterxml/jackson/core/jackson-databind/2.15.3/jackson-databind-2.15.3.jar:/Users/deca/.m2/repository/com/fasterxml/jackson/core/jackson-annotations/2.15.3/jackson-annotations-2.15.3.jar:/Users/deca/.m2/repository/com/fasterxml/jackson/core/jackson-core/2.15.3/jackson-core-2.15.3.jar:/Users/deca/.m2/repository/com/fasterxml/jackson/datatype/jackson-datatype-jdk8/2.15.3/jackson-datatype-jdk8-2.15.3.jar:/Users/deca/.m2/repository/com/fasterxml/jackson/datatype/jackson-datatype-jsr310/2.15.3/jackson-datatype-jsr310-2.15.3.jar:/Users/deca/.m2/repository/com/fasterxml/jackson/module/jackson-module-parameter-names/2.15.3/jackson-module-parameter-names-2.15.3.jar:/Users/deca/.m2/repository/org/springframework/boot/spring-boot-starter-tomcat/3.2.1/spring-boot-starter-tomcat-3.2.1.jar:/Users/deca/.m2/repository/org/apache/tomcat/embed/tomcat-embed-core/10.1.17/tomcat-embed-core-10.1.17.jar:/Users/deca/.m2/repository/org/apache/tomcat/embed/tomcat-embed-websocket/10.1.17/tomcat-embed-websocket-10.1.17.jar:/Users/deca/.m2/repository/org/springframework/spring-web/6.1.2/spring-web-6.1.2.jar:/Users/deca/.m2/repository/org/springframework/spring-beans/6.1.2/spring-beans-6.1.2.jar:/Users/deca/.m2/repository/io/micrometer/micrometer-observation/1.12.1/micrometer-observation-1.12.1.jar:/Users/deca/.m2/repository/io/micrometer/micrometer-commons/1.12.1/micrometer-commons-1.12.1.jar:/Users/deca/.m2/repository/org/springframework/spring-webmvc/6.1.2/spring-webmvc-6.1.2.jar:/Users/deca/.m2/repository/org/springframework/spring-context/6.1.2/spring-context-6.1.2.jar:/Users/deca/.m2/repository/org/springframework/spring-expression/6.1.2/spring-expression-6.1.2.jar:/Users/deca/.m2/repository/org/springframework/boot/spring-boot-starter-data-jpa/3.2.1/spring-boot-starter-data-jpa-3.2.1.jar:/Users/deca/.m2/repository/org/springframework/boot/spring-boot-starter-jdbc/3.2.1/spring-boot-starter-jdbc-3.2.1.jar:/Users/deca/.m2/repository/com/zaxxer/HikariCP/5.0.1/HikariCP-5.0.1.jar:/Users/deca/.m2/repository/org/springframework/spring-jdbc/6.1.2/spring-jdbc-6.1.2.jar:/Users/deca/.m2/repository/org/hibernate/orm/hibernate-core/6.4.1.Final/hibernate-core-6.4.1.Final.jar:/Users/deca/.m2/repository/jakarta/persistence/jakarta.persistence-api/3.1.0/jakarta.persistence-api-3.1.0.jar:/Users/deca/.m2/repository/jakarta/transaction/jakarta.transaction-api/2.0.1/jakarta.transaction-api-2.0.1.jar:/Users/deca/.m2/repository/org/jboss/logging/jboss-logging/3.5.3.Final/jboss-logging-3.5.3.Final.jar:/Users/deca/.m2/repository/org/hibernate/common/hibernate-commons-annotations/6.0.6.Final/hibernate-commons-annotations-6.0.6.Final.jar:/Users/deca/.m2/repository/io/smallrye/jandex/3.1.2/jandex-3.1.2.jar:/Users/deca/.m2/repository/com/fasterxml/classmate/1.6.0/classmate-1.6.0.jar:/Users/deca/.m2/repository/net/bytebuddy/byte-buddy/1.14.10/byte-buddy-1.14.10.jar:/Users/deca/.m2/repository/org/glassfish/jaxb/jaxb-runtime/4.0.4/jaxb-runtime-4.0.4.jar:/Users/deca/.m2/repository/org/glassfish/jaxb/jaxb-core/4.0.4/jaxb-core-4.0.4.jar:/Users/deca/.m2/repository/org/eclipse/angus/angus-activation/2.0.1/angus-activation-2.0.1.jar:/Users/deca/.m2/repository/org/glassfish/jaxb/txw2/4.0.4/txw2-4.0.4.jar:/Users/deca/.m2/repository/com/sun/istack/istack-commons-runtime/4.1.2/istack-commons-runtime-4.1.2.jar:/Users/deca/.m2/repository/jakarta/inject/jakarta.inject-api/2.0.1/jakarta.inject-api-2.0.1.jar:/Users/deca/.m2/repository/org/antlr/antlr4-runtime/4.13.0/antlr4-runtime-4.13.0.jar:/Users/deca/.m2/repository/org/springframework/data/spring-data-jpa/3.2.1/spring-data-jpa-3.2.1.jar:/Users/deca/.m2/repository/org/springframework/data/spring-data-commons/3.2.1/spring-data-commons-3.2.1.jar:/Users/deca/.m2/repository/org/springframework/spring-orm/6.1.2/spring-orm-6.1.2.jar:/Users/deca/.m2/repository/org/springframework/spring-tx/6.1.2/spring-tx-6.1.2.jar:/Users/deca/.m2/repository/org/slf4j/slf4j-api/2.0.9/slf4j-api-2.0.9.jar:/Users/deca/.m2/repository/org/springframework/spring-aspects/6.1.2/spring-aspects-6.1.2.jar:/Users/deca/.m2/repository/com/mysql/mysql-connector-j/8.1.0/mysql-connector-j-8.1.0.jar:/Users/deca/.m2/repository/org/springdoc/springdoc-openapi-starter-webmvc-ui/2.0.2/springdoc-openapi-starter-webmvc-ui-2.0.2.jar:/Users/deca/.m2/repository/org/springdoc/springdoc-openapi-starter-webmvc-api/2.0.2/springdoc-openapi-starter-webmvc-api-2.0.2.jar:/Users/deca/.m2/repository/org/springdoc/springdoc-openapi-starter-common/2.0.2/springdoc-openapi-starter-common-2.0.2.jar:/Users/deca/.m2/repository/io/swagger/core/v3/swagger-core-jakarta/2.2.7/swagger-core-jakarta-2.2.7.jar:/Users/deca/.m2/repository/org/apache/commons/commons-lang3/3.13.0/commons-lang3-3.13.0.jar:/Users/deca/.m2/repository/io/swagger/core/v3/swagger-annotations-jakarta/2.2.7/swagger-annotations-jakarta-2.2.7.jar:/Users/deca/.m2/repository/io/swagger/core/v3/swagger-models-jakarta/2.2.7/swagger-models-jakarta-2.2.7.jar:/Users/deca/.m2/repository/com/fasterxml/jackson/dataformat/jackson-dataformat-yaml/2.15.3/jackson-dataformat-yaml-2.15.3.jar:/Users/deca/.m2/repository/org/webjars/swagger-ui/4.15.5/swagger-ui-4.15.5.jar:/Users/deca/.m2/repository/org/webjars/webjars-locator-core/0.55/webjars-locator-core-0.55.jar:/Users/deca/.m2/repository/io/github/classgraph/classgraph/4.8.149/classgraph-4.8.149.jar:/Users/deca/.m2/repository/org/projectlombok/lombok/1.18.30/lombok-1.18.30.jar:/Users/deca/.m2/repository/org/modelmapper/modelmapper/3.0.0/modelmapper-3.0.0.jar:/Users/deca/.m2/repository/org/springframework/boot/spring-boot-starter-test/3.2.1/spring-boot-starter-test-3.2.1.jar:/Users/deca/.m2/repository/org/springframework/boot/spring-boot-test/3.2.1/spring-boot-test-3.2.1.jar:/Users/deca/.m2/repository/org/springframework/boot/spring-boot-test-autoconfigure/3.2.1/spring-boot-test-autoconfigure-3.2.1.jar:/Users/deca/.m2/repository/com/jayway/jsonpath/json-path/2.8.0/json-path-2.8.0.jar:/Users/deca/.m2/repository/jakarta/xml/bind/jakarta.xml.bind-api/4.0.1/jakarta.xml.bind-api-4.0.1.jar:/Users/deca/.m2/repository/jakarta/activation/jakarta.activation-api/2.1.2/jakarta.activation-api-2.1.2.jar:/Users/deca/.m2/repository/net/minidev/json-smart/2.5.0/json-smart-2.5.0.jar:/Users/deca/.m2/repository/net/minidev/accessors-smart/2.5.0/accessors-smart-2.5.0.jar:/Users/deca/.m2/repository/org/ow2/asm/asm/9.3/asm-9.3.jar:/Users/deca/.m2/repository/org/assertj/assertj-core/3.24.2/assertj-core-3.24.2.jar:/Users/deca/.m2/repository/org/awaitility/awaitility/4.2.0/awaitility-4.2.0.jar:/Users/deca/.m2/repository/org/hamcrest/hamcrest/2.2/hamcrest-2.2.jar:/Users/deca/.m2/repository/org/junit/jupiter/junit-jupiter/5.10.1/junit-jupiter-5.10.1.jar:/Users/deca/.m2/repository/org/junit/jupiter/junit-jupiter-api/5.10.1/junit-jupiter-api-5.10.1.jar:/Users/deca/.m2/repository/org/opentest4j/opentest4j/1.3.0/opentest4j-1.3.0.jar:/Users/deca/.m2/repository/org/junit/platform/junit-platform-commons/1.10.1/junit-platform-commons-1.10.1.jar:/Users/deca/.m2/repository/org/apiguardian/apiguardian-api/1.1.2/apiguardian-api-1.1.2.jar:/Users/deca/.m2/repository/org/junit/jupiter/junit-jupiter-params/5.10.1/junit-jupiter-params-5.10.1.jar:/Users/deca/.m2/repository/org/junit/jupiter/junit-jupiter-engine/5.10.1/junit-jupiter-engine-5.10.1.jar:/Users/deca/.m2/repository/org/junit/platform/junit-platform-engine/1.10.1/junit-platform-engine-1.10.1.jar:/Users/deca/.m2/repository/org/mockito/mockito-core/5.7.0/mockito-core-5.7.0.jar:/Users/deca/.m2/repository/net/bytebuddy/byte-buddy-agent/1.14.10/byte-buddy-agent-1.14.10.jar:/Users/deca/.m2/repository/org/objenesis/objenesis/3.3/objenesis-3.3.jar:/Users/deca/.m2/repository/org/mockito/mockito-junit-jupiter/5.7.0/mockito-junit-jupiter-5.7.0.jar:/Users/deca/.m2/repository/org/skyscreamer/jsonassert/1.5.1/jsonassert-1.5.1.jar:/Users/deca/.m2/repository/com/vaadin/external/google/android-json/0.0.20131108.vaadin1/android-json-0.0.20131108.vaadin1.jar:/Users/deca/.m2/repository/org/springframework/spring-core/6.1.2/spring-core-6.1.2.jar:/Users/deca/.m2/repository/org/springframework/spring-jcl/6.1.2/spring-jcl-6.1.2.jar:/Users/deca/.m2/repository/org/springframework/spring-test/6.1.2/spring-test-6.1.2.jar:/Users/deca/.m2/repository/org/xmlunit/xmlunit-core/2.9.1/xmlunit-core-2.9.1.jar:/Users/deca/.m2/repository/org/springframework/boot/spring-boot-starter-validation/3.2.1/spring-boot-starter-validation-3.2.1.jar:/Users/deca/.m2/repository/org/apache/tomcat/embed/tomcat-embed-el/10.1.17/tomcat-embed-el-10.1.17.jar:/Users/deca/.m2/repository/org/hibernate/validator/hibernate-validator/8.0.1.Final/hibernate-validator-8.0.1.Final.jar:/Users/deca/.m2/repository/jakarta/validation/jakarta.validation-api/3.0.2/jakarta.validation-api-3.0.2.jar:/Users/deca/.m2/repository/org/springframework/boot/spring-boot-starter-aop/3.2.1/spring-boot-starter-aop-3.2.1.jar:/Users/deca/.m2/repository/org/springframework/spring-aop/6.1.2/spring-aop-6.1.2.jar:/Users/deca/.m2/repository/org/aspectj/aspectjweaver/1.9.21/aspectjweaver-1.9.21.jar:"/>
    <property name="java.vm.vendor" value="Oracle Corporation"/>
    <property name="sun.arch.data.model" value="64"/>
    <property name="java.vendor.url" value="https://java.oracle.com/"/>
    <property name="user.timezone" value="Africa/Lagos"/>
    <property name="org.jboss.logging.provider" value="slf4j"/>
    <property name="os.name" value="Mac OS X"/>
    <property name="java.vm.specification.version" value="21"/>
    <property name="sun.java.launcher" value="SUN_STANDARD"/>
    <property name="user.country" value="GB"/>
    <property name="sun.boot.library.path" value="/Users/deca/Library/Java/JavaVirtualMachines/openjdk-21.0.1/Contents/Home/lib"/>
    <property name="sun.java.command" value="/Users/deca/Desktop/library-management-system/target/surefire/surefirebooter-20240516033958117_3.jar /Users/deca/Desktop/library-management-system/target/surefire 2024-05-16T03-39-57_838-jvmRun1 surefire-20240516033958117_1tmp surefire_0-20240516033958117_2tmp"/>
    <property name="http.nonProxyHosts" value="local|*.local|169.254/16|*.169.254/16"/>
    <property name="jdk.debug" value="release"/>
    <property name="surefire.test.class.path" value="/Users/deca/Desktop/library-management-system/target/test-classes:/Users/deca/Desktop/library-management-system/target/classes:/Users/deca/.m2/repository/org/springframework/boot/spring-boot-starter-web/3.2.1/spring-boot-starter-web-3.2.1.jar:/Users/deca/.m2/repository/org/springframework/boot/spring-boot-starter/3.2.1/spring-boot-starter-3.2.1.jar:/Users/deca/.m2/repository/org/springframework/boot/spring-boot/3.2.1/spring-boot-3.2.1.jar:/Users/deca/.m2/repository/org/springframework/boot/spring-boot-autoconfigure/3.2.1/spring-boot-autoconfigure-3.2.1.jar:/Users/deca/.m2/repository/org/springframework/boot/spring-boot-starter-logging/3.2.1/spring-boot-starter-logging-3.2.1.jar:/Users/deca/.m2/repository/ch/qos/logback/logback-classic/1.4.14/logback-classic-1.4.14.jar:/Users/deca/.m2/repository/ch/qos/logback/logback-core/1.4.14/logback-core-1.4.14.jar:/Users/deca/.m2/repository/org/apache/logging/log4j/log4j-to-slf4j/2.21.1/log4j-to-slf4j-2.21.1.jar:/Users/deca/.m2/repository/org/apache/logging/log4j/log4j-api/2.21.1/log4j-api-2.21.1.jar:/Users/deca/.m2/repository/org/slf4j/jul-to-slf4j/2.0.9/jul-to-slf4j-2.0.9.jar:/Users/deca/.m2/repository/jakarta/annotation/jakarta.annotation-api/2.1.1/jakarta.annotation-api-2.1.1.jar:/Users/deca/.m2/repository/org/yaml/snakeyaml/2.2/snakeyaml-2.2.jar:/Users/deca/.m2/repository/org/springframework/boot/spring-boot-starter-json/3.2.1/spring-boot-starter-json-3.2.1.jar:/Users/deca/.m2/repository/com/fasterxml/jackson/core/jackson-databind/2.15.3/jackson-databind-2.15.3.jar:/Users/deca/.m2/repository/com/fasterxml/jackson/core/jackson-annotations/2.15.3/jackson-annotations-2.15.3.jar:/Users/deca/.m2/repository/com/fasterxml/jackson/core/jackson-core/2.15.3/jackson-core-2.15.3.jar:/Users/deca/.m2/repository/com/fasterxml/jackson/datatype/jackson-datatype-jdk8/2.15.3/jackson-datatype-jdk8-2.15.3.jar:/Users/deca/.m2/repository/com/fasterxml/jackson/datatype/jackson-datatype-jsr310/2.15.3/jackson-datatype-jsr310-2.15.3.jar:/Users/deca/.m2/repository/com/fasterxml/jackson/module/jackson-module-parameter-names/2.15.3/jackson-module-parameter-names-2.15.3.jar:/Users/deca/.m2/repository/org/springframework/boot/spring-boot-starter-tomcat/3.2.1/spring-boot-starter-tomcat-3.2.1.jar:/Users/deca/.m2/repository/org/apache/tomcat/embed/tomcat-embed-core/10.1.17/tomcat-embed-core-10.1.17.jar:/Users/deca/.m2/repository/org/apache/tomcat/embed/tomcat-embed-websocket/10.1.17/tomcat-embed-websocket-10.1.17.jar:/Users/deca/.m2/repository/org/springframework/spring-web/6.1.2/spring-web-6.1.2.jar:/Users/deca/.m2/repository/org/springframework/spring-beans/6.1.2/spring-beans-6.1.2.jar:/Users/deca/.m2/repository/io/micrometer/micrometer-observation/1.12.1/micrometer-observation-1.12.1.jar:/Users/deca/.m2/repository/io/micrometer/micrometer-commons/1.12.1/micrometer-commons-1.12.1.jar:/Users/deca/.m2/repository/org/springframework/spring-webmvc/6.1.2/spring-webmvc-6.1.2.jar:/Users/deca/.m2/repository/org/springframework/spring-context/6.1.2/spring-context-6.1.2.jar:/Users/deca/.m2/repository/org/springframework/spring-expression/6.1.2/spring-expression-6.1.2.jar:/Users/deca/.m2/repository/org/springframework/boot/spring-boot-starter-data-jpa/3.2.1/spring-boot-starter-data-jpa-3.2.1.jar:/Users/deca/.m2/repository/org/springframework/boot/spring-boot-starter-jdbc/3.2.1/spring-boot-starter-jdbc-3.2.1.jar:/Users/deca/.m2/repository/com/zaxxer/HikariCP/5.0.1/HikariCP-5.0.1.jar:/Users/deca/.m2/repository/org/springframework/spring-jdbc/6.1.2/spring-jdbc-6.1.2.jar:/Users/deca/.m2/repository/org/hibernate/orm/hibernate-core/6.4.1.Final/hibernate-core-6.4.1.Final.jar:/Users/deca/.m2/repository/jakarta/persistence/jakarta.persistence-api/3.1.0/jakarta.persistence-api-3.1.0.jar:/Users/deca/.m2/repository/jakarta/transaction/jakarta.transaction-api/2.0.1/jakarta.transaction-api-2.0.1.jar:/Users/deca/.m2/repository/org/jboss/logging/jboss-logging/3.5.3.Final/jboss-logging-3.5.3.Final.jar:/Users/deca/.m2/repository/org/hibernate/common/hibernate-commons-annotations/6.0.6.Final/hibernate-commons-annotations-6.0.6.Final.jar:/Users/deca/.m2/repository/io/smallrye/jandex/3.1.2/jandex-3.1.2.jar:/Users/deca/.m2/repository/com/fasterxml/classmate/1.6.0/classmate-1.6.0.jar:/Users/deca/.m2/repository/net/bytebuddy/byte-buddy/1.14.10/byte-buddy-1.14.10.jar:/Users/deca/.m2/repository/org/glassfish/jaxb/jaxb-runtime/4.0.4/jaxb-runtime-4.0.4.jar:/Users/deca/.m2/repository/org/glassfish/jaxb/jaxb-core/4.0.4/jaxb-core-4.0.4.jar:/Users/deca/.m2/repository/org/eclipse/angus/angus-activation/2.0.1/angus-activation-2.0.1.jar:/Users/deca/.m2/repository/org/glassfish/jaxb/txw2/4.0.4/txw2-4.0.4.jar:/Users/deca/.m2/repository/com/sun/istack/istack-commons-runtime/4.1.2/istack-commons-runtime-4.1.2.jar:/Users/deca/.m2/repository/jakarta/inject/jakarta.inject-api/2.0.1/jakarta.inject-api-2.0.1.jar:/Users/deca/.m2/repository/org/antlr/antlr4-runtime/4.13.0/antlr4-runtime-4.13.0.jar:/Users/deca/.m2/repository/org/springframework/data/spring-data-jpa/3.2.1/spring-data-jpa-3.2.1.jar:/Users/deca/.m2/repository/org/springframework/data/spring-data-commons/3.2.1/spring-data-commons-3.2.1.jar:/Users/deca/.m2/repository/org/springframework/spring-orm/6.1.2/spring-orm-6.1.2.jar:/Users/deca/.m2/repository/org/springframework/spring-tx/6.1.2/spring-tx-6.1.2.jar:/Users/deca/.m2/repository/org/slf4j/slf4j-api/2.0.9/slf4j-api-2.0.9.jar:/Users/deca/.m2/repository/org/springframework/spring-aspects/6.1.2/spring-aspects-6.1.2.jar:/Users/deca/.m2/repository/com/mysql/mysql-connector-j/8.1.0/mysql-connector-j-8.1.0.jar:/Users/deca/.m2/repository/org/springdoc/springdoc-openapi-starter-webmvc-ui/2.0.2/springdoc-openapi-starter-webmvc-ui-2.0.2.jar:/Users/deca/.m2/repository/org/springdoc/springdoc-openapi-starter-webmvc-api/2.0.2/springdoc-openapi-starter-webmvc-api-2.0.2.jar:/Users/deca/.m2/repository/org/springdoc/springdoc-openapi-starter-common/2.0.2/springdoc-openapi-starter-common-2.0.2.jar:/Users/deca/.m2/repository/io/swagger/core/v3/swagger-core-jakarta/2.2.7/swagger-core-jakarta-2.2.7.jar:/Users/deca/.m2/repository/org/apache/commons/commons-lang3/3.13.0/commons-lang3-3.13.0.jar:/Users/deca/.m2/repository/io/swagger/core/v3/swagger-annotations-jakarta/2.2.7/swagger-annotations-jakarta-2.2.7.jar:/Users/deca/.m2/repository/io/swagger/core/v3/swagger-models-jakarta/2.2.7/swagger-models-jakarta-2.2.7.jar:/Users/deca/.m2/repository/com/fasterxml/jackson/dataformat/jackson-dataformat-yaml/2.15.3/jackson-dataformat-yaml-2.15.3.jar:/Users/deca/.m2/repository/org/webjars/swagger-ui/4.15.5/swagger-ui-4.15.5.jar:/Users/deca/.m2/repository/org/webjars/webjars-locator-core/0.55/webjars-locator-core-0.55.jar:/Users/deca/.m2/repository/io/github/classgraph/classgraph/4.8.149/classgraph-4.8.149.jar:/Users/deca/.m2/repository/org/projectlombok/lombok/1.18.30/lombok-1.18.30.jar:/Users/deca/.m2/repository/org/modelmapper/modelmapper/3.0.0/modelmapper-3.0.0.jar:/Users/deca/.m2/repository/org/springframework/boot/spring-boot-starter-test/3.2.1/spring-boot-starter-test-3.2.1.jar:/Users/deca/.m2/repository/org/springframework/boot/spring-boot-test/3.2.1/spring-boot-test-3.2.1.jar:/Users/deca/.m2/repository/org/springframework/boot/spring-boot-test-autoconfigure/3.2.1/spring-boot-test-autoconfigure-3.2.1.jar:/Users/deca/.m2/repository/com/jayway/jsonpath/json-path/2.8.0/json-path-2.8.0.jar:/Users/deca/.m2/repository/jakarta/xml/bind/jakarta.xml.bind-api/4.0.1/jakarta.xml.bind-api-4.0.1.jar:/Users/deca/.m2/repository/jakarta/activation/jakarta.activation-api/2.1.2/jakarta.activation-api-2.1.2.jar:/Users/deca/.m2/repository/net/minidev/json-smart/2.5.0/json-smart-2.5.0.jar:/Users/deca/.m2/repository/net/minidev/accessors-smart/2.5.0/accessors-smart-2.5.0.jar:/Users/deca/.m2/repository/org/ow2/asm/asm/9.3/asm-9.3.jar:/Users/deca/.m2/repository/org/assertj/assertj-core/3.24.2/assertj-core-3.24.2.jar:/Users/deca/.m2/repository/org/awaitility/awaitility/4.2.0/awaitility-4.2.0.jar:/Users/deca/.m2/repository/org/hamcrest/hamcrest/2.2/hamcrest-2.2.jar:/Users/deca/.m2/repository/org/junit/jupiter/junit-jupiter/5.10.1/junit-jupiter-5.10.1.jar:/Users/deca/.m2/repository/org/junit/jupiter/junit-jupiter-api/5.10.1/junit-jupiter-api-5.10.1.jar:/Users/deca/.m2/repository/org/opentest4j/opentest4j/1.3.0/opentest4j-1.3.0.jar:/Users/deca/.m2/repository/org/junit/platform/junit-platform-commons/1.10.1/junit-platform-commons-1.10.1.jar:/Users/deca/.m2/repository/org/apiguardian/apiguardian-api/1.1.2/apiguardian-api-1.1.2.jar:/Users/deca/.m2/repository/org/junit/jupiter/junit-jupiter-params/5.10.1/junit-jupiter-params-5.10.1.jar:/Users/deca/.m2/repository/org/junit/jupiter/junit-jupiter-engine/5.10.1/junit-jupiter-engine-5.10.1.jar:/Users/deca/.m2/repository/org/junit/platform/junit-platform-engine/1.10.1/junit-platform-engine-1.10.1.jar:/Users/deca/.m2/repository/org/mockito/mockito-core/5.7.0/mockito-core-5.7.0.jar:/Users/deca/.m2/repository/net/bytebuddy/byte-buddy-agent/1.14.10/byte-buddy-agent-1.14.10.jar:/Users/deca/.m2/repository/org/objenesis/objenesis/3.3/objenesis-3.3.jar:/Users/deca/.m2/repository/org/mockito/mockito-junit-jupiter/5.7.0/mockito-junit-jupiter-5.7.0.jar:/Users/deca/.m2/repository/org/skyscreamer/jsonassert/1.5.1/jsonassert-1.5.1.jar:/Users/deca/.m2/repository/com/vaadin/external/google/android-json/0.0.20131108.vaadin1/android-json-0.0.20131108.vaadin1.jar:/Users/deca/.m2/repository/org/springframework/spring-core/6.1.2/spring-core-6.1.2.jar:/Users/deca/.m2/repository/org/springframework/spring-jcl/6.1.2/spring-jcl-6.1.2.jar:/Users/deca/.m2/repository/org/springframework/spring-test/6.1.2/spring-test-6.1.2.jar:/Users/deca/.m2/repository/org/xmlunit/xmlunit-core/2.9.1/xmlunit-core-2.9.1.jar:/Users/deca/.m2/repository/org/springframework/boot/spring-boot-starter-validation/3.2.1/spring-boot-starter-validation-3.2.1.jar:/Users/deca/.m2/repository/org/apache/tomcat/embed/tomcat-embed-el/10.1.17/tomcat-embed-el-10.1.17.jar:/Users/deca/.m2/repository/org/hibernate/validator/hibernate-validator/8.0.1.Final/hibernate-validator-8.0.1.Final.jar:/Users/deca/.m2/repository/jakarta/validation/jakarta.validation-api/3.0.2/jakarta.validation-api-3.0.2.jar:/Users/deca/.m2/repository/org/springframework/boot/spring-boot-starter-aop/3.2.1/spring-boot-starter-aop-3.2.1.jar:/Users/deca/.m2/repository/org/springframework/spring-aop/6.1.2/spring-aop-6.1.2.jar:/Users/deca/.m2/repository/org/aspectj/aspectjweaver/1.9.21/aspectjweaver-1.9.21.jar:"/>
    <property name="sun.cpu.endian" value="little"/>
    <property name="user.home" value="/Users/deca"/>
    <property name="user.language" value="en"/>
    <property name="java.specification.vendor" value="Oracle Corporation"/>
    <property name="java.version.date" value="2023-10-17"/>
    <property name="java.home" value="/Users/deca/Library/Java/JavaVirtualMachines/openjdk-21.0.1/Contents/Home"/>
    <property name="file.separator" value="/"/>
    <property name="basedir" value="/Users/deca/Desktop/library-management-system"/>
    <property name="java.vm.compressedOopsMode" value="Zero based"/>
    <property name="line.separator" value="&#10;"/>
    <property name="java.vm.specification.vendor" value="Oracle Corporation"/>
    <property name="java.specification.name" value="Java Platform API Specification"/>
    <property name="FILE_LOG_CHARSET" value="UTF-8"/>
    <property name="java.awt.headless" value="true"/>
    <property name="apple.awt.application.name" value="ForkedBooter"/>
    <property name="surefire.real.class.path" value="/Users/deca/Desktop/library-management-system/target/surefire/surefirebooter-20240516033958117_3.jar"/>
    <property name="sun.management.compiler" value="HotSpot 64-Bit Tiered Compilers"/>
    <property name="ftp.nonProxyHosts" value="local|*.local|169.254/16|*.169.254/16"/>
    <property name="java.runtime.version" value="21.0.1+12-29"/>
    <property name="user.name" value="deca"/>
    <property name="stdout.encoding" value="UTF-8"/>
    <property name="path.separator" value=":"/>
    <property name="os.version" value="12.7.1"/>
    <property name="java.runtime.name" value="OpenJDK Runtime Environment"/>
    <property name="file.encoding" value="UTF-8"/>
    <property name="java.vm.name" value="OpenJDK 64-Bit Server VM"/>
    <property name="localRepository" value="/Users/deca/.m2/repository"/>
    <property name="java.vendor.url.bug" value="https://bugreport.java.com/bugreport/"/>
    <property name="java.io.tmpdir" value="/var/folders/ss/r2c3nk5n0pv_r2slcrwhcwt80000gp/T/"/>
    <property name="idea.version" value="2023.3.4"/>
    <property name="com.zaxxer.hikari.pool_number" value="25"/>
    <property name="java.version" value="21.0.1"/>
    <property name="user.dir" value="/Users/deca/Desktop/library-management-system"/>
    <property name="os.arch" value="x86_64"/>
    <property name="java.vm.specification.name" value="Java Virtual Machine Specification"/>
    <property name="PID" value="31379"/>
    <property name="CONSOLE_LOG_CHARSET" value="UTF-8"/>
    <property name="native.encoding" value="UTF-8"/>
    <property name="java.library.path" value="/Users/deca/Library/Java/Extensions:/Library/Java/Extensions:/Network/Library/Java/Extensions:/System/Library/Java/Extensions:/usr/lib/java:."/>
    <property name="java.vm.info" value="mixed mode, sharing"/>
    <property name="stderr.encoding" value="UTF-8"/>
    <property name="java.vendor" value="Oracle Corporation"/>
    <property name="java.vm.version" value="21.0.1+12-29"/>
    <property name="sun.io.unicode.encoding" value="UnicodeBig"/>
    <property name="socksNonProxyHosts" value="local|*.local|169.254/16|*.169.254/16"/>
    <property name="java.class.version" value="65.0"/>
    <property name="LOGGED_APPLICATION_NAME" value="[library-management-system] "/>
  </properties>
  <testcase name="testThatGetBookReturnsBookWhenBookExists" classname="com.library.management.controllers.BookControllerIntegrationTests" time="0.565">
    <system-out><![CDATA[2024-05-16T03:40:51.006+01:00  INFO 31379 --- [library-management-system] [           main] t.c.s.AnnotationConfigContextLoaderUtils : Could not detect default configuration classes for test class [com.library.management.controllers.BookControllerIntegrationTests]: BookControllerIntegrationTests does not declare any static, non-private, non-final, nested classes annotated with @Configuration.
2024-05-16T03:40:51.043+01:00  INFO 31379 --- [library-management-system] [           main] .b.t.c.SpringBootTestContextBootstrapper : Found @SpringBootConfiguration com.library.management.LibraryManagementSystemApplication for test class com.library.management.controllers.BookControllerIntegrationTests

  .   ____          _            __ _ _
 /\\ / ___'_ __ _ _(_)_ __  __ _ \ \ \ \
( ( )\___ | '_ | '_| | '_ \/ _` | \ \ \ \
 \\/  ___)| |_)| | | | | || (_| |  ) ) ) )
  '  |____| .__|_| |_|_| |_\__, | / / / /
 =========|_|==============|___/=/_/_/_/
 :: Spring Boot ::                (v3.2.1)

2024-05-16T03:40:51.079+01:00  INFO 31379 --- [library-management-system] [           main] c.l.m.c.BookControllerIntegrationTests   : Starting BookControllerIntegrationTests using Java 21.0.1 with PID 31379 (started by deca in /Users/deca/Desktop/library-management-system)
2024-05-16T03:40:51.079+01:00  INFO 31379 --- [library-management-system] [           main] c.l.m.c.BookControllerIntegrationTests   : No active profile set, falling back to 1 default profile: "default"
2024-05-16T03:40:51.471+01:00  INFO 31379 --- [library-management-system] [           main] .s.d.r.c.RepositoryConfigurationDelegate : Bootstrapping Spring Data JPA repositories in DEFAULT mode.
2024-05-16T03:40:51.491+01:00  INFO 31379 --- [library-management-system] [           main] .s.d.r.c.RepositoryConfigurationDelegate : Finished Spring Data repository scanning in 19 ms. Found 3 JPA repository interfaces.
2024-05-16T03:40:51.648+01:00  INFO 31379 --- [library-management-system] [           main] o.hibernate.jpa.internal.util.LogHelper  : HHH000204: Processing PersistenceUnitInfo [name: default]
2024-05-16T03:40:51.650+01:00  INFO 31379 --- [library-management-system] [           main] o.h.c.internal.RegionFactoryInitiator    : HHH000026: Second-level cache disabled
2024-05-16T03:40:51.654+01:00  INFO 31379 --- [library-management-system] [           main] o.s.o.j.p.SpringPersistenceUnitInfo      : No LoadTimeWeaver setup: ignoring JPA class transformer
2024-05-16T03:40:51.655+01:00  INFO 31379 --- [library-management-system] [           main] com.zaxxer.hikari.HikariDataSource       : HikariPool-13 - Starting...
2024-05-16T03:40:51.658+01:00  INFO 31379 --- [library-management-system] [           main] com.zaxxer.hikari.pool.HikariPool        : HikariPool-13 - Added connection com.mysql.cj.jdbc.ConnectionImpl@15295502
2024-05-16T03:40:51.658+01:00  INFO 31379 --- [library-management-system] [           main] com.zaxxer.hikari.HikariDataSource       : HikariPool-13 - Start completed.
2024-05-16T03:40:51.660+01:00  WARN 31379 --- [library-management-system] [           main] org.hibernate.dialect.Dialect            : HHH000511: The 5.5.0 version for [org.hibernate.dialect.MySQLDialect] is no longer supported, hence certain features may not work properly. The minimum supported version is 8.0.0. Check the community dialects project for available legacy versions.
2024-05-16T03:40:51.660+01:00  WARN 31379 --- [library-management-system] [           main] org.hibernate.orm.deprecation            : HHH90000025: MySQLDialect does not need to be specified explicitly using 'hibernate.dialect' (remove the property setting and it will be selected by default)
2024-05-16T03:40:51.743+01:00  INFO 31379 --- [library-management-system] [           main] o.h.e.t.j.p.i.JtaPlatformInitiator       : HHH000489: No JTA platform available (set 'hibernate.transaction.jta.platform' to enable JTA platform integration)
2024-05-16T03:40:51.789+01:00  INFO 31379 --- [library-management-system] [           main] j.LocalContainerEntityManagerFactoryBean : Initialized JPA EntityManagerFactory for persistence unit 'default'
2024-05-16T03:40:52.540+01:00  WARN 31379 --- [library-management-system] [           main] JpaBaseConfiguration$JpaWebConfiguration : spring.jpa.open-in-view is enabled by default. Therefore, database queries may be performed during view rendering. Explicitly configure spring.jpa.open-in-view to disable this warning
2024-05-16T03:40:53.324+01:00  INFO 31379 --- [library-management-system] [           main] o.s.b.t.m.w.SpringBootMockServletContext : Initializing Spring TestDispatcherServlet ''
2024-05-16T03:40:53.325+01:00  INFO 31379 --- [library-management-system] [           main] o.s.t.web.servlet.TestDispatcherServlet  : Initializing Servlet ''
2024-05-16T03:40:53.330+01:00  INFO 31379 --- [library-management-system] [           main] o.s.t.web.servlet.TestDispatcherServlet  : Completed initialization in 1 ms
2024-05-16T03:40:53.347+01:00  INFO 31379 --- [library-management-system] [           main] c.l.m.c.BookControllerIntegrationTests   : Started BookControllerIntegrationTests in 2.3 seconds (process running for 55.011)
Hibernate: select bre1_0.id,bre1_0.book_id,bre1_0.borrowing_date,bre1_0.patron_id,bre1_0.return_date from borrowing_records bre1_0
Hibernate: select be1_0.id,be1_0.author,be1_0.borrowed,be1_0.isbn,be1_0.publication_year,be1_0.title from books be1_0 where be1_0.id=?
Hibernate: select pe1_0.id,pe1_0.contact_information,pe1_0.name from patrons pe1_0 where pe1_0.id=?
deleteAll service method executed. And returned: null
Execution time: 7ms
Hibernate: select be1_0.id,be1_0.author,be1_0.borrowed,be1_0.isbn,be1_0.publication_year,be1_0.title from books be1_0
deleteAll service method executed. And returned: null
Execution time: 0ms
Hibernate: select next_val as id_val from book_id_seq for update
Hibernate: update book_id_seq set next_val= ? where next_val=?
save service method executed. And returned: BookDto(id=2852, title=The Shadow in the Attic, author=Sila Sea, publicationYear=2005, isbn=9781234567890, borrowed=false)
Execution time: 3ms
findOne service method executed. And returned: Optional[BookDto(id=2852, title=The Shadow in the Attic, author=Sila Sea, publicationYear=2005, isbn=9781234567890, borrowed=false)]
Execution time: 0ms
getBookById controller method executed!
Execution time: 0ms
2024-05-16T03:40:53.914+01:00  INFO 31379 --- [library-management-system] [           main] j.LocalContainerEntityManagerFactoryBean : Closing JPA EntityManagerFactory for persistence unit 'default'
2024-05-16T03:40:53.915+01:00  INFO 31379 --- [library-management-system] [           main] com.zaxxer.hikari.HikariDataSource       : HikariPool-13 - Shutdown initiated...
2024-05-16T03:40:53.917+01:00  INFO 31379 --- [library-management-system] [           main] com.zaxxer.hikari.HikariDataSource       : HikariPool-13 - Shutdown completed.
]]></system-out>
  </testcase>
  <testcase name="testThatCreateBookWithExistingISBNReturnsHttpConflict" classname="com.library.management.controllers.BookControllerIntegrationTests" time="0.157">
    <system-out><![CDATA[
  .   ____          _            __ _ _
 /\\ / ___'_ __ _ _(_)_ __  __ _ \ \ \ \
( ( )\___ | '_ | '_| | '_ \/ _` | \ \ \ \
 \\/  ___)| |_)| | | | | || (_| |  ) ) ) )
  '  |____| .__|_| |_|_| |_\__, | / / / /
 =========|_|==============|___/=/_/_/_/
 :: Spring Boot ::                (v3.2.1)

2024-05-16T03:40:53.954+01:00  INFO 31379 --- [library-management-system] [           main] c.l.m.c.BookControllerIntegrationTests   : Starting BookControllerIntegrationTests using Java 21.0.1 with PID 31379 (started by deca in /Users/deca/Desktop/library-management-system)
2024-05-16T03:40:53.955+01:00  INFO 31379 --- [library-management-system] [           main] c.l.m.c.BookControllerIntegrationTests   : No active profile set, falling back to 1 default profile: "default"
2024-05-16T03:40:54.276+01:00  INFO 31379 --- [library-management-system] [           main] .s.d.r.c.RepositoryConfigurationDelegate : Bootstrapping Spring Data JPA repositories in DEFAULT mode.
2024-05-16T03:40:54.298+01:00  INFO 31379 --- [library-management-system] [           main] .s.d.r.c.RepositoryConfigurationDelegate : Finished Spring Data repository scanning in 21 ms. Found 3 JPA repository interfaces.
2024-05-16T03:40:54.469+01:00  INFO 31379 --- [library-management-system] [           main] o.hibernate.jpa.internal.util.LogHelper  : HHH000204: Processing PersistenceUnitInfo [name: default]
2024-05-16T03:40:54.472+01:00  INFO 31379 --- [library-management-system] [           main] o.h.c.internal.RegionFactoryInitiator    : HHH000026: Second-level cache disabled
2024-05-16T03:40:54.476+01:00  INFO 31379 --- [library-management-system] [           main] o.s.o.j.p.SpringPersistenceUnitInfo      : No LoadTimeWeaver setup: ignoring JPA class transformer
2024-05-16T03:40:54.477+01:00  INFO 31379 --- [library-management-system] [           main] com.zaxxer.hikari.HikariDataSource       : HikariPool-14 - Starting...
2024-05-16T03:40:54.484+01:00  INFO 31379 --- [library-management-system] [           main] com.zaxxer.hikari.pool.HikariPool        : HikariPool-14 - Added connection com.mysql.cj.jdbc.ConnectionImpl@dd17612
2024-05-16T03:40:54.484+01:00  INFO 31379 --- [library-management-system] [           main] com.zaxxer.hikari.HikariDataSource       : HikariPool-14 - Start completed.
2024-05-16T03:40:54.486+01:00  WARN 31379 --- [library-management-system] [           main] org.hibernate.dialect.Dialect            : HHH000511: The 5.5.0 version for [org.hibernate.dialect.MySQLDialect] is no longer supported, hence certain features may not work properly. The minimum supported version is 8.0.0. Check the community dialects project for available legacy versions.
2024-05-16T03:40:54.486+01:00  WARN 31379 --- [library-management-system] [           main] org.hibernate.orm.deprecation            : HHH90000025: MySQLDialect does not need to be specified explicitly using 'hibernate.dialect' (remove the property setting and it will be selected by default)
2024-05-16T03:40:54.584+01:00  INFO 31379 --- [library-management-system] [           main] o.h.e.t.j.p.i.JtaPlatformInitiator       : HHH000489: No JTA platform available (set 'hibernate.transaction.jta.platform' to enable JTA platform integration)
2024-05-16T03:40:54.639+01:00  INFO 31379 --- [library-management-system] [           main] j.LocalContainerEntityManagerFactoryBean : Initialized JPA EntityManagerFactory for persistence unit 'default'
2024-05-16T03:40:55.399+01:00  WARN 31379 --- [library-management-system] [           main] JpaBaseConfiguration$JpaWebConfiguration : spring.jpa.open-in-view is enabled by default. Therefore, database queries may be performed during view rendering. Explicitly configure spring.jpa.open-in-view to disable this warning
2024-05-16T03:40:56.342+01:00  INFO 31379 --- [library-management-system] [           main] o.s.b.t.m.w.SpringBootMockServletContext : Initializing Spring TestDispatcherServlet ''
2024-05-16T03:40:56.342+01:00  INFO 31379 --- [library-management-system] [           main] o.s.t.web.servlet.TestDispatcherServlet  : Initializing Servlet ''
2024-05-16T03:40:56.344+01:00  INFO 31379 --- [library-management-system] [           main] o.s.t.web.servlet.TestDispatcherServlet  : Completed initialization in 2 ms
2024-05-16T03:40:56.353+01:00  INFO 31379 --- [library-management-system] [           main] c.l.m.c.BookControllerIntegrationTests   : Started BookControllerIntegrationTests in 2.433 seconds (process running for 58.017)
Hibernate: select bre1_0.id,bre1_0.book_id,bre1_0.borrowing_date,bre1_0.patron_id,bre1_0.return_date from borrowing_records bre1_0
Hibernate: select be1_0.id,be1_0.author,be1_0.borrowed,be1_0.isbn,be1_0.publication_year,be1_0.title from books be1_0 where be1_0.id=?
Hibernate: select pe1_0.id,pe1_0.contact_information,pe1_0.name from patrons pe1_0 where pe1_0.id=?
deleteAll service method executed. And returned: null
Execution time: 0ms
Hibernate: select be1_0.id,be1_0.author,be1_0.borrowed,be1_0.isbn,be1_0.publication_year,be1_0.title from books be1_0
deleteAll service method executed. And returned: null
Execution time: 0ms
Hibernate: select next_val as id_val from book_id_seq for update
Hibernate: update book_id_seq set next_val= ? where next_val=?
save service method executed. And returned: BookDto(id=2902, title=Beyond the Horizon, author=John Writer, publicationYear=2010, isbn=9782345678901, borrowed=false)
Execution time: 0ms
Hibernate: insert into books (author,borrowed,isbn,publication_year,title,id) values (?,?,?,?,?,?)
Hibernate: delete from borrowing_records where id=?
Hibernate: delete from books where id=?
Hibernate: select be1_0.id,be1_0.author,be1_0.borrowed,be1_0.isbn,be1_0.publication_year,be1_0.title from books be1_0 where be1_0.isbn=?
isExists service method executed. And returned: true
Execution time: 0ms
createBook controller method executed!
Execution time: 0ms
2024-05-16T03:40:56.509+01:00  INFO 31379 --- [library-management-system] [           main] j.LocalContainerEntityManagerFactoryBean : Closing JPA EntityManagerFactory for persistence unit 'default'
2024-05-16T03:40:56.510+01:00  INFO 31379 --- [library-management-system] [           main] com.zaxxer.hikari.HikariDataSource       : HikariPool-14 - Shutdown initiated...
2024-05-16T03:40:56.514+01:00  INFO 31379 --- [library-management-system] [           main] com.zaxxer.hikari.HikariDataSource       : HikariPool-14 - Shutdown completed.
]]></system-out>
  </testcase>
  <testcase name="testThatGetAllBooksReturnsHttpStatus200" classname="com.library.management.controllers.BookControllerIntegrationTests" time="0.049">
    <system-out><![CDATA[
  .   ____          _            __ _ _
 /\\ / ___'_ __ _ _(_)_ __  __ _ \ \ \ \
( ( )\___ | '_ | '_| | '_ \/ _` | \ \ \ \
 \\/  ___)| |_)| | | | | || (_| |  ) ) ) )
  '  |____| .__|_| |_|_| |_\__, | / / / /
 =========|_|==============|___/=/_/_/_/
 :: Spring Boot ::                (v3.2.1)

2024-05-16T03:40:56.540+01:00  INFO 31379 --- [library-management-system] [           main] c.l.m.c.BookControllerIntegrationTests   : Starting BookControllerIntegrationTests using Java 21.0.1 with PID 31379 (started by deca in /Users/deca/Desktop/library-management-system)
2024-05-16T03:40:56.540+01:00  INFO 31379 --- [library-management-system] [           main] c.l.m.c.BookControllerIntegrationTests   : No active profile set, falling back to 1 default profile: "default"
2024-05-16T03:40:56.819+01:00  INFO 31379 --- [library-management-system] [           main] .s.d.r.c.RepositoryConfigurationDelegate : Bootstrapping Spring Data JPA repositories in DEFAULT mode.
2024-05-16T03:40:56.833+01:00  INFO 31379 --- [library-management-system] [           main] .s.d.r.c.RepositoryConfigurationDelegate : Finished Spring Data repository scanning in 14 ms. Found 3 JPA repository interfaces.
2024-05-16T03:40:57.067+01:00  INFO 31379 --- [library-management-system] [           main] o.hibernate.jpa.internal.util.LogHelper  : HHH000204: Processing PersistenceUnitInfo [name: default]
2024-05-16T03:40:57.069+01:00  INFO 31379 --- [library-management-system] [           main] o.h.c.internal.RegionFactoryInitiator    : HHH000026: Second-level cache disabled
2024-05-16T03:40:57.073+01:00  INFO 31379 --- [library-management-system] [           main] o.s.o.j.p.SpringPersistenceUnitInfo      : No LoadTimeWeaver setup: ignoring JPA class transformer
2024-05-16T03:40:57.126+01:00  INFO 31379 --- [library-management-system] [           main] com.zaxxer.hikari.HikariDataSource       : HikariPool-15 - Starting...
2024-05-16T03:40:57.132+01:00  INFO 31379 --- [library-management-system] [           main] com.zaxxer.hikari.pool.HikariPool        : HikariPool-15 - Added connection com.mysql.cj.jdbc.ConnectionImpl@44f6b9c5
2024-05-16T03:40:57.132+01:00  INFO 31379 --- [library-management-system] [           main] com.zaxxer.hikari.HikariDataSource       : HikariPool-15 - Start completed.
2024-05-16T03:40:57.133+01:00  WARN 31379 --- [library-management-system] [           main] org.hibernate.dialect.Dialect            : HHH000511: The 5.5.0 version for [org.hibernate.dialect.MySQLDialect] is no longer supported, hence certain features may not work properly. The minimum supported version is 8.0.0. Check the community dialects project for available legacy versions.
2024-05-16T03:40:57.133+01:00  WARN 31379 --- [library-management-system] [           main] org.hibernate.orm.deprecation            : HHH90000025: MySQLDialect does not need to be specified explicitly using 'hibernate.dialect' (remove the property setting and it will be selected by default)
2024-05-16T03:40:57.227+01:00  INFO 31379 --- [library-management-system] [           main] o.h.e.t.j.p.i.JtaPlatformInitiator       : HHH000489: No JTA platform available (set 'hibernate.transaction.jta.platform' to enable JTA platform integration)
2024-05-16T03:40:57.273+01:00  INFO 31379 --- [library-management-system] [           main] j.LocalContainerEntityManagerFactoryBean : Initialized JPA EntityManagerFactory for persistence unit 'default'
2024-05-16T03:40:57.980+01:00  WARN 31379 --- [library-management-system] [           main] JpaBaseConfiguration$JpaWebConfiguration : spring.jpa.open-in-view is enabled by default. Therefore, database queries may be performed during view rendering. Explicitly configure spring.jpa.open-in-view to disable this warning
2024-05-16T03:40:58.883+01:00  INFO 31379 --- [library-management-system] [           main] o.s.b.t.m.w.SpringBootMockServletContext : Initializing Spring TestDispatcherServlet ''
2024-05-16T03:40:58.883+01:00  INFO 31379 --- [library-management-system] [           main] o.s.t.web.servlet.TestDispatcherServlet  : Initializing Servlet ''
2024-05-16T03:40:58.884+01:00  INFO 31379 --- [library-management-system] [           main] o.s.t.web.servlet.TestDispatcherServlet  : Completed initialization in 1 ms
2024-05-16T03:40:58.894+01:00  INFO 31379 --- [library-management-system] [           main] c.l.m.c.BookControllerIntegrationTests   : Started BookControllerIntegrationTests in 2.376 seconds (process running for 60.558)
Hibernate: select bre1_0.id,bre1_0.book_id,bre1_0.borrowing_date,bre1_0.patron_id,bre1_0.return_date from borrowing_records bre1_0
Hibernate: select be1_0.id,be1_0.author,be1_0.borrowed,be1_0.isbn,be1_0.publication_year,be1_0.title from books be1_0 where be1_0.id=?
Hibernate: select pe1_0.id,pe1_0.contact_information,pe1_0.name from patrons pe1_0 where pe1_0.id=?
deleteAll service method executed. And returned: null
Execution time: 0ms
Hibernate: select be1_0.id,be1_0.author,be1_0.borrowed,be1_0.isbn,be1_0.publication_year,be1_0.title from books be1_0
deleteAll service method executed. And returned: null
Execution time: 0ms
Hibernate: delete from borrowing_records where id=?
Hibernate: delete from books where id=?
Hibernate: select be1_0.id,be1_0.author,be1_0.borrowed,be1_0.isbn,be1_0.publication_year,be1_0.title from books be1_0
findAll service method executed. And returned: []
Execution time: 0ms
getAllBooks controller method executed!
Execution time: 0ms
2024-05-16T03:40:58.947+01:00  INFO 31379 --- [library-management-system] [           main] j.LocalContainerEntityManagerFactoryBean : Closing JPA EntityManagerFactory for persistence unit 'default'
2024-05-16T03:40:58.948+01:00  INFO 31379 --- [library-management-system] [           main] com.zaxxer.hikari.HikariDataSource       : HikariPool-15 - Shutdown initiated...
2024-05-16T03:40:58.949+01:00  INFO 31379 --- [library-management-system] [           main] com.zaxxer.hikari.HikariDataSource       : HikariPool-15 - Shutdown completed.
]]></system-out>
  </testcase>
  <testcase name="testThatGetBookReturnsHttpStatus404WhenNoBookExists" classname="com.library.management.controllers.BookControllerIntegrationTests" time="0.037">
    <system-out><![CDATA[
  .   ____          _            __ _ _
 /\\ / ___'_ __ _ _(_)_ __  __ _ \ \ \ \
( ( )\___ | '_ | '_| | '_ \/ _` | \ \ \ \
 \\/  ___)| |_)| | | | | || (_| |  ) ) ) )
  '  |____| .__|_| |_|_| |_\__, | / / / /
 =========|_|==============|___/=/_/_/_/
 :: Spring Boot ::                (v3.2.1)

2024-05-16T03:40:58.972+01:00  INFO 31379 --- [library-management-system] [           main] c.l.m.c.BookControllerIntegrationTests   : Starting BookControllerIntegrationTests using Java 21.0.1 with PID 31379 (started by deca in /Users/deca/Desktop/library-management-system)
2024-05-16T03:40:58.973+01:00  INFO 31379 --- [library-management-system] [           main] c.l.m.c.BookControllerIntegrationTests   : No active profile set, falling back to 1 default profile: "default"
2024-05-16T03:40:59.242+01:00  INFO 31379 --- [library-management-system] [           main] .s.d.r.c.RepositoryConfigurationDelegate : Bootstrapping Spring Data JPA repositories in DEFAULT mode.
2024-05-16T03:40:59.258+01:00  INFO 31379 --- [library-management-system] [           main] .s.d.r.c.RepositoryConfigurationDelegate : Finished Spring Data repository scanning in 16 ms. Found 3 JPA repository interfaces.
2024-05-16T03:40:59.422+01:00  INFO 31379 --- [library-management-system] [           main] o.hibernate.jpa.internal.util.LogHelper  : HHH000204: Processing PersistenceUnitInfo [name: default]
2024-05-16T03:40:59.425+01:00  INFO 31379 --- [library-management-system] [           main] o.h.c.internal.RegionFactoryInitiator    : HHH000026: Second-level cache disabled
2024-05-16T03:40:59.432+01:00  INFO 31379 --- [library-management-system] [           main] o.s.o.j.p.SpringPersistenceUnitInfo      : No LoadTimeWeaver setup: ignoring JPA class transformer
2024-05-16T03:40:59.433+01:00  INFO 31379 --- [library-management-system] [           main] com.zaxxer.hikari.HikariDataSource       : HikariPool-16 - Starting...
2024-05-16T03:40:59.436+01:00  INFO 31379 --- [library-management-system] [           main] com.zaxxer.hikari.pool.HikariPool        : HikariPool-16 - Added connection com.mysql.cj.jdbc.ConnectionImpl@78ac7a35
2024-05-16T03:40:59.436+01:00  INFO 31379 --- [library-management-system] [           main] com.zaxxer.hikari.HikariDataSource       : HikariPool-16 - Start completed.
2024-05-16T03:40:59.437+01:00  WARN 31379 --- [library-management-system] [           main] org.hibernate.dialect.Dialect            : HHH000511: The 5.5.0 version for [org.hibernate.dialect.MySQLDialect] is no longer supported, hence certain features may not work properly. The minimum supported version is 8.0.0. Check the community dialects project for available legacy versions.
2024-05-16T03:40:59.438+01:00  WARN 31379 --- [library-management-system] [           main] org.hibernate.orm.deprecation            : HHH90000025: MySQLDialect does not need to be specified explicitly using 'hibernate.dialect' (remove the property setting and it will be selected by default)
2024-05-16T03:40:59.516+01:00  INFO 31379 --- [library-management-system] [           main] o.h.e.t.j.p.i.JtaPlatformInitiator       : HHH000489: No JTA platform available (set 'hibernate.transaction.jta.platform' to enable JTA platform integration)
2024-05-16T03:40:59.570+01:00  INFO 31379 --- [library-management-system] [           main] j.LocalContainerEntityManagerFactoryBean : Initialized JPA EntityManagerFactory for persistence unit 'default'
2024-05-16T03:41:00.107+01:00  WARN 31379 --- [library-management-system] [           main] JpaBaseConfiguration$JpaWebConfiguration : spring.jpa.open-in-view is enabled by default. Therefore, database queries may be performed during view rendering. Explicitly configure spring.jpa.open-in-view to disable this warning
2024-05-16T03:41:00.880+01:00  INFO 31379 --- [library-management-system] [           main] o.s.b.t.m.w.SpringBootMockServletContext : Initializing Spring TestDispatcherServlet ''
2024-05-16T03:41:00.880+01:00  INFO 31379 --- [library-management-system] [           main] o.s.t.web.servlet.TestDispatcherServlet  : Initializing Servlet ''
2024-05-16T03:41:00.881+01:00  INFO 31379 --- [library-management-system] [           main] o.s.t.web.servlet.TestDispatcherServlet  : Completed initialization in 1 ms
2024-05-16T03:41:00.889+01:00  INFO 31379 --- [library-management-system] [           main] c.l.m.c.BookControllerIntegrationTests   : Started BookControllerIntegrationTests in 1.938 seconds (process running for 62.553)
Hibernate: select bre1_0.id,bre1_0.book_id,bre1_0.borrowing_date,bre1_0.patron_id,bre1_0.return_date from borrowing_records bre1_0
Hibernate: select be1_0.id,be1_0.author,be1_0.borrowed,be1_0.isbn,be1_0.publication_year,be1_0.title from books be1_0 where be1_0.id=?
Hibernate: select pe1_0.id,pe1_0.contact_information,pe1_0.name from patrons pe1_0 where pe1_0.id=?
deleteAll service method executed. And returned: null
Execution time: 0ms
Hibernate: select be1_0.id,be1_0.author,be1_0.borrowed,be1_0.isbn,be1_0.publication_year,be1_0.title from books be1_0
deleteAll service method executed. And returned: null
Execution time: 0ms
Hibernate: select be1_0.id,be1_0.author,be1_0.borrowed,be1_0.isbn,be1_0.publication_year,be1_0.title from books be1_0 where be1_0.id=?
findOne service method executed. And returned: Optional.empty
Execution time: 0ms
getBookById controller method executed!
Execution time: 0ms
2024-05-16T03:41:00.930+01:00  INFO 31379 --- [library-management-system] [           main] j.LocalContainerEntityManagerFactoryBean : Closing JPA EntityManagerFactory for persistence unit 'default'
2024-05-16T03:41:00.931+01:00  INFO 31379 --- [library-management-system] [           main] com.zaxxer.hikari.HikariDataSource       : HikariPool-16 - Shutdown initiated...
2024-05-16T03:41:00.932+01:00  INFO 31379 --- [library-management-system] [           main] com.zaxxer.hikari.HikariDataSource       : HikariPool-16 - Shutdown completed.
]]></system-out>
  </testcase>
  <testcase name="testThatCreateBookSuccessfullyReturnsSavedBook" classname="com.library.management.controllers.BookControllerIntegrationTests" time="0.103">
    <system-out><![CDATA[
  .   ____          _            __ _ _
 /\\ / ___'_ __ _ _(_)_ __  __ _ \ \ \ \
( ( )\___ | '_ | '_| | '_ \/ _` | \ \ \ \
 \\/  ___)| |_)| | | | | || (_| |  ) ) ) )
  '  |____| .__|_| |_|_| |_\__, | / / / /
 =========|_|==============|___/=/_/_/_/
 :: Spring Boot ::                (v3.2.1)

2024-05-16T03:41:00.957+01:00  INFO 31379 --- [library-management-system] [           main] c.l.m.c.BookControllerIntegrationTests   : Starting BookControllerIntegrationTests using Java 21.0.1 with PID 31379 (started by deca in /Users/deca/Desktop/library-management-system)
2024-05-16T03:41:00.957+01:00  INFO 31379 --- [library-management-system] [           main] c.l.m.c.BookControllerIntegrationTests   : No active profile set, falling back to 1 default profile: "default"
2024-05-16T03:41:01.223+01:00  INFO 31379 --- [library-management-system] [           main] .s.d.r.c.RepositoryConfigurationDelegate : Bootstrapping Spring Data JPA repositories in DEFAULT mode.
2024-05-16T03:41:01.239+01:00  INFO 31379 --- [library-management-system] [           main] .s.d.r.c.RepositoryConfigurationDelegate : Finished Spring Data repository scanning in 15 ms. Found 3 JPA repository interfaces.
2024-05-16T03:41:01.485+01:00  INFO 31379 --- [library-management-system] [           main] o.hibernate.jpa.internal.util.LogHelper  : HHH000204: Processing PersistenceUnitInfo [name: default]
2024-05-16T03:41:01.489+01:00  INFO 31379 --- [library-management-system] [           main] o.h.c.internal.RegionFactoryInitiator    : HHH000026: Second-level cache disabled
2024-05-16T03:41:01.492+01:00  INFO 31379 --- [library-management-system] [           main] o.s.o.j.p.SpringPersistenceUnitInfo      : No LoadTimeWeaver setup: ignoring JPA class transformer
2024-05-16T03:41:01.493+01:00  INFO 31379 --- [library-management-system] [           main] com.zaxxer.hikari.HikariDataSource       : HikariPool-17 - Starting...
2024-05-16T03:41:01.499+01:00  INFO 31379 --- [library-management-system] [           main] com.zaxxer.hikari.pool.HikariPool        : HikariPool-17 - Added connection com.mysql.cj.jdbc.ConnectionImpl@e2acc49
2024-05-16T03:41:01.500+01:00  INFO 31379 --- [library-management-system] [           main] com.zaxxer.hikari.HikariDataSource       : HikariPool-17 - Start completed.
2024-05-16T03:41:01.501+01:00  WARN 31379 --- [library-management-system] [           main] org.hibernate.dialect.Dialect            : HHH000511: The 5.5.0 version for [org.hibernate.dialect.MySQLDialect] is no longer supported, hence certain features may not work properly. The minimum supported version is 8.0.0. Check the community dialects project for available legacy versions.
2024-05-16T03:41:01.501+01:00  WARN 31379 --- [library-management-system] [           main] org.hibernate.orm.deprecation            : HHH90000025: MySQLDialect does not need to be specified explicitly using 'hibernate.dialect' (remove the property setting and it will be selected by default)
2024-05-16T03:41:01.570+01:00  INFO 31379 --- [library-management-system] [           main] o.h.e.t.j.p.i.JtaPlatformInitiator       : HHH000489: No JTA platform available (set 'hibernate.transaction.jta.platform' to enable JTA platform integration)
2024-05-16T03:41:01.616+01:00  INFO 31379 --- [library-management-system] [           main] j.LocalContainerEntityManagerFactoryBean : Initialized JPA EntityManagerFactory for persistence unit 'default'
2024-05-16T03:41:02.136+01:00  WARN 31379 --- [library-management-system] [           main] JpaBaseConfiguration$JpaWebConfiguration : spring.jpa.open-in-view is enabled by default. Therefore, database queries may be performed during view rendering. Explicitly configure spring.jpa.open-in-view to disable this warning
2024-05-16T03:41:02.871+01:00  INFO 31379 --- [library-management-system] [           main] o.s.b.t.m.w.SpringBootMockServletContext : Initializing Spring TestDispatcherServlet ''
2024-05-16T03:41:02.871+01:00  INFO 31379 --- [library-management-system] [           main] o.s.t.web.servlet.TestDispatcherServlet  : Initializing Servlet ''
2024-05-16T03:41:02.872+01:00  INFO 31379 --- [library-management-system] [           main] o.s.t.web.servlet.TestDispatcherServlet  : Completed initialization in 1 ms
2024-05-16T03:41:02.884+01:00  INFO 31379 --- [library-management-system] [           main] c.l.m.c.BookControllerIntegrationTests   : Started BookControllerIntegrationTests in 1.95 seconds (process running for 64.548)
Hibernate: select bre1_0.id,bre1_0.book_id,bre1_0.borrowing_date,bre1_0.patron_id,bre1_0.return_date from borrowing_records bre1_0
Hibernate: select be1_0.id,be1_0.author,be1_0.borrowed,be1_0.isbn,be1_0.publication_year,be1_0.title from books be1_0 where be1_0.id=?
Hibernate: select pe1_0.id,pe1_0.contact_information,pe1_0.name from patrons pe1_0 where pe1_0.id=?
deleteAll service method executed. And returned: null
Execution time: 0ms
Hibernate: select be1_0.id,be1_0.author,be1_0.borrowed,be1_0.isbn,be1_0.publication_year,be1_0.title from books be1_0
deleteAll service method executed. And returned: null
Execution time: 1ms
Hibernate: delete from borrowing_records where id=?
Hibernate: delete from books where id=?
Hibernate: select be1_0.id,be1_0.author,be1_0.borrowed,be1_0.isbn,be1_0.publication_year,be1_0.title from books be1_0 where be1_0.isbn=?
isExists service method executed. And returned: false
Execution time: 0ms
Hibernate: select next_val as id_val from book_id_seq for update
Hibernate: update book_id_seq set next_val= ? where next_val=?
save service method executed. And returned: BookDto(id=2952, title=The Shadow in the Attic, author=Sila Sea, publicationYear=2005, isbn=9781234567890, borrowed=false)
Execution time: 0ms
createBook controller method executed!
Execution time: 0ms
2024-05-16T03:41:02.987+01:00  INFO 31379 --- [library-management-system] [           main] j.LocalContainerEntityManagerFactoryBean : Closing JPA EntityManagerFactory for persistence unit 'default'
2024-05-16T03:41:02.988+01:00  INFO 31379 --- [library-management-system] [           main] com.zaxxer.hikari.HikariDataSource       : HikariPool-17 - Shutdown initiated...
2024-05-16T03:41:02.990+01:00  INFO 31379 --- [library-management-system] [           main] com.zaxxer.hikari.HikariDataSource       : HikariPool-17 - Shutdown completed.
]]></system-out>
  </testcase>
  <testcase name="testThatDeleteBookReturnsHttpStatus204ForExistingBook" classname="com.library.management.controllers.BookControllerIntegrationTests" time="0.534">
    <system-out><![CDATA[
  .   ____          _            __ _ _
 /\\ / ___'_ __ _ _(_)_ __  __ _ \ \ \ \
( ( )\___ | '_ | '_| | '_ \/ _` | \ \ \ \
 \\/  ___)| |_)| | | | | || (_| |  ) ) ) )
  '  |____| .__|_| |_|_| |_\__, | / / / /
 =========|_|==============|___/=/_/_/_/
 :: Spring Boot ::                (v3.2.1)

2024-05-16T03:41:03.026+01:00  INFO 31379 --- [library-management-system] [           main] c.l.m.c.BookControllerIntegrationTests   : Starting BookControllerIntegrationTests using Java 21.0.1 with PID 31379 (started by deca in /Users/deca/Desktop/library-management-system)
2024-05-16T03:41:03.026+01:00  INFO 31379 --- [library-management-system] [           main] c.l.m.c.BookControllerIntegrationTests   : No active profile set, falling back to 1 default profile: "default"
2024-05-16T03:41:03.413+01:00  INFO 31379 --- [library-management-system] [           main] .s.d.r.c.RepositoryConfigurationDelegate : Bootstrapping Spring Data JPA repositories in DEFAULT mode.
2024-05-16T03:41:03.444+01:00  INFO 31379 --- [library-management-system] [           main] .s.d.r.c.RepositoryConfigurationDelegate : Finished Spring Data repository scanning in 29 ms. Found 3 JPA repository interfaces.
2024-05-16T03:41:03.629+01:00  INFO 31379 --- [library-management-system] [           main] o.hibernate.jpa.internal.util.LogHelper  : HHH000204: Processing PersistenceUnitInfo [name: default]
2024-05-16T03:41:03.631+01:00  INFO 31379 --- [library-management-system] [           main] o.h.c.internal.RegionFactoryInitiator    : HHH000026: Second-level cache disabled
2024-05-16T03:41:03.636+01:00  INFO 31379 --- [library-management-system] [           main] o.s.o.j.p.SpringPersistenceUnitInfo      : No LoadTimeWeaver setup: ignoring JPA class transformer
2024-05-16T03:41:03.637+01:00  INFO 31379 --- [library-management-system] [           main] com.zaxxer.hikari.HikariDataSource       : HikariPool-18 - Starting...
2024-05-16T03:41:03.641+01:00  INFO 31379 --- [library-management-system] [           main] com.zaxxer.hikari.pool.HikariPool        : HikariPool-18 - Added connection com.mysql.cj.jdbc.ConnectionImpl@6383b7da
2024-05-16T03:41:03.642+01:00  INFO 31379 --- [library-management-system] [           main] com.zaxxer.hikari.HikariDataSource       : HikariPool-18 - Start completed.
2024-05-16T03:41:03.643+01:00  WARN 31379 --- [library-management-system] [           main] org.hibernate.dialect.Dialect            : HHH000511: The 5.5.0 version for [org.hibernate.dialect.MySQLDialect] is no longer supported, hence certain features may not work properly. The minimum supported version is 8.0.0. Check the community dialects project for available legacy versions.
2024-05-16T03:41:03.643+01:00  WARN 31379 --- [library-management-system] [           main] org.hibernate.orm.deprecation            : HHH90000025: MySQLDialect does not need to be specified explicitly using 'hibernate.dialect' (remove the property setting and it will be selected by default)
2024-05-16T03:41:03.724+01:00  INFO 31379 --- [library-management-system] [           main] o.h.e.t.j.p.i.JtaPlatformInitiator       : HHH000489: No JTA platform available (set 'hibernate.transaction.jta.platform' to enable JTA platform integration)
2024-05-16T03:41:03.767+01:00  INFO 31379 --- [library-management-system] [           main] j.LocalContainerEntityManagerFactoryBean : Initialized JPA EntityManagerFactory for persistence unit 'default'
2024-05-16T03:41:04.286+01:00  WARN 31379 --- [library-management-system] [           main] JpaBaseConfiguration$JpaWebConfiguration : spring.jpa.open-in-view is enabled by default. Therefore, database queries may be performed during view rendering. Explicitly configure spring.jpa.open-in-view to disable this warning
2024-05-16T03:41:04.984+01:00  INFO 31379 --- [library-management-system] [           main] o.s.b.t.m.w.SpringBootMockServletContext : Initializing Spring TestDispatcherServlet ''
2024-05-16T03:41:04.984+01:00  INFO 31379 --- [library-management-system] [           main] o.s.t.web.servlet.TestDispatcherServlet  : Initializing Servlet ''
2024-05-16T03:41:04.986+01:00  INFO 31379 --- [library-management-system] [           main] o.s.t.web.servlet.TestDispatcherServlet  : Completed initialization in 2 ms
2024-05-16T03:41:04.995+01:00  INFO 31379 --- [library-management-system] [           main] c.l.m.c.BookControllerIntegrationTests   : Started BookControllerIntegrationTests in 1.998 seconds (process running for 66.659)
Hibernate: select bre1_0.id,bre1_0.book_id,bre1_0.borrowing_date,bre1_0.patron_id,bre1_0.return_date from borrowing_records bre1_0
Hibernate: select be1_0.id,be1_0.author,be1_0.borrowed,be1_0.isbn,be1_0.publication_year,be1_0.title from books be1_0 where be1_0.id=?
Hibernate: select pe1_0.id,pe1_0.contact_information,pe1_0.name from patrons pe1_0 where pe1_0.id=?
deleteAll service method executed. And returned: null
Execution time: 0ms
Hibernate: select be1_0.id,be1_0.author,be1_0.borrowed,be1_0.isbn,be1_0.publication_year,be1_0.title from books be1_0
deleteAll service method executed. And returned: null
Execution time: 0ms
Hibernate: select next_val as id_val from book_id_seq for update
Hibernate: update book_id_seq set next_val= ? where next_val=?
save service method executed. And returned: BookDto(id=3002, title=Beyond the Horizon, author=John Writer, publicationYear=2010, isbn=9782345678901, borrowed=false)
Execution time: 0ms
Hibernate: insert into books (author,borrowed,isbn,publication_year,title,id) values (?,?,?,?,?,?)
Hibernate: delete from borrowing_records where id=?
Hibernate: delete from books where id=?
Hibernate: select count(*) from books be1_0 where be1_0.id=?
isExists service method executed. And returned: true
Execution time: 0ms
Hibernate: select count(*) from books be1_0 where be1_0.id=?
delete service method executed. And returned: null
Execution time: 0ms
deleteBook controller method executed!
Execution time: 0ms
2024-05-16T03:41:05.531+01:00  INFO 31379 --- [library-management-system] [           main] j.LocalContainerEntityManagerFactoryBean : Closing JPA EntityManagerFactory for persistence unit 'default'
2024-05-16T03:41:05.532+01:00  INFO 31379 --- [library-management-system] [           main] com.zaxxer.hikari.HikariDataSource       : HikariPool-18 - Shutdown initiated...
2024-05-16T03:41:05.533+01:00  INFO 31379 --- [library-management-system] [           main] com.zaxxer.hikari.HikariDataSource       : HikariPool-18 - Shutdown completed.
]]></system-out>
  </testcase>
  <testcase name="testThatDeleteBookReturnsHttpStatus204ForNonExistingBook" classname="com.library.management.controllers.BookControllerIntegrationTests" time="0.048">
    <system-out><![CDATA[
  .   ____          _            __ _ _
 /\\ / ___'_ __ _ _(_)_ __  __ _ \ \ \ \
( ( )\___ | '_ | '_| | '_ \/ _` | \ \ \ \
 \\/  ___)| |_)| | | | | || (_| |  ) ) ) )
  '  |____| .__|_| |_|_| |_\__, | / / / /
 =========|_|==============|___/=/_/_/_/
 :: Spring Boot ::                (v3.2.1)

2024-05-16T03:41:05.557+01:00  INFO 31379 --- [library-management-system] [           main] c.l.m.c.BookControllerIntegrationTests   : Starting BookControllerIntegrationTests using Java 21.0.1 with PID 31379 (started by deca in /Users/deca/Desktop/library-management-system)
2024-05-16T03:41:05.558+01:00  INFO 31379 --- [library-management-system] [           main] c.l.m.c.BookControllerIntegrationTests   : No active profile set, falling back to 1 default profile: "default"
2024-05-16T03:41:05.824+01:00  INFO 31379 --- [library-management-system] [           main] .s.d.r.c.RepositoryConfigurationDelegate : Bootstrapping Spring Data JPA repositories in DEFAULT mode.
2024-05-16T03:41:05.849+01:00  INFO 31379 --- [library-management-system] [           main] .s.d.r.c.RepositoryConfigurationDelegate : Finished Spring Data repository scanning in 24 ms. Found 3 JPA repository interfaces.
2024-05-16T03:41:05.986+01:00  INFO 31379 --- [library-management-system] [           main] o.hibernate.jpa.internal.util.LogHelper  : HHH000204: Processing PersistenceUnitInfo [name: default]
2024-05-16T03:41:05.988+01:00  INFO 31379 --- [library-management-system] [           main] o.h.c.internal.RegionFactoryInitiator    : HHH000026: Second-level cache disabled
2024-05-16T03:41:05.991+01:00  INFO 31379 --- [library-management-system] [           main] o.s.o.j.p.SpringPersistenceUnitInfo      : No LoadTimeWeaver setup: ignoring JPA class transformer
2024-05-16T03:41:05.992+01:00  INFO 31379 --- [library-management-system] [           main] com.zaxxer.hikari.HikariDataSource       : HikariPool-19 - Starting...
2024-05-16T03:41:05.998+01:00  INFO 31379 --- [library-management-system] [           main] com.zaxxer.hikari.pool.HikariPool        : HikariPool-19 - Added connection com.mysql.cj.jdbc.ConnectionImpl@5bbe22f
2024-05-16T03:41:05.999+01:00  INFO 31379 --- [library-management-system] [           main] com.zaxxer.hikari.HikariDataSource       : HikariPool-19 - Start completed.
2024-05-16T03:41:06.000+01:00  WARN 31379 --- [library-management-system] [           main] org.hibernate.dialect.Dialect            : HHH000511: The 5.5.0 version for [org.hibernate.dialect.MySQLDialect] is no longer supported, hence certain features may not work properly. The minimum supported version is 8.0.0. Check the community dialects project for available legacy versions.
2024-05-16T03:41:06.001+01:00  WARN 31379 --- [library-management-system] [           main] org.hibernate.orm.deprecation            : HHH90000025: MySQLDialect does not need to be specified explicitly using 'hibernate.dialect' (remove the property setting and it will be selected by default)
2024-05-16T03:41:06.087+01:00  INFO 31379 --- [library-management-system] [           main] o.h.e.t.j.p.i.JtaPlatformInitiator       : HHH000489: No JTA platform available (set 'hibernate.transaction.jta.platform' to enable JTA platform integration)
2024-05-16T03:41:06.124+01:00  INFO 31379 --- [library-management-system] [           main] j.LocalContainerEntityManagerFactoryBean : Initialized JPA EntityManagerFactory for persistence unit 'default'
2024-05-16T03:41:06.636+01:00  WARN 31379 --- [library-management-system] [           main] JpaBaseConfiguration$JpaWebConfiguration : spring.jpa.open-in-view is enabled by default. Therefore, database queries may be performed during view rendering. Explicitly configure spring.jpa.open-in-view to disable this warning
2024-05-16T03:41:07.344+01:00  INFO 31379 --- [library-management-system] [           main] o.s.b.t.m.w.SpringBootMockServletContext : Initializing Spring TestDispatcherServlet ''
2024-05-16T03:41:07.344+01:00  INFO 31379 --- [library-management-system] [           main] o.s.t.web.servlet.TestDispatcherServlet  : Initializing Servlet ''
2024-05-16T03:41:07.347+01:00  INFO 31379 --- [library-management-system] [           main] o.s.t.web.servlet.TestDispatcherServlet  : Completed initialization in 3 ms
2024-05-16T03:41:07.355+01:00  INFO 31379 --- [library-management-system] [           main] c.l.m.c.BookControllerIntegrationTests   : Started BookControllerIntegrationTests in 1.82 seconds (process running for 69.019)
Hibernate: select bre1_0.id,bre1_0.book_id,bre1_0.borrowing_date,bre1_0.patron_id,bre1_0.return_date from borrowing_records bre1_0
Hibernate: select be1_0.id,be1_0.author,be1_0.borrowed,be1_0.isbn,be1_0.publication_year,be1_0.title from books be1_0 where be1_0.id=?
Hibernate: select pe1_0.id,pe1_0.contact_information,pe1_0.name from patrons pe1_0 where pe1_0.id=?
deleteAll service method executed. And returned: null
Execution time: 0ms
Hibernate: select be1_0.id,be1_0.author,be1_0.borrowed,be1_0.isbn,be1_0.publication_year,be1_0.title from books be1_0
deleteAll service method executed. And returned: null
Execution time: 0ms
Hibernate: delete from borrowing_records where id=?
Hibernate: delete from books where id=?
Hibernate: select count(*) from books be1_0 where be1_0.id=?
isExists service method executed. And returned: false
Execution time: 0ms
deleteBook controller method executed!
Execution time: 0ms
2024-05-16T03:41:07.406+01:00  INFO 31379 --- [library-management-system] [           main] j.LocalContainerEntityManagerFactoryBean : Closing JPA EntityManagerFactory for persistence unit 'default'
2024-05-16T03:41:07.406+01:00  INFO 31379 --- [library-management-system] [           main] com.zaxxer.hikari.HikariDataSource       : HikariPool-19 - Shutdown initiated...
2024-05-16T03:41:07.408+01:00  INFO 31379 --- [library-management-system] [           main] com.zaxxer.hikari.HikariDataSource       : HikariPool-19 - Shutdown completed.
]]></system-out>
  </testcase>
  <testcase name="testThatUpdateBookReturnsHttpStatus404WhenNoBookExists" classname="com.library.management.controllers.BookControllerIntegrationTests" time="0.057">
    <system-out><![CDATA[
  .   ____          _            __ _ _
 /\\ / ___'_ __ _ _(_)_ __  __ _ \ \ \ \
( ( )\___ | '_ | '_| | '_ \/ _` | \ \ \ \
 \\/  ___)| |_)| | | | | || (_| |  ) ) ) )
  '  |____| .__|_| |_|_| |_\__, | / / / /
 =========|_|==============|___/=/_/_/_/
 :: Spring Boot ::                (v3.2.1)

2024-05-16T03:41:07.431+01:00  INFO 31379 --- [library-management-system] [           main] c.l.m.c.BookControllerIntegrationTests   : Starting BookControllerIntegrationTests using Java 21.0.1 with PID 31379 (started by deca in /Users/deca/Desktop/library-management-system)
2024-05-16T03:41:07.432+01:00  INFO 31379 --- [library-management-system] [           main] c.l.m.c.BookControllerIntegrationTests   : No active profile set, falling back to 1 default profile: "default"
2024-05-16T03:41:07.706+01:00  INFO 31379 --- [library-management-system] [           main] .s.d.r.c.RepositoryConfigurationDelegate : Bootstrapping Spring Data JPA repositories in DEFAULT mode.
2024-05-16T03:41:07.723+01:00  INFO 31379 --- [library-management-system] [           main] .s.d.r.c.RepositoryConfigurationDelegate : Finished Spring Data repository scanning in 16 ms. Found 3 JPA repository interfaces.
2024-05-16T03:41:07.859+01:00  INFO 31379 --- [library-management-system] [           main] o.hibernate.jpa.internal.util.LogHelper  : HHH000204: Processing PersistenceUnitInfo [name: default]
2024-05-16T03:41:07.862+01:00  INFO 31379 --- [library-management-system] [           main] o.h.c.internal.RegionFactoryInitiator    : HHH000026: Second-level cache disabled
2024-05-16T03:41:07.866+01:00  INFO 31379 --- [library-management-system] [           main] o.s.o.j.p.SpringPersistenceUnitInfo      : No LoadTimeWeaver setup: ignoring JPA class transformer
2024-05-16T03:41:07.867+01:00  INFO 31379 --- [library-management-system] [           main] com.zaxxer.hikari.HikariDataSource       : HikariPool-20 - Starting...
2024-05-16T03:41:07.872+01:00  INFO 31379 --- [library-management-system] [           main] com.zaxxer.hikari.pool.HikariPool        : HikariPool-20 - Added connection com.mysql.cj.jdbc.ConnectionImpl@4a042dc7
2024-05-16T03:41:07.872+01:00  INFO 31379 --- [library-management-system] [           main] com.zaxxer.hikari.HikariDataSource       : HikariPool-20 - Start completed.
2024-05-16T03:41:07.873+01:00  WARN 31379 --- [library-management-system] [           main] org.hibernate.dialect.Dialect            : HHH000511: The 5.5.0 version for [org.hibernate.dialect.MySQLDialect] is no longer supported, hence certain features may not work properly. The minimum supported version is 8.0.0. Check the community dialects project for available legacy versions.
2024-05-16T03:41:07.874+01:00  WARN 31379 --- [library-management-system] [           main] org.hibernate.orm.deprecation            : HHH90000025: MySQLDialect does not need to be specified explicitly using 'hibernate.dialect' (remove the property setting and it will be selected by default)
2024-05-16T03:41:07.949+01:00  INFO 31379 --- [library-management-system] [           main] o.h.e.t.j.p.i.JtaPlatformInitiator       : HHH000489: No JTA platform available (set 'hibernate.transaction.jta.platform' to enable JTA platform integration)
2024-05-16T03:41:07.994+01:00  INFO 31379 --- [library-management-system] [           main] j.LocalContainerEntityManagerFactoryBean : Initialized JPA EntityManagerFactory for persistence unit 'default'
2024-05-16T03:41:08.531+01:00  WARN 31379 --- [library-management-system] [           main] JpaBaseConfiguration$JpaWebConfiguration : spring.jpa.open-in-view is enabled by default. Therefore, database queries may be performed during view rendering. Explicitly configure spring.jpa.open-in-view to disable this warning
2024-05-16T03:41:09.215+01:00  INFO 31379 --- [library-management-system] [           main] o.s.b.t.m.w.SpringBootMockServletContext : Initializing Spring TestDispatcherServlet ''
2024-05-16T03:41:09.215+01:00  INFO 31379 --- [library-management-system] [           main] o.s.t.web.servlet.TestDispatcherServlet  : Initializing Servlet ''
2024-05-16T03:41:09.216+01:00  INFO 31379 --- [library-management-system] [           main] o.s.t.web.servlet.TestDispatcherServlet  : Completed initialization in 1 ms
2024-05-16T03:41:09.226+01:00  INFO 31379 --- [library-management-system] [           main] c.l.m.c.BookControllerIntegrationTests   : Started BookControllerIntegrationTests in 1.815 seconds (process running for 70.889)
Hibernate: select bre1_0.id,bre1_0.book_id,bre1_0.borrowing_date,bre1_0.patron_id,bre1_0.return_date from borrowing_records bre1_0
Hibernate: select be1_0.id,be1_0.author,be1_0.borrowed,be1_0.isbn,be1_0.publication_year,be1_0.title from books be1_0 where be1_0.id=?
Hibernate: select pe1_0.id,pe1_0.contact_information,pe1_0.name from patrons pe1_0 where pe1_0.id=?
deleteAll service method executed. And returned: null
Execution time: 0ms
Hibernate: select be1_0.id,be1_0.author,be1_0.borrowed,be1_0.isbn,be1_0.publication_year,be1_0.title from books be1_0
deleteAll service method executed. And returned: null
Execution time: 0ms
Hibernate: delete from borrowing_records where id=?
Hibernate: delete from books where id=?
Hibernate: select count(*) from books be1_0 where be1_0.id=?
isExists service method executed. And returned: false
Execution time: 0ms
updateBook controller method executed!
Execution time: 0ms
2024-05-16T03:41:09.282+01:00  INFO 31379 --- [library-management-system] [           main] j.LocalContainerEntityManagerFactoryBean : Closing JPA EntityManagerFactory for persistence unit 'default'
2024-05-16T03:41:09.283+01:00  INFO 31379 --- [library-management-system] [           main] com.zaxxer.hikari.HikariDataSource       : HikariPool-20 - Shutdown initiated...
2024-05-16T03:41:09.285+01:00  INFO 31379 --- [library-management-system] [           main] com.zaxxer.hikari.HikariDataSource       : HikariPool-20 - Shutdown completed.
]]></system-out>
  </testcase>
  <testcase name="testThatUpdateBookReturnsHttpStatus200WhenBookExists" classname="com.library.management.controllers.BookControllerIntegrationTests" time="0.071">
    <system-out><![CDATA[
  .   ____          _            __ _ _
 /\\ / ___'_ __ _ _(_)_ __  __ _ \ \ \ \
( ( )\___ | '_ | '_| | '_ \/ _` | \ \ \ \
 \\/  ___)| |_)| | | | | || (_| |  ) ) ) )
  '  |____| .__|_| |_|_| |_\__, | / / / /
 =========|_|==============|___/=/_/_/_/
 :: Spring Boot ::                (v3.2.1)

2024-05-16T03:41:09.307+01:00  INFO 31379 --- [library-management-system] [           main] c.l.m.c.BookControllerIntegrationTests   : Starting BookControllerIntegrationTests using Java 21.0.1 with PID 31379 (started by deca in /Users/deca/Desktop/library-management-system)
2024-05-16T03:41:09.307+01:00  INFO 31379 --- [library-management-system] [           main] c.l.m.c.BookControllerIntegrationTests   : No active profile set, falling back to 1 default profile: "default"
2024-05-16T03:41:09.576+01:00  INFO 31379 --- [library-management-system] [           main] .s.d.r.c.RepositoryConfigurationDelegate : Bootstrapping Spring Data JPA repositories in DEFAULT mode.
2024-05-16T03:41:09.591+01:00  INFO 31379 --- [library-management-system] [           main] .s.d.r.c.RepositoryConfigurationDelegate : Finished Spring Data repository scanning in 14 ms. Found 3 JPA repository interfaces.
2024-05-16T03:41:09.735+01:00  INFO 31379 --- [library-management-system] [           main] o.hibernate.jpa.internal.util.LogHelper  : HHH000204: Processing PersistenceUnitInfo [name: default]
2024-05-16T03:41:09.737+01:00  INFO 31379 --- [library-management-system] [           main] o.h.c.internal.RegionFactoryInitiator    : HHH000026: Second-level cache disabled
2024-05-16T03:41:09.740+01:00  INFO 31379 --- [library-management-system] [           main] o.s.o.j.p.SpringPersistenceUnitInfo      : No LoadTimeWeaver setup: ignoring JPA class transformer
2024-05-16T03:41:09.741+01:00  INFO 31379 --- [library-management-system] [           main] com.zaxxer.hikari.HikariDataSource       : HikariPool-21 - Starting...
2024-05-16T03:41:09.745+01:00  INFO 31379 --- [library-management-system] [           main] com.zaxxer.hikari.pool.HikariPool        : HikariPool-21 - Added connection com.mysql.cj.jdbc.ConnectionImpl@633573f8
2024-05-16T03:41:09.746+01:00  INFO 31379 --- [library-management-system] [           main] com.zaxxer.hikari.HikariDataSource       : HikariPool-21 - Start completed.
2024-05-16T03:41:09.747+01:00  WARN 31379 --- [library-management-system] [           main] org.hibernate.dialect.Dialect            : HHH000511: The 5.5.0 version for [org.hibernate.dialect.MySQLDialect] is no longer supported, hence certain features may not work properly. The minimum supported version is 8.0.0. Check the community dialects project for available legacy versions.
2024-05-16T03:41:09.748+01:00  WARN 31379 --- [library-management-system] [           main] org.hibernate.orm.deprecation            : HHH90000025: MySQLDialect does not need to be specified explicitly using 'hibernate.dialect' (remove the property setting and it will be selected by default)
2024-05-16T03:41:09.824+01:00  INFO 31379 --- [library-management-system] [           main] o.h.e.t.j.p.i.JtaPlatformInitiator       : HHH000489: No JTA platform available (set 'hibernate.transaction.jta.platform' to enable JTA platform integration)
2024-05-16T03:41:09.865+01:00  INFO 31379 --- [library-management-system] [           main] j.LocalContainerEntityManagerFactoryBean : Initialized JPA EntityManagerFactory for persistence unit 'default'
2024-05-16T03:41:10.492+01:00  WARN 31379 --- [library-management-system] [           main] JpaBaseConfiguration$JpaWebConfiguration : spring.jpa.open-in-view is enabled by default. Therefore, database queries may be performed during view rendering. Explicitly configure spring.jpa.open-in-view to disable this warning
2024-05-16T03:41:11.166+01:00  INFO 31379 --- [library-management-system] [           main] o.s.b.t.m.w.SpringBootMockServletContext : Initializing Spring TestDispatcherServlet ''
2024-05-16T03:41:11.166+01:00  INFO 31379 --- [library-management-system] [           main] o.s.t.web.servlet.TestDispatcherServlet  : Initializing Servlet ''
2024-05-16T03:41:11.167+01:00  INFO 31379 --- [library-management-system] [           main] o.s.t.web.servlet.TestDispatcherServlet  : Completed initialization in 1 ms
2024-05-16T03:41:11.175+01:00  INFO 31379 --- [library-management-system] [           main] c.l.m.c.BookControllerIntegrationTests   : Started BookControllerIntegrationTests in 1.885 seconds (process running for 72.839)
Hibernate: select bre1_0.id,bre1_0.book_id,bre1_0.borrowing_date,bre1_0.patron_id,bre1_0.return_date from borrowing_records bre1_0
Hibernate: select be1_0.id,be1_0.author,be1_0.borrowed,be1_0.isbn,be1_0.publication_year,be1_0.title from books be1_0 where be1_0.id=?
Hibernate: select pe1_0.id,pe1_0.contact_information,pe1_0.name from patrons pe1_0 where pe1_0.id=?
deleteAll service method executed. And returned: null
Execution time: 0ms
Hibernate: select be1_0.id,be1_0.author,be1_0.borrowed,be1_0.isbn,be1_0.publication_year,be1_0.title from books be1_0
deleteAll service method executed. And returned: null
Execution time: 0ms
Hibernate: select next_val as id_val from book_id_seq for update
Hibernate: update book_id_seq set next_val= ? where next_val=?
save service method executed. And returned: BookDto(id=3052, title=Beyond the Horizon, author=John Writer, publicationYear=2010, isbn=9782345678901, borrowed=false)
Execution time: 0ms
Hibernate: insert into books (author,borrowed,isbn,publication_year,title,id) values (?,?,?,?,?,?)
Hibernate: delete from borrowing_records where id=?
Hibernate: delete from books where id=?
Hibernate: select count(*) from books be1_0 where be1_0.id=?
isExists service method executed. And returned: true
Execution time: 0ms
Hibernate: select count(*) from books be1_0 where be1_0.id=?
updateBook service method executed. And returned: BookDto(id=3052, title=Beyond the Horizon, author=John Writer, publicationYear=2010, isbn=9782345678901, borrowed=false)
Execution time: 0ms
updateBook controller method executed!
Execution time: 0ms
2024-05-16T03:41:11.246+01:00  INFO 31379 --- [library-management-system] [           main] j.LocalContainerEntityManagerFactoryBean : Closing JPA EntityManagerFactory for persistence unit 'default'
2024-05-16T03:41:11.248+01:00  INFO 31379 --- [library-management-system] [           main] com.zaxxer.hikari.HikariDataSource       : HikariPool-21 - Shutdown initiated...
2024-05-16T03:41:11.249+01:00  INFO 31379 --- [library-management-system] [           main] com.zaxxer.hikari.HikariDataSource       : HikariPool-21 - Shutdown completed.
]]></system-out>
  </testcase>
  <testcase name="testThatUpdateBookUpdatesExistingBook" classname="com.library.management.controllers.BookControllerIntegrationTests" time="0.076">
    <system-out><![CDATA[
  .   ____          _            __ _ _
 /\\ / ___'_ __ _ _(_)_ __  __ _ \ \ \ \
( ( )\___ | '_ | '_| | '_ \/ _` | \ \ \ \
 \\/  ___)| |_)| | | | | || (_| |  ) ) ) )
  '  |____| .__|_| |_|_| |_\__, | / / / /
 =========|_|==============|___/=/_/_/_/
 :: Spring Boot ::                (v3.2.1)

2024-05-16T03:41:11.276+01:00  INFO 31379 --- [library-management-system] [           main] c.l.m.c.BookControllerIntegrationTests   : Starting BookControllerIntegrationTests using Java 21.0.1 with PID 31379 (started by deca in /Users/deca/Desktop/library-management-system)
2024-05-16T03:41:11.276+01:00  INFO 31379 --- [library-management-system] [           main] c.l.m.c.BookControllerIntegrationTests   : No active profile set, falling back to 1 default profile: "default"
2024-05-16T03:41:11.584+01:00  INFO 31379 --- [library-management-system] [           main] .s.d.r.c.RepositoryConfigurationDelegate : Bootstrapping Spring Data JPA repositories in DEFAULT mode.
2024-05-16T03:41:11.611+01:00  INFO 31379 --- [library-management-system] [           main] .s.d.r.c.RepositoryConfigurationDelegate : Finished Spring Data repository scanning in 25 ms. Found 3 JPA repository interfaces.
2024-05-16T03:41:11.770+01:00  INFO 31379 --- [library-management-system] [           main] o.hibernate.jpa.internal.util.LogHelper  : HHH000204: Processing PersistenceUnitInfo [name: default]
2024-05-16T03:41:11.771+01:00  INFO 31379 --- [library-management-system] [           main] o.h.c.internal.RegionFactoryInitiator    : HHH000026: Second-level cache disabled
2024-05-16T03:41:11.774+01:00  INFO 31379 --- [library-management-system] [           main] o.s.o.j.p.SpringPersistenceUnitInfo      : No LoadTimeWeaver setup: ignoring JPA class transformer
2024-05-16T03:41:11.775+01:00  INFO 31379 --- [library-management-system] [           main] com.zaxxer.hikari.HikariDataSource       : HikariPool-22 - Starting...
2024-05-16T03:41:11.778+01:00  INFO 31379 --- [library-management-system] [           main] com.zaxxer.hikari.pool.HikariPool        : HikariPool-22 - Added connection com.mysql.cj.jdbc.ConnectionImpl@6d750cd2
2024-05-16T03:41:11.779+01:00  INFO 31379 --- [library-management-system] [           main] com.zaxxer.hikari.HikariDataSource       : HikariPool-22 - Start completed.
2024-05-16T03:41:11.781+01:00  WARN 31379 --- [library-management-system] [           main] org.hibernate.dialect.Dialect            : HHH000511: The 5.5.0 version for [org.hibernate.dialect.MySQLDialect] is no longer supported, hence certain features may not work properly. The minimum supported version is 8.0.0. Check the community dialects project for available legacy versions.
2024-05-16T03:41:11.781+01:00  WARN 31379 --- [library-management-system] [           main] org.hibernate.orm.deprecation            : HHH90000025: MySQLDialect does not need to be specified explicitly using 'hibernate.dialect' (remove the property setting and it will be selected by default)
2024-05-16T03:41:11.855+01:00  INFO 31379 --- [library-management-system] [           main] o.h.e.t.j.p.i.JtaPlatformInitiator       : HHH000489: No JTA platform available (set 'hibernate.transaction.jta.platform' to enable JTA platform integration)
2024-05-16T03:41:11.894+01:00  INFO 31379 --- [library-management-system] [           main] j.LocalContainerEntityManagerFactoryBean : Initialized JPA EntityManagerFactory for persistence unit 'default'
2024-05-16T03:41:12.441+01:00  WARN 31379 --- [library-management-system] [           main] JpaBaseConfiguration$JpaWebConfiguration : spring.jpa.open-in-view is enabled by default. Therefore, database queries may be performed during view rendering. Explicitly configure spring.jpa.open-in-view to disable this warning
2024-05-16T03:41:13.182+01:00  INFO 31379 --- [library-management-system] [           main] o.s.b.t.m.w.SpringBootMockServletContext : Initializing Spring TestDispatcherServlet ''
2024-05-16T03:41:13.183+01:00  INFO 31379 --- [library-management-system] [           main] o.s.t.web.servlet.TestDispatcherServlet  : Initializing Servlet ''
2024-05-16T03:41:13.184+01:00  INFO 31379 --- [library-management-system] [           main] o.s.t.web.servlet.TestDispatcherServlet  : Completed initialization in 1 ms
2024-05-16T03:41:13.192+01:00  INFO 31379 --- [library-management-system] [           main] c.l.m.c.BookControllerIntegrationTests   : Started BookControllerIntegrationTests in 1.941 seconds (process running for 74.856)
Hibernate: select bre1_0.id,bre1_0.book_id,bre1_0.borrowing_date,bre1_0.patron_id,bre1_0.return_date from borrowing_records bre1_0
Hibernate: select be1_0.id,be1_0.author,be1_0.borrowed,be1_0.isbn,be1_0.publication_year,be1_0.title from books be1_0 where be1_0.id=?
Hibernate: select pe1_0.id,pe1_0.contact_information,pe1_0.name from patrons pe1_0 where pe1_0.id=?
deleteAll service method executed. And returned: null
Execution time: 0ms
Hibernate: select be1_0.id,be1_0.author,be1_0.borrowed,be1_0.isbn,be1_0.publication_year,be1_0.title from books be1_0
deleteAll service method executed. And returned: null
Execution time: 1ms
Hibernate: select next_val as id_val from book_id_seq for update
Hibernate: update book_id_seq set next_val= ? where next_val=?
save service method executed. And returned: BookDto(id=3102, title=Lost in the Library, author=Emma Reader, publicationYear=2018, isbn=9783456789012, borrowed=false)
Execution time: 0ms
Hibernate: insert into books (author,borrowed,isbn,publication_year,title,id) values (?,?,?,?,?,?)
Hibernate: delete from borrowing_records where id=?
Hibernate: delete from books where id=?
Hibernate: select count(*) from books be1_0 where be1_0.id=?
isExists service method executed. And returned: true
Execution time: 0ms
Hibernate: select count(*) from books be1_0 where be1_0.id=?
updateBook service method executed. And returned: BookDto(id=3102, title=Beyond the Horizon, author=John Writer, publicationYear=2010, isbn=9782345678901, borrowed=false)
Execution time: 0ms
updateBook controller method executed!
Execution time: 0ms
2024-05-16T03:41:13.271+01:00  INFO 31379 --- [library-management-system] [           main] j.LocalContainerEntityManagerFactoryBean : Closing JPA EntityManagerFactory for persistence unit 'default'
2024-05-16T03:41:13.271+01:00  INFO 31379 --- [library-management-system] [           main] com.zaxxer.hikari.HikariDataSource       : HikariPool-22 - Shutdown initiated...
2024-05-16T03:41:13.274+01:00  INFO 31379 --- [library-management-system] [           main] com.zaxxer.hikari.HikariDataSource       : HikariPool-22 - Shutdown completed.
]]></system-out>
  </testcase>
  <testcase name="testThatGetAllBooksReturnsListOfBooks" classname="com.library.management.controllers.BookControllerIntegrationTests" time="0.057">
    <system-out><![CDATA[
  .   ____          _            __ _ _
 /\\ / ___'_ __ _ _(_)_ __  __ _ \ \ \ \
( ( )\___ | '_ | '_| | '_ \/ _` | \ \ \ \
 \\/  ___)| |_)| | | | | || (_| |  ) ) ) )
  '  |____| .__|_| |_|_| |_\__, | / / / /
 =========|_|==============|___/=/_/_/_/
 :: Spring Boot ::                (v3.2.1)

2024-05-16T03:41:13.298+01:00  INFO 31379 --- [library-management-system] [           main] c.l.m.c.BookControllerIntegrationTests   : Starting BookControllerIntegrationTests using Java 21.0.1 with PID 31379 (started by deca in /Users/deca/Desktop/library-management-system)
2024-05-16T03:41:13.298+01:00  INFO 31379 --- [library-management-system] [           main] c.l.m.c.BookControllerIntegrationTests   : No active profile set, falling back to 1 default profile: "default"
2024-05-16T03:41:13.545+01:00  INFO 31379 --- [library-management-system] [           main] .s.d.r.c.RepositoryConfigurationDelegate : Bootstrapping Spring Data JPA repositories in DEFAULT mode.
2024-05-16T03:41:13.558+01:00  INFO 31379 --- [library-management-system] [           main] .s.d.r.c.RepositoryConfigurationDelegate : Finished Spring Data repository scanning in 12 ms. Found 3 JPA repository interfaces.
2024-05-16T03:41:13.688+01:00  INFO 31379 --- [library-management-system] [           main] o.hibernate.jpa.internal.util.LogHelper  : HHH000204: Processing PersistenceUnitInfo [name: default]
2024-05-16T03:41:13.690+01:00  INFO 31379 --- [library-management-system] [           main] o.h.c.internal.RegionFactoryInitiator    : HHH000026: Second-level cache disabled
2024-05-16T03:41:13.692+01:00  INFO 31379 --- [library-management-system] [           main] o.s.o.j.p.SpringPersistenceUnitInfo      : No LoadTimeWeaver setup: ignoring JPA class transformer
2024-05-16T03:41:13.693+01:00  INFO 31379 --- [library-management-system] [           main] com.zaxxer.hikari.HikariDataSource       : HikariPool-23 - Starting...
2024-05-16T03:41:13.699+01:00  INFO 31379 --- [library-management-system] [           main] com.zaxxer.hikari.pool.HikariPool        : HikariPool-23 - Added connection com.mysql.cj.jdbc.ConnectionImpl@60723425
2024-05-16T03:41:13.699+01:00  INFO 31379 --- [library-management-system] [           main] com.zaxxer.hikari.HikariDataSource       : HikariPool-23 - Start completed.
2024-05-16T03:41:13.700+01:00  WARN 31379 --- [library-management-system] [           main] org.hibernate.dialect.Dialect            : HHH000511: The 5.5.0 version for [org.hibernate.dialect.MySQLDialect] is no longer supported, hence certain features may not work properly. The minimum supported version is 8.0.0. Check the community dialects project for available legacy versions.
2024-05-16T03:41:13.700+01:00  WARN 31379 --- [library-management-system] [           main] org.hibernate.orm.deprecation            : HHH90000025: MySQLDialect does not need to be specified explicitly using 'hibernate.dialect' (remove the property setting and it will be selected by default)
2024-05-16T03:41:13.807+01:00  INFO 31379 --- [library-management-system] [           main] o.h.e.t.j.p.i.JtaPlatformInitiator       : HHH000489: No JTA platform available (set 'hibernate.transaction.jta.platform' to enable JTA platform integration)
2024-05-16T03:41:13.857+01:00  INFO 31379 --- [library-management-system] [           main] j.LocalContainerEntityManagerFactoryBean : Initialized JPA EntityManagerFactory for persistence unit 'default'
2024-05-16T03:41:14.465+01:00  WARN 31379 --- [library-management-system] [           main] JpaBaseConfiguration$JpaWebConfiguration : spring.jpa.open-in-view is enabled by default. Therefore, database queries may be performed during view rendering. Explicitly configure spring.jpa.open-in-view to disable this warning
2024-05-16T03:41:15.128+01:00  INFO 31379 --- [library-management-system] [           main] o.s.b.t.m.w.SpringBootMockServletContext : Initializing Spring TestDispatcherServlet ''
2024-05-16T03:41:15.128+01:00  INFO 31379 --- [library-management-system] [           main] o.s.t.web.servlet.TestDispatcherServlet  : Initializing Servlet ''
2024-05-16T03:41:15.131+01:00  INFO 31379 --- [library-management-system] [           main] o.s.t.web.servlet.TestDispatcherServlet  : Completed initialization in 3 ms
2024-05-16T03:41:15.139+01:00  INFO 31379 --- [library-management-system] [           main] c.l.m.c.BookControllerIntegrationTests   : Started BookControllerIntegrationTests in 1.862 seconds (process running for 76.803)
Hibernate: select bre1_0.id,bre1_0.book_id,bre1_0.borrowing_date,bre1_0.patron_id,bre1_0.return_date from borrowing_records bre1_0
Hibernate: select be1_0.id,be1_0.author,be1_0.borrowed,be1_0.isbn,be1_0.publication_year,be1_0.title from books be1_0 where be1_0.id=?
Hibernate: select pe1_0.id,pe1_0.contact_information,pe1_0.name from patrons pe1_0 where pe1_0.id=?
deleteAll service method executed. And returned: null
Execution time: 0ms
Hibernate: select be1_0.id,be1_0.author,be1_0.borrowed,be1_0.isbn,be1_0.publication_year,be1_0.title from books be1_0
deleteAll service method executed. And returned: null
Execution time: 0ms
Hibernate: select next_val as id_val from book_id_seq for update
Hibernate: update book_id_seq set next_val= ? where next_val=?
save service method executed. And returned: BookDto(id=3152, title=Beyond the Horizon, author=John Writer, publicationYear=2010, isbn=9782345678901, borrowed=false)
Execution time: 0ms
Hibernate: insert into books (author,borrowed,isbn,publication_year,title,id) values (?,?,?,?,?,?)
Hibernate: delete from borrowing_records where id=?
Hibernate: delete from books where id=?
Hibernate: select be1_0.id,be1_0.author,be1_0.borrowed,be1_0.isbn,be1_0.publication_year,be1_0.title from books be1_0
findAll service method executed. And returned: [BookDto(id=3152, title=Beyond the Horizon, author=John Writer, publicationYear=2010, isbn=9782345678901, borrowed=false)]
Execution time: 0ms
getAllBooks controller method executed!
Execution time: 0ms
2024-05-16T03:41:15.196+01:00  INFO 31379 --- [library-management-system] [           main] j.LocalContainerEntityManagerFactoryBean : Closing JPA EntityManagerFactory for persistence unit 'default'
2024-05-16T03:41:15.197+01:00  INFO 31379 --- [library-management-system] [           main] com.zaxxer.hikari.HikariDataSource       : HikariPool-23 - Shutdown initiated...
2024-05-16T03:41:15.198+01:00  INFO 31379 --- [library-management-system] [           main] com.zaxxer.hikari.HikariDataSource       : HikariPool-23 - Shutdown completed.
]]></system-out>
  </testcase>
  <testcase name="testThatGetBookReturnsHttpStatus200WhenBookExists" classname="com.library.management.controllers.BookControllerIntegrationTests" time="0.043">
    <system-out><![CDATA[
  .   ____          _            __ _ _
 /\\ / ___'_ __ _ _(_)_ __  __ _ \ \ \ \
( ( )\___ | '_ | '_| | '_ \/ _` | \ \ \ \
 \\/  ___)| |_)| | | | | || (_| |  ) ) ) )
  '  |____| .__|_| |_|_| |_\__, | / / / /
 =========|_|==============|___/=/_/_/_/
 :: Spring Boot ::                (v3.2.1)

2024-05-16T03:41:15.222+01:00  INFO 31379 --- [library-management-system] [           main] c.l.m.c.BookControllerIntegrationTests   : Starting BookControllerIntegrationTests using Java 21.0.1 with PID 31379 (started by deca in /Users/deca/Desktop/library-management-system)
2024-05-16T03:41:15.222+01:00  INFO 31379 --- [library-management-system] [           main] c.l.m.c.BookControllerIntegrationTests   : No active profile set, falling back to 1 default profile: "default"
2024-05-16T03:41:15.473+01:00  INFO 31379 --- [library-management-system] [           main] .s.d.r.c.RepositoryConfigurationDelegate : Bootstrapping Spring Data JPA repositories in DEFAULT mode.
2024-05-16T03:41:15.491+01:00  INFO 31379 --- [library-management-system] [           main] .s.d.r.c.RepositoryConfigurationDelegate : Finished Spring Data repository scanning in 16 ms. Found 3 JPA repository interfaces.
2024-05-16T03:41:15.628+01:00  INFO 31379 --- [library-management-system] [           main] o.hibernate.jpa.internal.util.LogHelper  : HHH000204: Processing PersistenceUnitInfo [name: default]
2024-05-16T03:41:15.632+01:00  INFO 31379 --- [library-management-system] [           main] o.h.c.internal.RegionFactoryInitiator    : HHH000026: Second-level cache disabled
2024-05-16T03:41:15.634+01:00  INFO 31379 --- [library-management-system] [           main] o.s.o.j.p.SpringPersistenceUnitInfo      : No LoadTimeWeaver setup: ignoring JPA class transformer
2024-05-16T03:41:15.635+01:00  INFO 31379 --- [library-management-system] [           main] com.zaxxer.hikari.HikariDataSource       : HikariPool-24 - Starting...
2024-05-16T03:41:15.640+01:00  INFO 31379 --- [library-management-system] [           main] com.zaxxer.hikari.pool.HikariPool        : HikariPool-24 - Added connection com.mysql.cj.jdbc.ConnectionImpl@1f4ef531
2024-05-16T03:41:15.640+01:00  INFO 31379 --- [library-management-system] [           main] com.zaxxer.hikari.HikariDataSource       : HikariPool-24 - Start completed.
2024-05-16T03:41:15.641+01:00  WARN 31379 --- [library-management-system] [           main] org.hibernate.dialect.Dialect            : HHH000511: The 5.5.0 version for [org.hibernate.dialect.MySQLDialect] is no longer supported, hence certain features may not work properly. The minimum supported version is 8.0.0. Check the community dialects project for available legacy versions.
2024-05-16T03:41:15.641+01:00  WARN 31379 --- [library-management-system] [           main] org.hibernate.orm.deprecation            : HHH90000025: MySQLDialect does not need to be specified explicitly using 'hibernate.dialect' (remove the property setting and it will be selected by default)
2024-05-16T03:41:15.725+01:00  INFO 31379 --- [library-management-system] [           main] o.h.e.t.j.p.i.JtaPlatformInitiator       : HHH000489: No JTA platform available (set 'hibernate.transaction.jta.platform' to enable JTA platform integration)
2024-05-16T03:41:15.765+01:00  INFO 31379 --- [library-management-system] [           main] j.LocalContainerEntityManagerFactoryBean : Initialized JPA EntityManagerFactory for persistence unit 'default'
2024-05-16T03:41:16.311+01:00  WARN 31379 --- [library-management-system] [           main] JpaBaseConfiguration$JpaWebConfiguration : spring.jpa.open-in-view is enabled by default. Therefore, database queries may be performed during view rendering. Explicitly configure spring.jpa.open-in-view to disable this warning
2024-05-16T03:41:17.035+01:00  INFO 31379 --- [library-management-system] [           main] o.s.b.t.m.w.SpringBootMockServletContext : Initializing Spring TestDispatcherServlet ''
2024-05-16T03:41:17.035+01:00  INFO 31379 --- [library-management-system] [           main] o.s.t.web.servlet.TestDispatcherServlet  : Initializing Servlet ''
2024-05-16T03:41:17.036+01:00  INFO 31379 --- [library-management-system] [           main] o.s.t.web.servlet.TestDispatcherServlet  : Completed initialization in 1 ms
2024-05-16T03:41:17.043+01:00  INFO 31379 --- [library-management-system] [           main] c.l.m.c.BookControllerIntegrationTests   : Started BookControllerIntegrationTests in 1.843 seconds (process running for 78.707)
Hibernate: select bre1_0.id,bre1_0.book_id,bre1_0.borrowing_date,bre1_0.patron_id,bre1_0.return_date from borrowing_records bre1_0
Hibernate: select be1_0.id,be1_0.author,be1_0.borrowed,be1_0.isbn,be1_0.publication_year,be1_0.title from books be1_0 where be1_0.id=?
Hibernate: select pe1_0.id,pe1_0.contact_information,pe1_0.name from patrons pe1_0 where pe1_0.id=?
deleteAll service method executed. And returned: null
Execution time: 0ms
Hibernate: select be1_0.id,be1_0.author,be1_0.borrowed,be1_0.isbn,be1_0.publication_year,be1_0.title from books be1_0
deleteAll service method executed. And returned: null
Execution time: 0ms
Hibernate: select next_val as id_val from book_id_seq for update
Hibernate: update book_id_seq set next_val= ? where next_val=?
save service method executed. And returned: BookDto(id=3202, title=The Shadow in the Attic, author=Sila Sea, publicationYear=2005, isbn=9781234567890, borrowed=false)
Execution time: 0ms
findOne service method executed. And returned: Optional[BookDto(id=3202, title=The Shadow in the Attic, author=Sila Sea, publicationYear=2005, isbn=9781234567890, borrowed=false)]
Execution time: 0ms
getBookById controller method executed!
Execution time: 0ms
2024-05-16T03:41:17.089+01:00  INFO 31379 --- [library-management-system] [           main] j.LocalContainerEntityManagerFactoryBean : Closing JPA EntityManagerFactory for persistence unit 'default'
2024-05-16T03:41:17.089+01:00  INFO 31379 --- [library-management-system] [           main] com.zaxxer.hikari.HikariDataSource       : HikariPool-24 - Shutdown initiated...
2024-05-16T03:41:17.091+01:00  INFO 31379 --- [library-management-system] [           main] com.zaxxer.hikari.HikariDataSource       : HikariPool-24 - Shutdown completed.
]]></system-out>
  </testcase>
  <testcase name="testThatCreateBookSuccessfullyReturnsHttp201Created" classname="com.library.management.controllers.BookControllerIntegrationTests" time="0.079">
    <system-out><![CDATA[
  .   ____          _            __ _ _
 /\\ / ___'_ __ _ _(_)_ __  __ _ \ \ \ \
( ( )\___ | '_ | '_| | '_ \/ _` | \ \ \ \
 \\/  ___)| |_)| | | | | || (_| |  ) ) ) )
  '  |____| .__|_| |_|_| |_\__, | / / / /
 =========|_|==============|___/=/_/_/_/
 :: Spring Boot ::                (v3.2.1)

2024-05-16T03:41:17.113+01:00  INFO 31379 --- [library-management-system] [           main] c.l.m.c.BookControllerIntegrationTests   : Starting BookControllerIntegrationTests using Java 21.0.1 with PID 31379 (started by deca in /Users/deca/Desktop/library-management-system)
2024-05-16T03:41:17.113+01:00  INFO 31379 --- [library-management-system] [           main] c.l.m.c.BookControllerIntegrationTests   : No active profile set, falling back to 1 default profile: "default"
2024-05-16T03:41:17.315+01:00  INFO 31379 --- [library-management-system] [           main] .s.d.r.c.RepositoryConfigurationDelegate : Bootstrapping Spring Data JPA repositories in DEFAULT mode.
2024-05-16T03:41:17.339+01:00  INFO 31379 --- [library-management-system] [           main] .s.d.r.c.RepositoryConfigurationDelegate : Finished Spring Data repository scanning in 22 ms. Found 3 JPA repository interfaces.
2024-05-16T03:41:17.490+01:00  INFO 31379 --- [library-management-system] [           main] o.hibernate.jpa.internal.util.LogHelper  : HHH000204: Processing PersistenceUnitInfo [name: default]
2024-05-16T03:41:17.493+01:00  INFO 31379 --- [library-management-system] [           main] o.h.c.internal.RegionFactoryInitiator    : HHH000026: Second-level cache disabled
2024-05-16T03:41:17.500+01:00  INFO 31379 --- [library-management-system] [           main] o.s.o.j.p.SpringPersistenceUnitInfo      : No LoadTimeWeaver setup: ignoring JPA class transformer
2024-05-16T03:41:17.501+01:00  INFO 31379 --- [library-management-system] [           main] com.zaxxer.hikari.HikariDataSource       : HikariPool-25 - Starting...
2024-05-16T03:41:17.509+01:00  INFO 31379 --- [library-management-system] [           main] com.zaxxer.hikari.pool.HikariPool        : HikariPool-25 - Added connection com.mysql.cj.jdbc.ConnectionImpl@5f404d1c
2024-05-16T03:41:17.509+01:00  INFO 31379 --- [library-management-system] [           main] com.zaxxer.hikari.HikariDataSource       : HikariPool-25 - Start completed.
2024-05-16T03:41:17.510+01:00  WARN 31379 --- [library-management-system] [           main] org.hibernate.dialect.Dialect            : HHH000511: The 5.5.0 version for [org.hibernate.dialect.MySQLDialect] is no longer supported, hence certain features may not work properly. The minimum supported version is 8.0.0. Check the community dialects project for available legacy versions.
2024-05-16T03:41:17.512+01:00  WARN 31379 --- [library-management-system] [           main] org.hibernate.orm.deprecation            : HHH90000025: MySQLDialect does not need to be specified explicitly using 'hibernate.dialect' (remove the property setting and it will be selected by default)
2024-05-16T03:41:17.606+01:00  INFO 31379 --- [library-management-system] [           main] o.h.e.t.j.p.i.JtaPlatformInitiator       : HHH000489: No JTA platform available (set 'hibernate.transaction.jta.platform' to enable JTA platform integration)
2024-05-16T03:41:17.643+01:00  INFO 31379 --- [library-management-system] [           main] j.LocalContainerEntityManagerFactoryBean : Initialized JPA EntityManagerFactory for persistence unit 'default'
2024-05-16T03:41:18.172+01:00  WARN 31379 --- [library-management-system] [           main] JpaBaseConfiguration$JpaWebConfiguration : spring.jpa.open-in-view is enabled by default. Therefore, database queries may be performed during view rendering. Explicitly configure spring.jpa.open-in-view to disable this warning
2024-05-16T03:41:18.959+01:00  INFO 31379 --- [library-management-system] [           main] o.s.b.t.m.w.SpringBootMockServletContext : Initializing Spring TestDispatcherServlet ''
2024-05-16T03:41:18.959+01:00  INFO 31379 --- [library-management-system] [           main] o.s.t.web.servlet.TestDispatcherServlet  : Initializing Servlet ''
2024-05-16T03:41:18.960+01:00  INFO 31379 --- [library-management-system] [           main] o.s.t.web.servlet.TestDispatcherServlet  : Completed initialization in 1 ms
2024-05-16T03:41:18.974+01:00  INFO 31379 --- [library-management-system] [           main] c.l.m.c.BookControllerIntegrationTests   : Started BookControllerIntegrationTests in 1.879 seconds (process running for 80.637)
Hibernate: select bre1_0.id,bre1_0.book_id,bre1_0.borrowing_date,bre1_0.patron_id,bre1_0.return_date from borrowing_records bre1_0
Hibernate: select be1_0.id,be1_0.author,be1_0.borrowed,be1_0.isbn,be1_0.publication_year,be1_0.title from books be1_0 where be1_0.id=?
Hibernate: select pe1_0.id,pe1_0.contact_information,pe1_0.name from patrons pe1_0 where pe1_0.id=?
deleteAll service method executed. And returned: null
Execution time: 0ms
Hibernate: select be1_0.id,be1_0.author,be1_0.borrowed,be1_0.isbn,be1_0.publication_year,be1_0.title from books be1_0
deleteAll service method executed. And returned: null
Execution time: 0ms
Hibernate: delete from borrowing_records where id=?
Hibernate: delete from books where id=?
Hibernate: select be1_0.id,be1_0.author,be1_0.borrowed,be1_0.isbn,be1_0.publication_year,be1_0.title from books be1_0 where be1_0.isbn=?
isExists service method executed. And returned: false
Execution time: 0ms
Hibernate: select next_val as id_val from book_id_seq for update
Hibernate: update book_id_seq set next_val= ? where next_val=?
save service method executed. And returned: BookDto(id=3252, title=The Shadow in the Attic, author=Sila Sea, publicationYear=2005, isbn=9781234567890, borrowed=false)
Execution time: 0ms
createBook controller method executed!
Execution time: 0ms
2024-05-16T03:41:19.057+01:00  INFO 31379 --- [library-management-system] [           main] j.LocalContainerEntityManagerFactoryBean : Closing JPA EntityManagerFactory for persistence unit 'default'
2024-05-16T03:41:19.058+01:00  INFO 31379 --- [library-management-system] [           main] com.zaxxer.hikari.HikariDataSource       : HikariPool-25 - Shutdown initiated...
2024-05-16T03:41:19.061+01:00  INFO 31379 --- [library-management-system] [           main] com.zaxxer.hikari.HikariDataSource       : HikariPool-25 - Shutdown completed.
]]></system-out>
  </testcase>
</testsuite>