<?xml version="1.0" encoding="UTF-8"?>
<testsuite xmlns:xsi="http://www.w3.org/2001/XMLSchema-instance" xsi:noNamespaceSchemaLocation="https://maven.apache.org/surefire/maven-surefire-plugin/xsd/surefire-test-report-3.0.xsd" version="3.0" name="com.library.management.controllers.BorrowingRecordControllerIntegrationTests" time="15.723" tests="8" errors="0" skipped="0" failures="0">
  <properties>
    <property name="java.specification.version" value="21"/>
    <property name="sun.jnu.encoding" value="UTF-8"/>
    <property name="java.class.path" value="/Users/deca/Desktop/library-management-system/target/test-classes:/Users/deca/Desktop/library-management-system/target/classes:/Users/deca/.m2/repository/org/springframework/boot/spring-boot-starter-web/3.2.1/spring-boot-starter-web-3.2.1.jar:/Users/deca/.m2/repository/org/springframework/boot/spring-boot-starter/3.2.1/spring-boot-starter-3.2.1.jar:/Users/deca/.m2/repository/org/springframework/boot/spring-boot/3.2.1/spring-boot-3.2.1.jar:/Users/deca/.m2/repository/org/springframework/boot/spring-boot-autoconfigure/3.2.1/spring-boot-autoconfigure-3.2.1.jar:/Users/deca/.m2/repository/org/springframework/boot/spring-boot-starter-logging/3.2.1/spring-boot-starter-logging-3.2.1.jar:/Users/deca/.m2/repository/ch/qos/logback/logback-classic/1.4.14/logback-classic-1.4.14.jar:/Users/deca/.m2/repository/ch/qos/logback/logback-core/1.4.14/logback-core-1.4.14.jar:/Users/deca/.m2/repository/org/apache/logging/log4j/log4j-to-slf4j/2.21.1/log4j-to-slf4j-2.21.1.jar:/Users/deca/.m2/repository/org/apache/logging/log4j/log4j-api/2.21.1/log4j-api-2.21.1.jar:/Users/deca/.m2/repository/org/slf4j/jul-to-slf4j/2.0.9/jul-to-slf4j-2.0.9.jar:/Users/deca/.m2/repository/jakarta/annotation/jakarta.annotation-api/2.1.1/jakarta.annotation-api-2.1.1.jar:/Users/deca/.m2/repository/org/yaml/snakeyaml/2.2/snakeyaml-2.2.jar:/Users/deca/.m2/repository/org/springframework/boot/spring-boot-starter-json/3.2.1/spring-boot-starter-json-3.2.1.jar:/Users/deca/.m2/repository/com/fasterxml/jackson/core/jackson-databind/2.15.3/jackson-databind-2.15.3.jar:/Users/deca/.m2/repository/com/fasterxml/jackson/core/jackson-annotations/2.15.3/jackson-annotations-2.15.3.jar:/Users/deca/.m2/repository/com/fasterxml/jackson/core/jackson-core/2.15.3/jackson-core-2.15.3.jar:/Users/deca/.m2/repository/com/fasterxml/jackson/datatype/jackson-datatype-jdk8/2.15.3/jackson-datatype-jdk8-2.15.3.jar:/Users/deca/.m2/repository/com/fasterxml/jackson/datatype/jackson-datatype-jsr310/2.15.3/jackson-datatype-jsr310-2.15.3.jar:/Users/deca/.m2/repository/com/fasterxml/jackson/module/jackson-module-parameter-names/2.15.3/jackson-module-parameter-names-2.15.3.jar:/Users/deca/.m2/repository/org/springframework/boot/spring-boot-starter-tomcat/3.2.1/spring-boot-starter-tomcat-3.2.1.jar:/Users/deca/.m2/repository/org/apache/tomcat/embed/tomcat-embed-core/10.1.17/tomcat-embed-core-10.1.17.jar:/Users/deca/.m2/repository/org/apache/tomcat/embed/tomcat-embed-websocket/10.1.17/tomcat-embed-websocket-10.1.17.jar:/Users/deca/.m2/repository/org/springframework/spring-web/6.1.2/spring-web-6.1.2.jar:/Users/deca/.m2/repository/org/springframework/spring-beans/6.1.2/spring-beans-6.1.2.jar:/Users/deca/.m2/repository/io/micrometer/micrometer-observation/1.12.1/micrometer-observation-1.12.1.jar:/Users/deca/.m2/repository/io/micrometer/micrometer-commons/1.12.1/micrometer-commons-1.12.1.jar:/Users/deca/.m2/repository/org/springframework/spring-webmvc/6.1.2/spring-webmvc-6.1.2.jar:/Users/deca/.m2/repository/org/springframework/spring-context/6.1.2/spring-context-6.1.2.jar:/Users/deca/.m2/repository/org/springframework/spring-expression/6.1.2/spring-expression-6.1.2.jar:/Users/deca/.m2/repository/org/springframework/boot/spring-boot-starter-data-jpa/3.2.1/spring-boot-starter-data-jpa-3.2.1.jar:/Users/deca/.m2/repository/org/springframework/boot/spring-boot-starter-jdbc/3.2.1/spring-boot-starter-jdbc-3.2.1.jar:/Users/deca/.m2/repository/com/zaxxer/HikariCP/5.0.1/HikariCP-5.0.1.jar:/Users/deca/.m2/repository/org/springframework/spring-jdbc/6.1.2/spring-jdbc-6.1.2.jar:/Users/deca/.m2/repository/org/hibernate/orm/hibernate-core/6.4.1.Final/hibernate-core-6.4.1.Final.jar:/Users/deca/.m2/repository/jakarta/persistence/jakarta.persistence-api/3.1.0/jakarta.persistence-api-3.1.0.jar:/Users/deca/.m2/repository/jakarta/transaction/jakarta.transaction-api/2.0.1/jakarta.transaction-api-2.0.1.jar:/Users/deca/.m2/repository/org/jboss/logging/jboss-logging/3.5.3.Final/jboss-logging-3.5.3.Final.jar:/Users/deca/.m2/repository/org/hibernate/common/hibernate-commons-annotations/6.0.6.Final/hibernate-commons-annotations-6.0.6.Final.jar:/Users/deca/.m2/repository/io/smallrye/jandex/3.1.2/jandex-3.1.2.jar:/Users/deca/.m2/repository/com/fasterxml/classmate/1.6.0/classmate-1.6.0.jar:/Users/deca/.m2/repository/net/bytebuddy/byte-buddy/1.14.10/byte-buddy-1.14.10.jar:/Users/deca/.m2/repository/org/glassfish/jaxb/jaxb-runtime/4.0.4/jaxb-runtime-4.0.4.jar:/Users/deca/.m2/repository/org/glassfish/jaxb/jaxb-core/4.0.4/jaxb-core-4.0.4.jar:/Users/deca/.m2/repository/org/eclipse/angus/angus-activation/2.0.1/angus-activation-2.0.1.jar:/Users/deca/.m2/repository/org/glassfish/jaxb/txw2/4.0.4/txw2-4.0.4.jar:/Users/deca/.m2/repository/com/sun/istack/istack-commons-runtime/4.1.2/istack-commons-runtime-4.1.2.jar:/Users/deca/.m2/repository/jakarta/inject/jakarta.inject-api/2.0.1/jakarta.inject-api-2.0.1.jar:/Users/deca/.m2/repository/org/antlr/antlr4-runtime/4.13.0/antlr4-runtime-4.13.0.jar:/Users/deca/.m2/repository/org/springframework/data/spring-data-jpa/3.2.1/spring-data-jpa-3.2.1.jar:/Users/deca/.m2/repository/org/springframework/data/spring-data-commons/3.2.1/spring-data-commons-3.2.1.jar:/Users/deca/.m2/repository/org/springframework/spring-orm/6.1.2/spring-orm-6.1.2.jar:/Users/deca/.m2/repository/org/springframework/spring-tx/6.1.2/spring-tx-6.1.2.jar:/Users/deca/.m2/repository/org/slf4j/slf4j-api/2.0.9/slf4j-api-2.0.9.jar:/Users/deca/.m2/repository/org/springframework/spring-aspects/6.1.2/spring-aspects-6.1.2.jar:/Users/deca/.m2/repository/com/mysql/mysql-connector-j/8.1.0/mysql-connector-j-8.1.0.jar:/Users/deca/.m2/repository/org/springdoc/springdoc-openapi-starter-webmvc-ui/2.0.2/springdoc-openapi-starter-webmvc-ui-2.0.2.jar:/Users/deca/.m2/repository/org/springdoc/springdoc-openapi-starter-webmvc-api/2.0.2/springdoc-openapi-starter-webmvc-api-2.0.2.jar:/Users/deca/.m2/repository/org/springdoc/springdoc-openapi-starter-common/2.0.2/springdoc-openapi-starter-common-2.0.2.jar:/Users/deca/.m2/repository/io/swagger/core/v3/swagger-core-jakarta/2.2.7/swagger-core-jakarta-2.2.7.jar:/Users/deca/.m2/repository/org/apache/commons/commons-lang3/3.13.0/commons-lang3-3.13.0.jar:/Users/deca/.m2/repository/io/swagger/core/v3/swagger-annotations-jakarta/2.2.7/swagger-annotations-jakarta-2.2.7.jar:/Users/deca/.m2/repository/io/swagger/core/v3/swagger-models-jakarta/2.2.7/swagger-models-jakarta-2.2.7.jar:/Users/deca/.m2/repository/com/fasterxml/jackson/dataformat/jackson-dataformat-yaml/2.15.3/jackson-dataformat-yaml-2.15.3.jar:/Users/deca/.m2/repository/org/webjars/swagger-ui/4.15.5/swagger-ui-4.15.5.jar:/Users/deca/.m2/repository/org/webjars/webjars-locator-core/0.55/webjars-locator-core-0.55.jar:/Users/deca/.m2/repository/io/github/classgraph/classgraph/4.8.149/classgraph-4.8.149.jar:/Users/deca/.m2/repository/org/projectlombok/lombok/1.18.30/lombok-1.18.30.jar:/Users/deca/.m2/repository/org/modelmapper/modelmapper/3.0.0/modelmapper-3.0.0.jar:/Users/deca/.m2/repository/org/springframework/boot/spring-boot-starter-test/3.2.1/spring-boot-starter-test-3.2.1.jar:/Users/deca/.m2/repository/org/springframework/boot/spring-boot-test/3.2.1/spring-boot-test-3.2.1.jar:/Users/deca/.m2/repository/org/springframework/boot/spring-boot-test-autoconfigure/3.2.1/spring-boot-test-autoconfigure-3.2.1.jar:/Users/deca/.m2/repository/com/jayway/jsonpath/json-path/2.8.0/json-path-2.8.0.jar:/Users/deca/.m2/repository/jakarta/xml/bind/jakarta.xml.bind-api/4.0.1/jakarta.xml.bind-api-4.0.1.jar:/Users/deca/.m2/repository/jakarta/activation/jakarta.activation-api/2.1.2/jakarta.activation-api-2.1.2.jar:/Users/deca/.m2/repository/net/minidev/json-smart/2.5.0/json-smart-2.5.0.jar:/Users/deca/.m2/repository/net/minidev/accessors-smart/2.5.0/accessors-smart-2.5.0.jar:/Users/deca/.m2/repository/org/ow2/asm/asm/9.3/asm-9.3.jar:/Users/deca/.m2/repository/org/assertj/assertj-core/3.24.2/assertj-core-3.24.2.jar:/Users/deca/.m2/repository/org/awaitility/awaitility/4.2.0/awaitility-4.2.0.jar:/Users/deca/.m2/repository/org/hamcrest/hamcrest/2.2/hamcrest-2.2.jar:/Users/deca/.m2/repository/org/junit/jupiter/junit-jupiter/5.10.1/junit-jupiter-5.10.1.jar:/Users/deca/.m2/repository/org/junit/jupiter/junit-jupiter-api/5.10.1/junit-jupiter-api-5.10.1.jar:/Users/deca/.m2/repository/org/opentest4j/opentest4j/1.3.0/opentest4j-1.3.0.jar:/Users/deca/.m2/repository/org/junit/platform/junit-platform-commons/1.10.1/junit-platform-commons-1.10.1.jar:/Users/deca/.m2/repository/org/apiguardian/apiguardian-api/1.1.2/apiguardian-api-1.1.2.jar:/Users/deca/.m2/repository/org/junit/jupiter/junit-jupiter-params/5.10.1/junit-jupiter-params-5.10.1.jar:/Users/deca/.m2/repository/org/junit/jupiter/junit-jupiter-engine/5.10.1/junit-jupiter-engine-5.10.1.jar:/Users/deca/.m2/repository/org/junit/platform/junit-platform-engine/1.10.1/junit-platform-engine-1.10.1.jar:/Users/deca/.m2/repository/org/mockito/mockito-core/5.7.0/mockito-core-5.7.0.jar:/Users/deca/.m2/repository/net/bytebuddy/byte-buddy-agent/1.14.10/byte-buddy-agent-1.14.10.jar:/Users/deca/.m2/repository/org/objenesis/objenesis/3.3/objenesis-3.3.jar:/Users/deca/.m2/repository/org/mockito/mockito-junit-jupiter/5.7.0/mockito-junit-jupiter-5.7.0.jar:/Users/deca/.m2/repository/org/skyscreamer/jsonassert/1.5.1/jsonassert-1.5.1.jar:/Users/deca/.m2/repository/com/vaadin/external/google/android-json/0.0.20131108.vaadin1/android-json-0.0.20131108.vaadin1.jar:/Users/deca/.m2/repository/org/springframework/spring-core/6.1.2/spring-core-6.1.2.jar:/Users/deca/.m2/repository/org/springframework/spring-jcl/6.1.2/spring-jcl-6.1.2.jar:/Users/deca/.m2/repository/org/springframework/spring-test/6.1.2/spring-test-6.1.2.jar:/Users/deca/.m2/repository/org/xmlunit/xmlunit-core/2.9.1/xmlunit-core-2.9.1.jar:/Users/deca/.m2/repository/org/springframework/boot/spring-boot-starter-validation/3.2.1/spring-boot-starter-validation-3.2.1.jar:/Users/deca/.m2/repository/org/apache/tomcat/embed/tomcat-embed-el/10.1.17/tomcat-embed-el-10.1.17.jar:/Users/deca/.m2/repository/org/hibernate/validator/hibernate-validator/8.0.1.Final/hibernate-validator-8.0.1.Final.jar:/Users/deca/.m2/repository/jakarta/validation/jakarta.validation-api/3.0.2/jakarta.validation-api-3.0.2.jar:/Users/deca/.m2/repository/org/springframework/boot/spring-boot-starter-aop/3.2.1/spring-boot-starter-aop-3.2.1.jar:/Users/deca/.m2/repository/org/springframework/spring-aop/6.1.2/spring-aop-6.1.2.jar:/Users/deca/.m2/repository/org/aspectj/aspectjweaver/1.9.21/aspectjweaver-1.9.21.jar:"/>
    <property name="java.vm.vendor" value="Oracle Corporation"/>
    <property name="sun.arch.data.model" value="64"/>
    <property name="java.vendor.url" value="https://java.oracle.com/"/>
    <property name="user.timezone" value="Africa/Lagos"/>
    <property name="org.jboss.logging.provider" value="slf4j"/>
    <property name="os.name" value="Mac OS X"/>
    <property name="java.vm.specification.version" value="21"/>
    <property name="sun.java.launcher" value="SUN_STANDARD"/>
    <property name="user.country" value="GB"/>
    <property name="sun.boot.library.path" value="/Users/deca/Library/Java/JavaVirtualMachines/openjdk-21.0.1/Contents/Home/lib"/>
    <property name="sun.java.command" value="/Users/deca/Desktop/library-management-system/target/surefire/surefirebooter-20240516033958117_3.jar /Users/deca/Desktop/library-management-system/target/surefire 2024-05-16T03-39-57_838-jvmRun1 surefire-20240516033958117_1tmp surefire_0-20240516033958117_2tmp"/>
    <property name="http.nonProxyHosts" value="local|*.local|169.254/16|*.169.254/16"/>
    <property name="jdk.debug" value="release"/>
    <property name="surefire.test.class.path" value="/Users/deca/Desktop/library-management-system/target/test-classes:/Users/deca/Desktop/library-management-system/target/classes:/Users/deca/.m2/repository/org/springframework/boot/spring-boot-starter-web/3.2.1/spring-boot-starter-web-3.2.1.jar:/Users/deca/.m2/repository/org/springframework/boot/spring-boot-starter/3.2.1/spring-boot-starter-3.2.1.jar:/Users/deca/.m2/repository/org/springframework/boot/spring-boot/3.2.1/spring-boot-3.2.1.jar:/Users/deca/.m2/repository/org/springframework/boot/spring-boot-autoconfigure/3.2.1/spring-boot-autoconfigure-3.2.1.jar:/Users/deca/.m2/repository/org/springframework/boot/spring-boot-starter-logging/3.2.1/spring-boot-starter-logging-3.2.1.jar:/Users/deca/.m2/repository/ch/qos/logback/logback-classic/1.4.14/logback-classic-1.4.14.jar:/Users/deca/.m2/repository/ch/qos/logback/logback-core/1.4.14/logback-core-1.4.14.jar:/Users/deca/.m2/repository/org/apache/logging/log4j/log4j-to-slf4j/2.21.1/log4j-to-slf4j-2.21.1.jar:/Users/deca/.m2/repository/org/apache/logging/log4j/log4j-api/2.21.1/log4j-api-2.21.1.jar:/Users/deca/.m2/repository/org/slf4j/jul-to-slf4j/2.0.9/jul-to-slf4j-2.0.9.jar:/Users/deca/.m2/repository/jakarta/annotation/jakarta.annotation-api/2.1.1/jakarta.annotation-api-2.1.1.jar:/Users/deca/.m2/repository/org/yaml/snakeyaml/2.2/snakeyaml-2.2.jar:/Users/deca/.m2/repository/org/springframework/boot/spring-boot-starter-json/3.2.1/spring-boot-starter-json-3.2.1.jar:/Users/deca/.m2/repository/com/fasterxml/jackson/core/jackson-databind/2.15.3/jackson-databind-2.15.3.jar:/Users/deca/.m2/repository/com/fasterxml/jackson/core/jackson-annotations/2.15.3/jackson-annotations-2.15.3.jar:/Users/deca/.m2/repository/com/fasterxml/jackson/core/jackson-core/2.15.3/jackson-core-2.15.3.jar:/Users/deca/.m2/repository/com/fasterxml/jackson/datatype/jackson-datatype-jdk8/2.15.3/jackson-datatype-jdk8-2.15.3.jar:/Users/deca/.m2/repository/com/fasterxml/jackson/datatype/jackson-datatype-jsr310/2.15.3/jackson-datatype-jsr310-2.15.3.jar:/Users/deca/.m2/repository/com/fasterxml/jackson/module/jackson-module-parameter-names/2.15.3/jackson-module-parameter-names-2.15.3.jar:/Users/deca/.m2/repository/org/springframework/boot/spring-boot-starter-tomcat/3.2.1/spring-boot-starter-tomcat-3.2.1.jar:/Users/deca/.m2/repository/org/apache/tomcat/embed/tomcat-embed-core/10.1.17/tomcat-embed-core-10.1.17.jar:/Users/deca/.m2/repository/org/apache/tomcat/embed/tomcat-embed-websocket/10.1.17/tomcat-embed-websocket-10.1.17.jar:/Users/deca/.m2/repository/org/springframework/spring-web/6.1.2/spring-web-6.1.2.jar:/Users/deca/.m2/repository/org/springframework/spring-beans/6.1.2/spring-beans-6.1.2.jar:/Users/deca/.m2/repository/io/micrometer/micrometer-observation/1.12.1/micrometer-observation-1.12.1.jar:/Users/deca/.m2/repository/io/micrometer/micrometer-commons/1.12.1/micrometer-commons-1.12.1.jar:/Users/deca/.m2/repository/org/springframework/spring-webmvc/6.1.2/spring-webmvc-6.1.2.jar:/Users/deca/.m2/repository/org/springframework/spring-context/6.1.2/spring-context-6.1.2.jar:/Users/deca/.m2/repository/org/springframework/spring-expression/6.1.2/spring-expression-6.1.2.jar:/Users/deca/.m2/repository/org/springframework/boot/spring-boot-starter-data-jpa/3.2.1/spring-boot-starter-data-jpa-3.2.1.jar:/Users/deca/.m2/repository/org/springframework/boot/spring-boot-starter-jdbc/3.2.1/spring-boot-starter-jdbc-3.2.1.jar:/Users/deca/.m2/repository/com/zaxxer/HikariCP/5.0.1/HikariCP-5.0.1.jar:/Users/deca/.m2/repository/org/springframework/spring-jdbc/6.1.2/spring-jdbc-6.1.2.jar:/Users/deca/.m2/repository/org/hibernate/orm/hibernate-core/6.4.1.Final/hibernate-core-6.4.1.Final.jar:/Users/deca/.m2/repository/jakarta/persistence/jakarta.persistence-api/3.1.0/jakarta.persistence-api-3.1.0.jar:/Users/deca/.m2/repository/jakarta/transaction/jakarta.transaction-api/2.0.1/jakarta.transaction-api-2.0.1.jar:/Users/deca/.m2/repository/org/jboss/logging/jboss-logging/3.5.3.Final/jboss-logging-3.5.3.Final.jar:/Users/deca/.m2/repository/org/hibernate/common/hibernate-commons-annotations/6.0.6.Final/hibernate-commons-annotations-6.0.6.Final.jar:/Users/deca/.m2/repository/io/smallrye/jandex/3.1.2/jandex-3.1.2.jar:/Users/deca/.m2/repository/com/fasterxml/classmate/1.6.0/classmate-1.6.0.jar:/Users/deca/.m2/repository/net/bytebuddy/byte-buddy/1.14.10/byte-buddy-1.14.10.jar:/Users/deca/.m2/repository/org/glassfish/jaxb/jaxb-runtime/4.0.4/jaxb-runtime-4.0.4.jar:/Users/deca/.m2/repository/org/glassfish/jaxb/jaxb-core/4.0.4/jaxb-core-4.0.4.jar:/Users/deca/.m2/repository/org/eclipse/angus/angus-activation/2.0.1/angus-activation-2.0.1.jar:/Users/deca/.m2/repository/org/glassfish/jaxb/txw2/4.0.4/txw2-4.0.4.jar:/Users/deca/.m2/repository/com/sun/istack/istack-commons-runtime/4.1.2/istack-commons-runtime-4.1.2.jar:/Users/deca/.m2/repository/jakarta/inject/jakarta.inject-api/2.0.1/jakarta.inject-api-2.0.1.jar:/Users/deca/.m2/repository/org/antlr/antlr4-runtime/4.13.0/antlr4-runtime-4.13.0.jar:/Users/deca/.m2/repository/org/springframework/data/spring-data-jpa/3.2.1/spring-data-jpa-3.2.1.jar:/Users/deca/.m2/repository/org/springframework/data/spring-data-commons/3.2.1/spring-data-commons-3.2.1.jar:/Users/deca/.m2/repository/org/springframework/spring-orm/6.1.2/spring-orm-6.1.2.jar:/Users/deca/.m2/repository/org/springframework/spring-tx/6.1.2/spring-tx-6.1.2.jar:/Users/deca/.m2/repository/org/slf4j/slf4j-api/2.0.9/slf4j-api-2.0.9.jar:/Users/deca/.m2/repository/org/springframework/spring-aspects/6.1.2/spring-aspects-6.1.2.jar:/Users/deca/.m2/repository/com/mysql/mysql-connector-j/8.1.0/mysql-connector-j-8.1.0.jar:/Users/deca/.m2/repository/org/springdoc/springdoc-openapi-starter-webmvc-ui/2.0.2/springdoc-openapi-starter-webmvc-ui-2.0.2.jar:/Users/deca/.m2/repository/org/springdoc/springdoc-openapi-starter-webmvc-api/2.0.2/springdoc-openapi-starter-webmvc-api-2.0.2.jar:/Users/deca/.m2/repository/org/springdoc/springdoc-openapi-starter-common/2.0.2/springdoc-openapi-starter-common-2.0.2.jar:/Users/deca/.m2/repository/io/swagger/core/v3/swagger-core-jakarta/2.2.7/swagger-core-jakarta-2.2.7.jar:/Users/deca/.m2/repository/org/apache/commons/commons-lang3/3.13.0/commons-lang3-3.13.0.jar:/Users/deca/.m2/repository/io/swagger/core/v3/swagger-annotations-jakarta/2.2.7/swagger-annotations-jakarta-2.2.7.jar:/Users/deca/.m2/repository/io/swagger/core/v3/swagger-models-jakarta/2.2.7/swagger-models-jakarta-2.2.7.jar:/Users/deca/.m2/repository/com/fasterxml/jackson/dataformat/jackson-dataformat-yaml/2.15.3/jackson-dataformat-yaml-2.15.3.jar:/Users/deca/.m2/repository/org/webjars/swagger-ui/4.15.5/swagger-ui-4.15.5.jar:/Users/deca/.m2/repository/org/webjars/webjars-locator-core/0.55/webjars-locator-core-0.55.jar:/Users/deca/.m2/repository/io/github/classgraph/classgraph/4.8.149/classgraph-4.8.149.jar:/Users/deca/.m2/repository/org/projectlombok/lombok/1.18.30/lombok-1.18.30.jar:/Users/deca/.m2/repository/org/modelmapper/modelmapper/3.0.0/modelmapper-3.0.0.jar:/Users/deca/.m2/repository/org/springframework/boot/spring-boot-starter-test/3.2.1/spring-boot-starter-test-3.2.1.jar:/Users/deca/.m2/repository/org/springframework/boot/spring-boot-test/3.2.1/spring-boot-test-3.2.1.jar:/Users/deca/.m2/repository/org/springframework/boot/spring-boot-test-autoconfigure/3.2.1/spring-boot-test-autoconfigure-3.2.1.jar:/Users/deca/.m2/repository/com/jayway/jsonpath/json-path/2.8.0/json-path-2.8.0.jar:/Users/deca/.m2/repository/jakarta/xml/bind/jakarta.xml.bind-api/4.0.1/jakarta.xml.bind-api-4.0.1.jar:/Users/deca/.m2/repository/jakarta/activation/jakarta.activation-api/2.1.2/jakarta.activation-api-2.1.2.jar:/Users/deca/.m2/repository/net/minidev/json-smart/2.5.0/json-smart-2.5.0.jar:/Users/deca/.m2/repository/net/minidev/accessors-smart/2.5.0/accessors-smart-2.5.0.jar:/Users/deca/.m2/repository/org/ow2/asm/asm/9.3/asm-9.3.jar:/Users/deca/.m2/repository/org/assertj/assertj-core/3.24.2/assertj-core-3.24.2.jar:/Users/deca/.m2/repository/org/awaitility/awaitility/4.2.0/awaitility-4.2.0.jar:/Users/deca/.m2/repository/org/hamcrest/hamcrest/2.2/hamcrest-2.2.jar:/Users/deca/.m2/repository/org/junit/jupiter/junit-jupiter/5.10.1/junit-jupiter-5.10.1.jar:/Users/deca/.m2/repository/org/junit/jupiter/junit-jupiter-api/5.10.1/junit-jupiter-api-5.10.1.jar:/Users/deca/.m2/repository/org/opentest4j/opentest4j/1.3.0/opentest4j-1.3.0.jar:/Users/deca/.m2/repository/org/junit/platform/junit-platform-commons/1.10.1/junit-platform-commons-1.10.1.jar:/Users/deca/.m2/repository/org/apiguardian/apiguardian-api/1.1.2/apiguardian-api-1.1.2.jar:/Users/deca/.m2/repository/org/junit/jupiter/junit-jupiter-params/5.10.1/junit-jupiter-params-5.10.1.jar:/Users/deca/.m2/repository/org/junit/jupiter/junit-jupiter-engine/5.10.1/junit-jupiter-engine-5.10.1.jar:/Users/deca/.m2/repository/org/junit/platform/junit-platform-engine/1.10.1/junit-platform-engine-1.10.1.jar:/Users/deca/.m2/repository/org/mockito/mockito-core/5.7.0/mockito-core-5.7.0.jar:/Users/deca/.m2/repository/net/bytebuddy/byte-buddy-agent/1.14.10/byte-buddy-agent-1.14.10.jar:/Users/deca/.m2/repository/org/objenesis/objenesis/3.3/objenesis-3.3.jar:/Users/deca/.m2/repository/org/mockito/mockito-junit-jupiter/5.7.0/mockito-junit-jupiter-5.7.0.jar:/Users/deca/.m2/repository/org/skyscreamer/jsonassert/1.5.1/jsonassert-1.5.1.jar:/Users/deca/.m2/repository/com/vaadin/external/google/android-json/0.0.20131108.vaadin1/android-json-0.0.20131108.vaadin1.jar:/Users/deca/.m2/repository/org/springframework/spring-core/6.1.2/spring-core-6.1.2.jar:/Users/deca/.m2/repository/org/springframework/spring-jcl/6.1.2/spring-jcl-6.1.2.jar:/Users/deca/.m2/repository/org/springframework/spring-test/6.1.2/spring-test-6.1.2.jar:/Users/deca/.m2/repository/org/xmlunit/xmlunit-core/2.9.1/xmlunit-core-2.9.1.jar:/Users/deca/.m2/repository/org/springframework/boot/spring-boot-starter-validation/3.2.1/spring-boot-starter-validation-3.2.1.jar:/Users/deca/.m2/repository/org/apache/tomcat/embed/tomcat-embed-el/10.1.17/tomcat-embed-el-10.1.17.jar:/Users/deca/.m2/repository/org/hibernate/validator/hibernate-validator/8.0.1.Final/hibernate-validator-8.0.1.Final.jar:/Users/deca/.m2/repository/jakarta/validation/jakarta.validation-api/3.0.2/jakarta.validation-api-3.0.2.jar:/Users/deca/.m2/repository/org/springframework/boot/spring-boot-starter-aop/3.2.1/spring-boot-starter-aop-3.2.1.jar:/Users/deca/.m2/repository/org/springframework/spring-aop/6.1.2/spring-aop-6.1.2.jar:/Users/deca/.m2/repository/org/aspectj/aspectjweaver/1.9.21/aspectjweaver-1.9.21.jar:"/>
    <property name="sun.cpu.endian" value="little"/>
    <property name="user.home" value="/Users/deca"/>
    <property name="user.language" value="en"/>
    <property name="java.specification.vendor" value="Oracle Corporation"/>
    <property name="java.version.date" value="2023-10-17"/>
    <property name="java.home" value="/Users/deca/Library/Java/JavaVirtualMachines/openjdk-21.0.1/Contents/Home"/>
    <property name="file.separator" value="/"/>
    <property name="basedir" value="/Users/deca/Desktop/library-management-system"/>
    <property name="java.vm.compressedOopsMode" value="Zero based"/>
    <property name="line.separator" value="&#10;"/>
    <property name="java.vm.specification.vendor" value="Oracle Corporation"/>
    <property name="java.specification.name" value="Java Platform API Specification"/>
    <property name="FILE_LOG_CHARSET" value="UTF-8"/>
    <property name="java.awt.headless" value="true"/>
    <property name="apple.awt.application.name" value="ForkedBooter"/>
    <property name="surefire.real.class.path" value="/Users/deca/Desktop/library-management-system/target/surefire/surefirebooter-20240516033958117_3.jar"/>
    <property name="sun.management.compiler" value="HotSpot 64-Bit Tiered Compilers"/>
    <property name="ftp.nonProxyHosts" value="local|*.local|169.254/16|*.169.254/16"/>
    <property name="java.runtime.version" value="21.0.1+12-29"/>
    <property name="user.name" value="deca"/>
    <property name="stdout.encoding" value="UTF-8"/>
    <property name="path.separator" value=":"/>
    <property name="os.version" value="12.7.1"/>
    <property name="java.runtime.name" value="OpenJDK Runtime Environment"/>
    <property name="file.encoding" value="UTF-8"/>
    <property name="java.vm.name" value="OpenJDK 64-Bit Server VM"/>
    <property name="localRepository" value="/Users/deca/.m2/repository"/>
    <property name="java.vendor.url.bug" value="https://bugreport.java.com/bugreport/"/>
    <property name="java.io.tmpdir" value="/var/folders/ss/r2c3nk5n0pv_r2slcrwhcwt80000gp/T/"/>
    <property name="idea.version" value="2023.3.4"/>
    <property name="com.zaxxer.hikari.pool_number" value="33"/>
    <property name="java.version" value="21.0.1"/>
    <property name="user.dir" value="/Users/deca/Desktop/library-management-system"/>
    <property name="os.arch" value="x86_64"/>
    <property name="java.vm.specification.name" value="Java Virtual Machine Specification"/>
    <property name="PID" value="31379"/>
    <property name="CONSOLE_LOG_CHARSET" value="UTF-8"/>
    <property name="native.encoding" value="UTF-8"/>
    <property name="java.library.path" value="/Users/deca/Library/Java/Extensions:/Library/Java/Extensions:/Network/Library/Java/Extensions:/System/Library/Java/Extensions:/usr/lib/java:."/>
    <property name="java.vm.info" value="mixed mode, sharing"/>
    <property name="stderr.encoding" value="UTF-8"/>
    <property name="java.vendor" value="Oracle Corporation"/>
    <property name="java.vm.version" value="21.0.1+12-29"/>
    <property name="sun.io.unicode.encoding" value="UnicodeBig"/>
    <property name="socksNonProxyHosts" value="local|*.local|169.254/16|*.169.254/16"/>
    <property name="java.class.version" value="65.0"/>
    <property name="LOGGED_APPLICATION_NAME" value="[library-management-system] "/>
  </properties>
  <testcase name="testThatReturnBookReturnsHttpStatus200" classname="com.library.management.controllers.BorrowingRecordControllerIntegrationTests" time="0.169">
    <system-out><![CDATA[2024-05-16T03:41:19.069+01:00  INFO 31379 --- [library-management-system] [           main] t.c.s.AnnotationConfigContextLoaderUtils : Could not detect default configuration classes for test class [com.library.management.controllers.BorrowingRecordControllerIntegrationTests]: BorrowingRecordControllerIntegrationTests does not declare any static, non-private, non-final, nested classes annotated with @Configuration.
2024-05-16T03:41:19.073+01:00  INFO 31379 --- [library-management-system] [           main] .b.t.c.SpringBootTestContextBootstrapper : Found @SpringBootConfiguration com.library.management.LibraryManagementSystemApplication for test class com.library.management.controllers.BorrowingRecordControllerIntegrationTests

  .   ____          _            __ _ _
 /\\ / ___'_ __ _ _(_)_ __  __ _ \ \ \ \
( ( )\___ | '_ | '_| | '_ \/ _` | \ \ \ \
 \\/  ___)| |_)| | | | | || (_| |  ) ) ) )
  '  |____| .__|_| |_|_| |_\__, | / / / /
 =========|_|==============|___/=/_/_/_/
 :: Spring Boot ::                (v3.2.1)

2024-05-16T03:41:19.117+01:00  INFO 31379 --- [library-management-system] [           main] orrowingRecordControllerIntegrationTests : Starting BorrowingRecordControllerIntegrationTests using Java 21.0.1 with PID 31379 (started by deca in /Users/deca/Desktop/library-management-system)
2024-05-16T03:41:19.118+01:00  INFO 31379 --- [library-management-system] [           main] orrowingRecordControllerIntegrationTests : No active profile set, falling back to 1 default profile: "default"
2024-05-16T03:41:19.441+01:00  INFO 31379 --- [library-management-system] [           main] .s.d.r.c.RepositoryConfigurationDelegate : Bootstrapping Spring Data JPA repositories in DEFAULT mode.
2024-05-16T03:41:19.456+01:00  INFO 31379 --- [library-management-system] [           main] .s.d.r.c.RepositoryConfigurationDelegate : Finished Spring Data repository scanning in 14 ms. Found 3 JPA repository interfaces.
2024-05-16T03:41:19.665+01:00  INFO 31379 --- [library-management-system] [           main] o.hibernate.jpa.internal.util.LogHelper  : HHH000204: Processing PersistenceUnitInfo [name: default]
2024-05-16T03:41:19.667+01:00  INFO 31379 --- [library-management-system] [           main] o.h.c.internal.RegionFactoryInitiator    : HHH000026: Second-level cache disabled
2024-05-16T03:41:19.670+01:00  INFO 31379 --- [library-management-system] [           main] o.s.o.j.p.SpringPersistenceUnitInfo      : No LoadTimeWeaver setup: ignoring JPA class transformer
2024-05-16T03:41:19.671+01:00  INFO 31379 --- [library-management-system] [           main] com.zaxxer.hikari.HikariDataSource       : HikariPool-26 - Starting...
2024-05-16T03:41:19.674+01:00  INFO 31379 --- [library-management-system] [           main] com.zaxxer.hikari.pool.HikariPool        : HikariPool-26 - Added connection com.mysql.cj.jdbc.ConnectionImpl@7cbc3737
2024-05-16T03:41:19.675+01:00  INFO 31379 --- [library-management-system] [           main] com.zaxxer.hikari.HikariDataSource       : HikariPool-26 - Start completed.
2024-05-16T03:41:19.676+01:00  WARN 31379 --- [library-management-system] [           main] org.hibernate.dialect.Dialect            : HHH000511: The 5.5.0 version for [org.hibernate.dialect.MySQLDialect] is no longer supported, hence certain features may not work properly. The minimum supported version is 8.0.0. Check the community dialects project for available legacy versions.
2024-05-16T03:41:19.676+01:00  WARN 31379 --- [library-management-system] [           main] org.hibernate.orm.deprecation            : HHH90000025: MySQLDialect does not need to be specified explicitly using 'hibernate.dialect' (remove the property setting and it will be selected by default)
2024-05-16T03:41:19.761+01:00  INFO 31379 --- [library-management-system] [           main] o.h.e.t.j.p.i.JtaPlatformInitiator       : HHH000489: No JTA platform available (set 'hibernate.transaction.jta.platform' to enable JTA platform integration)
2024-05-16T03:41:19.805+01:00  INFO 31379 --- [library-management-system] [           main] j.LocalContainerEntityManagerFactoryBean : Initialized JPA EntityManagerFactory for persistence unit 'default'
2024-05-16T03:41:20.388+01:00  WARN 31379 --- [library-management-system] [           main] JpaBaseConfiguration$JpaWebConfiguration : spring.jpa.open-in-view is enabled by default. Therefore, database queries may be performed during view rendering. Explicitly configure spring.jpa.open-in-view to disable this warning
2024-05-16T03:41:21.140+01:00  INFO 31379 --- [library-management-system] [           main] o.s.b.t.m.w.SpringBootMockServletContext : Initializing Spring TestDispatcherServlet ''
2024-05-16T03:41:21.140+01:00  INFO 31379 --- [library-management-system] [           main] o.s.t.web.servlet.TestDispatcherServlet  : Initializing Servlet ''
2024-05-16T03:41:21.140+01:00  INFO 31379 --- [library-management-system] [           main] o.s.t.web.servlet.TestDispatcherServlet  : Completed initialization in 0 ms
2024-05-16T03:41:21.150+01:00  INFO 31379 --- [library-management-system] [           main] orrowingRecordControllerIntegrationTests : Started BorrowingRecordControllerIntegrationTests in 2.071 seconds (process running for 82.814)
Hibernate: select bre1_0.id,bre1_0.book_id,bre1_0.borrowing_date,bre1_0.patron_id,bre1_0.return_date from borrowing_records bre1_0
Hibernate: select be1_0.id,be1_0.author,be1_0.borrowed,be1_0.isbn,be1_0.publication_year,be1_0.title from books be1_0 where be1_0.id=?
Hibernate: select pe1_0.id,pe1_0.contact_information,pe1_0.name from patrons pe1_0 where pe1_0.id=?
Hibernate: delete from borrowing_records where id=?
deleteAll service method executed. And returned: null
Execution time: 0ms
Hibernate: select be1_0.id,be1_0.author,be1_0.borrowed,be1_0.isbn,be1_0.publication_year,be1_0.title from books be1_0
Hibernate: delete from books where id=?
deleteAll service method executed. And returned: null
Execution time: 0ms
Hibernate: select pe1_0.id,pe1_0.contact_information,pe1_0.name from patrons pe1_0
Hibernate: delete from patrons where id=?
deleteAll service method executed. And returned: null
Execution time: 0ms
Hibernate: select next_val as id_val from book_id_seq for update
Hibernate: update book_id_seq set next_val= ? where next_val=?
Hibernate: insert into books (author,borrowed,isbn,publication_year,title,id) values (?,?,?,?,?,?)
save service method executed. And returned: BookDto(id=3302, title=The Shadow in the Attic, author=Sila Sea, publicationYear=2005, isbn=9781234567890, borrowed=false)
Execution time: 0ms
Hibernate: select next_val as id_val from patron_id_seq for update
Hibernate: update patron_id_seq set next_val= ? where next_val=?
Hibernate: insert into patrons (contact_information,name,id) values (?,?,?)
save service method executed. And returned: PatronDto(id=2502, name=John Doe, contactInformation=john.doe@example.com)
Execution time: 0ms
Hibernate: select be1_0.id,be1_0.author,be1_0.borrowed,be1_0.isbn,be1_0.publication_year,be1_0.title from books be1_0 where be1_0.id=?
Hibernate: select pe1_0.id,pe1_0.contact_information,pe1_0.name from patrons pe1_0 where pe1_0.id=?
Hibernate: insert into borrowing_records (book_id,borrowing_date,patron_id,return_date) values (?,?,?,?)
borrowBook service method executed. And returned: BorrowingRecordDto(id=23, book=BookDto(id=3302, title=The Shadow in the Attic, author=Sila Sea, publicationYear=2005, isbn=9781234567890, borrowed=true), patron=PatronDto(id=2502, name=John Doe, contactInformation=john.doe@example.com), borrowingDate=2024-05-16, returnDate=null)
Execution time: 2ms
Hibernate: update books set author=?,borrowed=?,isbn=?,publication_year=?,title=? where id=?
Hibernate: select count(*) from books be1_0 where be1_0.id=?
isExists service method executed. And returned: true
Execution time: 0ms
Hibernate: select count(*) from patrons pe1_0 where pe1_0.id=?
isExists service method executed. And returned: true
Execution time: 0ms
Hibernate: select be1_0.id,be1_0.author,be1_0.borrowed,be1_0.isbn,be1_0.publication_year,be1_0.title from books be1_0 where be1_0.id=?
isBorrowed service method executed. And returned: true
Execution time: 0ms
Hibernate: select pe1_0.id,pe1_0.contact_information,pe1_0.name from patrons pe1_0 where pe1_0.id=?
Hibernate: select bre1_0.id,bre1_0.book_id,bre1_0.borrowing_date,bre1_0.patron_id,bre1_0.return_date from borrowing_records bre1_0 where bre1_0.book_id=? and bre1_0.patron_id=? and bre1_0.return_date is null
returnBook service method executed. And returned: BorrowingRecordDto(id=23, book=BookDto(id=3302, title=The Shadow in the Attic, author=Sila Sea, publicationYear=2005, isbn=9781234567890, borrowed=false), patron=PatronDto(id=2502, name=John Doe, contactInformation=john.doe@example.com), borrowingDate=2024-05-16, returnDate=2024-05-16)
Execution time: 0ms
Hibernate: update books set author=?,borrowed=?,isbn=?,publication_year=?,title=? where id=?
Hibernate: update borrowing_records set book_id=?,borrowing_date=?,patron_id=?,return_date=? where id=?
returnBook controller method executed!
Execution time: 0ms
2024-05-16T03:41:21.319+01:00  INFO 31379 --- [library-management-system] [           main] j.LocalContainerEntityManagerFactoryBean : Closing JPA EntityManagerFactory for persistence unit 'default'
2024-05-16T03:41:21.320+01:00  INFO 31379 --- [library-management-system] [           main] com.zaxxer.hikari.HikariDataSource       : HikariPool-26 - Shutdown initiated...
2024-05-16T03:41:21.324+01:00  INFO 31379 --- [library-management-system] [           main] com.zaxxer.hikari.HikariDataSource       : HikariPool-26 - Shutdown completed.
]]></system-out>
  </testcase>
  <testcase name="testThatBorrowBookReturnsHttpStatusConflictWhenBookIsAlreadyBorrowed" classname="com.library.management.controllers.BorrowingRecordControllerIntegrationTests" time="0.136">
    <system-out><![CDATA[
  .   ____          _            __ _ _
 /\\ / ___'_ __ _ _(_)_ __  __ _ \ \ \ \
( ( )\___ | '_ | '_| | '_ \/ _` | \ \ \ \
 \\/  ___)| |_)| | | | | || (_| |  ) ) ) )
  '  |____| .__|_| |_|_| |_\__, | / / / /
 =========|_|==============|___/=/_/_/_/
 :: Spring Boot ::                (v3.2.1)

2024-05-16T03:41:21.341+01:00  INFO 31379 --- [library-management-system] [           main] orrowingRecordControllerIntegrationTests : Starting BorrowingRecordControllerIntegrationTests using Java 21.0.1 with PID 31379 (started by deca in /Users/deca/Desktop/library-management-system)
2024-05-16T03:41:21.342+01:00  INFO 31379 --- [library-management-system] [           main] orrowingRecordControllerIntegrationTests : No active profile set, falling back to 1 default profile: "default"
2024-05-16T03:41:21.591+01:00  INFO 31379 --- [library-management-system] [           main] .s.d.r.c.RepositoryConfigurationDelegate : Bootstrapping Spring Data JPA repositories in DEFAULT mode.
2024-05-16T03:41:21.610+01:00  INFO 31379 --- [library-management-system] [           main] .s.d.r.c.RepositoryConfigurationDelegate : Finished Spring Data repository scanning in 18 ms. Found 3 JPA repository interfaces.
2024-05-16T03:41:21.868+01:00  INFO 31379 --- [library-management-system] [           main] o.hibernate.jpa.internal.util.LogHelper  : HHH000204: Processing PersistenceUnitInfo [name: default]
2024-05-16T03:41:21.870+01:00  INFO 31379 --- [library-management-system] [           main] o.h.c.internal.RegionFactoryInitiator    : HHH000026: Second-level cache disabled
2024-05-16T03:41:21.872+01:00  INFO 31379 --- [library-management-system] [           main] o.s.o.j.p.SpringPersistenceUnitInfo      : No LoadTimeWeaver setup: ignoring JPA class transformer
2024-05-16T03:41:21.873+01:00  INFO 31379 --- [library-management-system] [           main] com.zaxxer.hikari.HikariDataSource       : HikariPool-27 - Starting...
2024-05-16T03:41:21.877+01:00  INFO 31379 --- [library-management-system] [           main] com.zaxxer.hikari.pool.HikariPool        : HikariPool-27 - Added connection com.mysql.cj.jdbc.ConnectionImpl@66c02861
2024-05-16T03:41:21.877+01:00  INFO 31379 --- [library-management-system] [           main] com.zaxxer.hikari.HikariDataSource       : HikariPool-27 - Start completed.
2024-05-16T03:41:21.879+01:00  WARN 31379 --- [library-management-system] [           main] org.hibernate.dialect.Dialect            : HHH000511: The 5.5.0 version for [org.hibernate.dialect.MySQLDialect] is no longer supported, hence certain features may not work properly. The minimum supported version is 8.0.0. Check the community dialects project for available legacy versions.
2024-05-16T03:41:21.879+01:00  WARN 31379 --- [library-management-system] [           main] org.hibernate.orm.deprecation            : HHH90000025: MySQLDialect does not need to be specified explicitly using 'hibernate.dialect' (remove the property setting and it will be selected by default)
2024-05-16T03:41:21.951+01:00  INFO 31379 --- [library-management-system] [           main] o.h.e.t.j.p.i.JtaPlatformInitiator       : HHH000489: No JTA platform available (set 'hibernate.transaction.jta.platform' to enable JTA platform integration)
2024-05-16T03:41:21.998+01:00  INFO 31379 --- [library-management-system] [           main] j.LocalContainerEntityManagerFactoryBean : Initialized JPA EntityManagerFactory for persistence unit 'default'
2024-05-16T03:41:22.570+01:00  WARN 31379 --- [library-management-system] [           main] JpaBaseConfiguration$JpaWebConfiguration : spring.jpa.open-in-view is enabled by default. Therefore, database queries may be performed during view rendering. Explicitly configure spring.jpa.open-in-view to disable this warning
2024-05-16T03:41:23.510+01:00  INFO 31379 --- [library-management-system] [           main] o.s.b.t.m.w.SpringBootMockServletContext : Initializing Spring TestDispatcherServlet ''
2024-05-16T03:41:23.511+01:00  INFO 31379 --- [library-management-system] [           main] o.s.t.web.servlet.TestDispatcherServlet  : Initializing Servlet ''
2024-05-16T03:41:23.511+01:00  INFO 31379 --- [library-management-system] [           main] o.s.t.web.servlet.TestDispatcherServlet  : Completed initialization in 0 ms
2024-05-16T03:41:23.520+01:00  INFO 31379 --- [library-management-system] [           main] orrowingRecordControllerIntegrationTests : Started BorrowingRecordControllerIntegrationTests in 2.194 seconds (process running for 85.184)
Hibernate: select bre1_0.id,bre1_0.book_id,bre1_0.borrowing_date,bre1_0.patron_id,bre1_0.return_date from borrowing_records bre1_0
Hibernate: select be1_0.id,be1_0.author,be1_0.borrowed,be1_0.isbn,be1_0.publication_year,be1_0.title from books be1_0 where be1_0.id=?
Hibernate: select pe1_0.id,pe1_0.contact_information,pe1_0.name from patrons pe1_0 where pe1_0.id=?
Hibernate: delete from borrowing_records where id=?
deleteAll service method executed. And returned: null
Execution time: 0ms
Hibernate: select be1_0.id,be1_0.author,be1_0.borrowed,be1_0.isbn,be1_0.publication_year,be1_0.title from books be1_0
Hibernate: delete from books where id=?
deleteAll service method executed. And returned: null
Execution time: 0ms
Hibernate: select pe1_0.id,pe1_0.contact_information,pe1_0.name from patrons pe1_0
Hibernate: delete from patrons where id=?
deleteAll service method executed. And returned: null
Execution time: 0ms
Hibernate: select next_val as id_val from book_id_seq for update
Hibernate: update book_id_seq set next_val= ? where next_val=?
Hibernate: insert into books (author,borrowed,isbn,publication_year,title,id) values (?,?,?,?,?,?)
save service method executed. And returned: BookDto(id=3352, title=The Shadow in the Attic, author=Sila Sea, publicationYear=2005, isbn=9781234567890, borrowed=false)
Execution time: 0ms
Hibernate: select next_val as id_val from patron_id_seq for update
Hibernate: update patron_id_seq set next_val= ? where next_val=?
Hibernate: insert into patrons (contact_information,name,id) values (?,?,?)
save service method executed. And returned: PatronDto(id=2552, name=John Doe, contactInformation=john.doe@example.com)
Execution time: 0ms
Hibernate: insert into patrons (contact_information,name,id) values (?,?,?)
save service method executed. And returned: PatronDto(id=2553, name=Jane Smith, contactInformation=jane.smith@example.com)
Execution time: 0ms
Hibernate: select count(*) from books be1_0 where be1_0.id=?
isExists service method executed. And returned: true
Execution time: 0ms
Hibernate: select count(*) from patrons pe1_0 where pe1_0.id=?
isExists service method executed. And returned: true
Execution time: 0ms
Hibernate: select be1_0.id,be1_0.author,be1_0.borrowed,be1_0.isbn,be1_0.publication_year,be1_0.title from books be1_0 where be1_0.id=?
isBorrowed service method executed. And returned: false
Execution time: 0ms
Hibernate: select pe1_0.id,pe1_0.contact_information,pe1_0.name from patrons pe1_0 where pe1_0.id=?
Hibernate: insert into borrowing_records (book_id,borrowing_date,patron_id,return_date) values (?,?,?,?)
borrowBook service method executed. And returned: BorrowingRecordDto(id=24, book=BookDto(id=3352, title=The Shadow in the Attic, author=Sila Sea, publicationYear=2005, isbn=9781234567890, borrowed=true), patron=PatronDto(id=2552, name=John Doe, contactInformation=john.doe@example.com), borrowingDate=2024-05-16, returnDate=null)
Execution time: 0ms
Hibernate: update books set author=?,borrowed=?,isbn=?,publication_year=?,title=? where id=?
borrowBook controller method executed!
Execution time: 0ms
Hibernate: select count(*) from books be1_0 where be1_0.id=?
isExists service method executed. And returned: true
Execution time: 0ms
Hibernate: select count(*) from patrons pe1_0 where pe1_0.id=?
isExists service method executed. And returned: true
Execution time: 0ms
Hibernate: select be1_0.id,be1_0.author,be1_0.borrowed,be1_0.isbn,be1_0.publication_year,be1_0.title from books be1_0 where be1_0.id=?
isBorrowed service method executed. And returned: true
Execution time: 0ms
borrowBook controller method executed!
Execution time: 0ms
2024-05-16T03:41:23.658+01:00  INFO 31379 --- [library-management-system] [           main] j.LocalContainerEntityManagerFactoryBean : Closing JPA EntityManagerFactory for persistence unit 'default'
2024-05-16T03:41:23.658+01:00  INFO 31379 --- [library-management-system] [           main] com.zaxxer.hikari.HikariDataSource       : HikariPool-27 - Shutdown initiated...
2024-05-16T03:41:23.660+01:00  INFO 31379 --- [library-management-system] [           main] com.zaxxer.hikari.HikariDataSource       : HikariPool-27 - Shutdown completed.
]]></system-out>
  </testcase>
  <testcase name="testThatBorrowBookReturnsHttpStatus404WhenNoBookAndNoPatronExists" classname="com.library.management.controllers.BorrowingRecordControllerIntegrationTests" time="0.056">
    <system-out><![CDATA[
  .   ____          _            __ _ _
 /\\ / ___'_ __ _ _(_)_ __  __ _ \ \ \ \
( ( )\___ | '_ | '_| | '_ \/ _` | \ \ \ \
 \\/  ___)| |_)| | | | | || (_| |  ) ) ) )
  '  |____| .__|_| |_|_| |_\__, | / / / /
 =========|_|==============|___/=/_/_/_/
 :: Spring Boot ::                (v3.2.1)

2024-05-16T03:41:23.685+01:00  INFO 31379 --- [library-management-system] [           main] orrowingRecordControllerIntegrationTests : Starting BorrowingRecordControllerIntegrationTests using Java 21.0.1 with PID 31379 (started by deca in /Users/deca/Desktop/library-management-system)
2024-05-16T03:41:23.685+01:00  INFO 31379 --- [library-management-system] [           main] orrowingRecordControllerIntegrationTests : No active profile set, falling back to 1 default profile: "default"
2024-05-16T03:41:23.971+01:00  INFO 31379 --- [library-management-system] [           main] .s.d.r.c.RepositoryConfigurationDelegate : Bootstrapping Spring Data JPA repositories in DEFAULT mode.
2024-05-16T03:41:23.985+01:00  INFO 31379 --- [library-management-system] [           main] .s.d.r.c.RepositoryConfigurationDelegate : Finished Spring Data repository scanning in 13 ms. Found 3 JPA repository interfaces.
2024-05-16T03:41:24.111+01:00  INFO 31379 --- [library-management-system] [           main] o.hibernate.jpa.internal.util.LogHelper  : HHH000204: Processing PersistenceUnitInfo [name: default]
2024-05-16T03:41:24.113+01:00  INFO 31379 --- [library-management-system] [           main] o.h.c.internal.RegionFactoryInitiator    : HHH000026: Second-level cache disabled
2024-05-16T03:41:24.116+01:00  INFO 31379 --- [library-management-system] [           main] o.s.o.j.p.SpringPersistenceUnitInfo      : No LoadTimeWeaver setup: ignoring JPA class transformer
2024-05-16T03:41:24.117+01:00  INFO 31379 --- [library-management-system] [           main] com.zaxxer.hikari.HikariDataSource       : HikariPool-28 - Starting...
2024-05-16T03:41:24.120+01:00  INFO 31379 --- [library-management-system] [           main] com.zaxxer.hikari.pool.HikariPool        : HikariPool-28 - Added connection com.mysql.cj.jdbc.ConnectionImpl@a0f37a5
2024-05-16T03:41:24.120+01:00  INFO 31379 --- [library-management-system] [           main] com.zaxxer.hikari.HikariDataSource       : HikariPool-28 - Start completed.
2024-05-16T03:41:24.122+01:00  WARN 31379 --- [library-management-system] [           main] org.hibernate.dialect.Dialect            : HHH000511: The 5.5.0 version for [org.hibernate.dialect.MySQLDialect] is no longer supported, hence certain features may not work properly. The minimum supported version is 8.0.0. Check the community dialects project for available legacy versions.
2024-05-16T03:41:24.122+01:00  WARN 31379 --- [library-management-system] [           main] org.hibernate.orm.deprecation            : HHH90000025: MySQLDialect does not need to be specified explicitly using 'hibernate.dialect' (remove the property setting and it will be selected by default)
2024-05-16T03:41:24.189+01:00  INFO 31379 --- [library-management-system] [           main] o.h.e.t.j.p.i.JtaPlatformInitiator       : HHH000489: No JTA platform available (set 'hibernate.transaction.jta.platform' to enable JTA platform integration)
2024-05-16T03:41:24.233+01:00  INFO 31379 --- [library-management-system] [           main] j.LocalContainerEntityManagerFactoryBean : Initialized JPA EntityManagerFactory for persistence unit 'default'
2024-05-16T03:41:24.736+01:00  WARN 31379 --- [library-management-system] [           main] JpaBaseConfiguration$JpaWebConfiguration : spring.jpa.open-in-view is enabled by default. Therefore, database queries may be performed during view rendering. Explicitly configure spring.jpa.open-in-view to disable this warning
2024-05-16T03:41:25.414+01:00  INFO 31379 --- [library-management-system] [           main] o.s.b.t.m.w.SpringBootMockServletContext : Initializing Spring TestDispatcherServlet ''
2024-05-16T03:41:25.415+01:00  INFO 31379 --- [library-management-system] [           main] o.s.t.web.servlet.TestDispatcherServlet  : Initializing Servlet ''
2024-05-16T03:41:25.416+01:00  INFO 31379 --- [library-management-system] [           main] o.s.t.web.servlet.TestDispatcherServlet  : Completed initialization in 0 ms
2024-05-16T03:41:25.424+01:00  INFO 31379 --- [library-management-system] [           main] orrowingRecordControllerIntegrationTests : Started BorrowingRecordControllerIntegrationTests in 1.761 seconds (process running for 87.088)
Hibernate: select bre1_0.id,bre1_0.book_id,bre1_0.borrowing_date,bre1_0.patron_id,bre1_0.return_date from borrowing_records bre1_0
Hibernate: select be1_0.id,be1_0.author,be1_0.borrowed,be1_0.isbn,be1_0.publication_year,be1_0.title from books be1_0 where be1_0.id=?
Hibernate: select pe1_0.id,pe1_0.contact_information,pe1_0.name from patrons pe1_0 where pe1_0.id=?
Hibernate: delete from borrowing_records where id=?
deleteAll service method executed. And returned: null
Execution time: 0ms
Hibernate: select be1_0.id,be1_0.author,be1_0.borrowed,be1_0.isbn,be1_0.publication_year,be1_0.title from books be1_0
Hibernate: delete from books where id=?
deleteAll service method executed. And returned: null
Execution time: 0ms
Hibernate: select pe1_0.id,pe1_0.contact_information,pe1_0.name from patrons pe1_0
Hibernate: delete from patrons where id=?
Hibernate: delete from patrons where id=?
deleteAll service method executed. And returned: null
Execution time: 0ms
Hibernate: select count(*) from books be1_0 where be1_0.id=?
isExists service method executed. And returned: false
Execution time: 0ms
borrowBook controller method executed!
Execution time: 0ms
2024-05-16T03:41:25.477+01:00  INFO 31379 --- [library-management-system] [           main] j.LocalContainerEntityManagerFactoryBean : Closing JPA EntityManagerFactory for persistence unit 'default'
2024-05-16T03:41:25.477+01:00  INFO 31379 --- [library-management-system] [           main] com.zaxxer.hikari.HikariDataSource       : HikariPool-28 - Shutdown initiated...
2024-05-16T03:41:25.482+01:00  INFO 31379 --- [library-management-system] [           main] com.zaxxer.hikari.HikariDataSource       : HikariPool-28 - Shutdown completed.
]]></system-out>
  </testcase>
  <testcase name="testThatReturnBookReturnsBorrowingRecord" classname="com.library.management.controllers.BorrowingRecordControllerIntegrationTests" time="0.112">
    <system-out><![CDATA[
  .   ____          _            __ _ _
 /\\ / ___'_ __ _ _(_)_ __  __ _ \ \ \ \
( ( )\___ | '_ | '_| | '_ \/ _` | \ \ \ \
 \\/  ___)| |_)| | | | | || (_| |  ) ) ) )
  '  |____| .__|_| |_|_| |_\__, | / / / /
 =========|_|==============|___/=/_/_/_/
 :: Spring Boot ::                (v3.2.1)

2024-05-16T03:41:25.502+01:00  INFO 31379 --- [library-management-system] [           main] orrowingRecordControllerIntegrationTests : Starting BorrowingRecordControllerIntegrationTests using Java 21.0.1 with PID 31379 (started by deca in /Users/deca/Desktop/library-management-system)
2024-05-16T03:41:25.502+01:00  INFO 31379 --- [library-management-system] [           main] orrowingRecordControllerIntegrationTests : No active profile set, falling back to 1 default profile: "default"
2024-05-16T03:41:25.720+01:00  INFO 31379 --- [library-management-system] [           main] .s.d.r.c.RepositoryConfigurationDelegate : Bootstrapping Spring Data JPA repositories in DEFAULT mode.
2024-05-16T03:41:25.742+01:00  INFO 31379 --- [library-management-system] [           main] .s.d.r.c.RepositoryConfigurationDelegate : Finished Spring Data repository scanning in 21 ms. Found 3 JPA repository interfaces.
2024-05-16T03:41:25.868+01:00  INFO 31379 --- [library-management-system] [           main] o.hibernate.jpa.internal.util.LogHelper  : HHH000204: Processing PersistenceUnitInfo [name: default]
2024-05-16T03:41:25.869+01:00  INFO 31379 --- [library-management-system] [           main] o.h.c.internal.RegionFactoryInitiator    : HHH000026: Second-level cache disabled
2024-05-16T03:41:25.873+01:00  INFO 31379 --- [library-management-system] [           main] o.s.o.j.p.SpringPersistenceUnitInfo      : No LoadTimeWeaver setup: ignoring JPA class transformer
2024-05-16T03:41:25.874+01:00  INFO 31379 --- [library-management-system] [           main] com.zaxxer.hikari.HikariDataSource       : HikariPool-29 - Starting...
2024-05-16T03:41:25.877+01:00  INFO 31379 --- [library-management-system] [           main] com.zaxxer.hikari.pool.HikariPool        : HikariPool-29 - Added connection com.mysql.cj.jdbc.ConnectionImpl@7e83f37f
2024-05-16T03:41:25.877+01:00  INFO 31379 --- [library-management-system] [           main] com.zaxxer.hikari.HikariDataSource       : HikariPool-29 - Start completed.
2024-05-16T03:41:25.878+01:00  WARN 31379 --- [library-management-system] [           main] org.hibernate.dialect.Dialect            : HHH000511: The 5.5.0 version for [org.hibernate.dialect.MySQLDialect] is no longer supported, hence certain features may not work properly. The minimum supported version is 8.0.0. Check the community dialects project for available legacy versions.
2024-05-16T03:41:25.878+01:00  WARN 31379 --- [library-management-system] [           main] org.hibernate.orm.deprecation            : HHH90000025: MySQLDialect does not need to be specified explicitly using 'hibernate.dialect' (remove the property setting and it will be selected by default)
2024-05-16T03:41:25.949+01:00  INFO 31379 --- [library-management-system] [           main] o.h.e.t.j.p.i.JtaPlatformInitiator       : HHH000489: No JTA platform available (set 'hibernate.transaction.jta.platform' to enable JTA platform integration)
2024-05-16T03:41:25.991+01:00  INFO 31379 --- [library-management-system] [           main] j.LocalContainerEntityManagerFactoryBean : Initialized JPA EntityManagerFactory for persistence unit 'default'
2024-05-16T03:41:26.496+01:00  WARN 31379 --- [library-management-system] [           main] JpaBaseConfiguration$JpaWebConfiguration : spring.jpa.open-in-view is enabled by default. Therefore, database queries may be performed during view rendering. Explicitly configure spring.jpa.open-in-view to disable this warning
2024-05-16T03:41:27.171+01:00  INFO 31379 --- [library-management-system] [           main] o.s.b.t.m.w.SpringBootMockServletContext : Initializing Spring TestDispatcherServlet ''
2024-05-16T03:41:27.171+01:00  INFO 31379 --- [library-management-system] [           main] o.s.t.web.servlet.TestDispatcherServlet  : Initializing Servlet ''
2024-05-16T03:41:27.173+01:00  INFO 31379 --- [library-management-system] [           main] o.s.t.web.servlet.TestDispatcherServlet  : Completed initialization in 2 ms
2024-05-16T03:41:27.183+01:00  INFO 31379 --- [library-management-system] [           main] orrowingRecordControllerIntegrationTests : Started BorrowingRecordControllerIntegrationTests in 1.698 seconds (process running for 88.847)
Hibernate: select bre1_0.id,bre1_0.book_id,bre1_0.borrowing_date,bre1_0.patron_id,bre1_0.return_date from borrowing_records bre1_0
deleteAll service method executed. And returned: null
Execution time: 0ms
Hibernate: select be1_0.id,be1_0.author,be1_0.borrowed,be1_0.isbn,be1_0.publication_year,be1_0.title from books be1_0
deleteAll service method executed. And returned: null
Execution time: 0ms
Hibernate: select pe1_0.id,pe1_0.contact_information,pe1_0.name from patrons pe1_0
deleteAll service method executed. And returned: null
Execution time: 0ms
Hibernate: select next_val as id_val from book_id_seq for update
Hibernate: update book_id_seq set next_val= ? where next_val=?
Hibernate: insert into books (author,borrowed,isbn,publication_year,title,id) values (?,?,?,?,?,?)
save service method executed. And returned: BookDto(id=3402, title=The Shadow in the Attic, author=Sila Sea, publicationYear=2005, isbn=9781234567890, borrowed=false)
Execution time: 0ms
Hibernate: select next_val as id_val from patron_id_seq for update
Hibernate: update patron_id_seq set next_val= ? where next_val=?
Hibernate: insert into patrons (contact_information,name,id) values (?,?,?)
save service method executed. And returned: PatronDto(id=2602, name=John Doe, contactInformation=john.doe@example.com)
Execution time: 0ms
Hibernate: select be1_0.id,be1_0.author,be1_0.borrowed,be1_0.isbn,be1_0.publication_year,be1_0.title from books be1_0 where be1_0.id=?
Hibernate: select pe1_0.id,pe1_0.contact_information,pe1_0.name from patrons pe1_0 where pe1_0.id=?
Hibernate: insert into borrowing_records (book_id,borrowing_date,patron_id,return_date) values (?,?,?,?)
borrowBook service method executed. And returned: BorrowingRecordDto(id=25, book=BookDto(id=3402, title=The Shadow in the Attic, author=Sila Sea, publicationYear=2005, isbn=9781234567890, borrowed=true), patron=PatronDto(id=2602, name=John Doe, contactInformation=john.doe@example.com), borrowingDate=2024-05-16, returnDate=null)
Execution time: 0ms
Hibernate: update books set author=?,borrowed=?,isbn=?,publication_year=?,title=? where id=?
Hibernate: select count(*) from books be1_0 where be1_0.id=?
isExists service method executed. And returned: true
Execution time: 0ms
Hibernate: select count(*) from patrons pe1_0 where pe1_0.id=?
isExists service method executed. And returned: true
Execution time: 0ms
Hibernate: select be1_0.id,be1_0.author,be1_0.borrowed,be1_0.isbn,be1_0.publication_year,be1_0.title from books be1_0 where be1_0.id=?
isBorrowed service method executed. And returned: true
Execution time: 0ms
Hibernate: select pe1_0.id,pe1_0.contact_information,pe1_0.name from patrons pe1_0 where pe1_0.id=?
Hibernate: select bre1_0.id,bre1_0.book_id,bre1_0.borrowing_date,bre1_0.patron_id,bre1_0.return_date from borrowing_records bre1_0 where bre1_0.book_id=? and bre1_0.patron_id=? and bre1_0.return_date is null
returnBook service method executed. And returned: BorrowingRecordDto(id=25, book=BookDto(id=3402, title=The Shadow in the Attic, author=Sila Sea, publicationYear=2005, isbn=9781234567890, borrowed=false), patron=PatronDto(id=2602, name=John Doe, contactInformation=john.doe@example.com), borrowingDate=2024-05-16, returnDate=2024-05-16)
Execution time: 0ms
Hibernate: update books set author=?,borrowed=?,isbn=?,publication_year=?,title=? where id=?
Hibernate: update borrowing_records set book_id=?,borrowing_date=?,patron_id=?,return_date=? where id=?
returnBook controller method executed!
Execution time: 0ms
2024-05-16T03:41:27.293+01:00  INFO 31379 --- [library-management-system] [           main] j.LocalContainerEntityManagerFactoryBean : Closing JPA EntityManagerFactory for persistence unit 'default'
2024-05-16T03:41:27.294+01:00  INFO 31379 --- [library-management-system] [           main] com.zaxxer.hikari.HikariDataSource       : HikariPool-29 - Shutdown initiated...
2024-05-16T03:41:27.298+01:00  INFO 31379 --- [library-management-system] [           main] com.zaxxer.hikari.HikariDataSource       : HikariPool-29 - Shutdown completed.
]]></system-out>
  </testcase>
  <testcase name="testThatBorrowBookReturnsBorrowingRecord" classname="com.library.management.controllers.BorrowingRecordControllerIntegrationTests" time="0.098">
    <system-out><![CDATA[
  .   ____          _            __ _ _
 /\\ / ___'_ __ _ _(_)_ __  __ _ \ \ \ \
( ( )\___ | '_ | '_| | '_ \/ _` | \ \ \ \
 \\/  ___)| |_)| | | | | || (_| |  ) ) ) )
  '  |____| .__|_| |_|_| |_\__, | / / / /
 =========|_|==============|___/=/_/_/_/
 :: Spring Boot ::                (v3.2.1)

2024-05-16T03:41:27.318+01:00  INFO 31379 --- [library-management-system] [           main] orrowingRecordControllerIntegrationTests : Starting BorrowingRecordControllerIntegrationTests using Java 21.0.1 with PID 31379 (started by deca in /Users/deca/Desktop/library-management-system)
2024-05-16T03:41:27.319+01:00  INFO 31379 --- [library-management-system] [           main] orrowingRecordControllerIntegrationTests : No active profile set, falling back to 1 default profile: "default"
2024-05-16T03:41:27.548+01:00  INFO 31379 --- [library-management-system] [           main] .s.d.r.c.RepositoryConfigurationDelegate : Bootstrapping Spring Data JPA repositories in DEFAULT mode.
2024-05-16T03:41:27.559+01:00  INFO 31379 --- [library-management-system] [           main] .s.d.r.c.RepositoryConfigurationDelegate : Finished Spring Data repository scanning in 10 ms. Found 3 JPA repository interfaces.
2024-05-16T03:41:27.723+01:00  INFO 31379 --- [library-management-system] [           main] o.hibernate.jpa.internal.util.LogHelper  : HHH000204: Processing PersistenceUnitInfo [name: default]
2024-05-16T03:41:27.724+01:00  INFO 31379 --- [library-management-system] [           main] o.h.c.internal.RegionFactoryInitiator    : HHH000026: Second-level cache disabled
2024-05-16T03:41:27.727+01:00  INFO 31379 --- [library-management-system] [           main] o.s.o.j.p.SpringPersistenceUnitInfo      : No LoadTimeWeaver setup: ignoring JPA class transformer
2024-05-16T03:41:27.727+01:00  INFO 31379 --- [library-management-system] [           main] com.zaxxer.hikari.HikariDataSource       : HikariPool-30 - Starting...
2024-05-16T03:41:27.735+01:00  INFO 31379 --- [library-management-system] [           main] com.zaxxer.hikari.pool.HikariPool        : HikariPool-30 - Added connection com.mysql.cj.jdbc.ConnectionImpl@3d86df04
2024-05-16T03:41:27.735+01:00  INFO 31379 --- [library-management-system] [           main] com.zaxxer.hikari.HikariDataSource       : HikariPool-30 - Start completed.
2024-05-16T03:41:27.736+01:00  WARN 31379 --- [library-management-system] [           main] org.hibernate.dialect.Dialect            : HHH000511: The 5.5.0 version for [org.hibernate.dialect.MySQLDialect] is no longer supported, hence certain features may not work properly. The minimum supported version is 8.0.0. Check the community dialects project for available legacy versions.
2024-05-16T03:41:27.736+01:00  WARN 31379 --- [library-management-system] [           main] org.hibernate.orm.deprecation            : HHH90000025: MySQLDialect does not need to be specified explicitly using 'hibernate.dialect' (remove the property setting and it will be selected by default)
2024-05-16T03:41:27.807+01:00  INFO 31379 --- [library-management-system] [           main] o.h.e.t.j.p.i.JtaPlatformInitiator       : HHH000489: No JTA platform available (set 'hibernate.transaction.jta.platform' to enable JTA platform integration)
2024-05-16T03:41:27.849+01:00  INFO 31379 --- [library-management-system] [           main] j.LocalContainerEntityManagerFactoryBean : Initialized JPA EntityManagerFactory for persistence unit 'default'
2024-05-16T03:41:28.348+01:00  WARN 31379 --- [library-management-system] [           main] JpaBaseConfiguration$JpaWebConfiguration : spring.jpa.open-in-view is enabled by default. Therefore, database queries may be performed during view rendering. Explicitly configure spring.jpa.open-in-view to disable this warning
2024-05-16T03:41:28.999+01:00  INFO 31379 --- [library-management-system] [           main] o.s.b.t.m.w.SpringBootMockServletContext : Initializing Spring TestDispatcherServlet ''
2024-05-16T03:41:28.999+01:00  INFO 31379 --- [library-management-system] [           main] o.s.t.web.servlet.TestDispatcherServlet  : Initializing Servlet ''
2024-05-16T03:41:29.000+01:00  INFO 31379 --- [library-management-system] [           main] o.s.t.web.servlet.TestDispatcherServlet  : Completed initialization in 1 ms
2024-05-16T03:41:29.008+01:00  INFO 31379 --- [library-management-system] [           main] orrowingRecordControllerIntegrationTests : Started BorrowingRecordControllerIntegrationTests in 1.707 seconds (process running for 90.672)
Hibernate: select bre1_0.id,bre1_0.book_id,bre1_0.borrowing_date,bre1_0.patron_id,bre1_0.return_date from borrowing_records bre1_0
Hibernate: select be1_0.id,be1_0.author,be1_0.borrowed,be1_0.isbn,be1_0.publication_year,be1_0.title from books be1_0 where be1_0.id=?
Hibernate: select pe1_0.id,pe1_0.contact_information,pe1_0.name from patrons pe1_0 where pe1_0.id=?
Hibernate: delete from borrowing_records where id=?
deleteAll service method executed. And returned: null
Execution time: 0ms
Hibernate: select be1_0.id,be1_0.author,be1_0.borrowed,be1_0.isbn,be1_0.publication_year,be1_0.title from books be1_0
Hibernate: delete from books where id=?
deleteAll service method executed. And returned: null
Execution time: 0ms
Hibernate: select pe1_0.id,pe1_0.contact_information,pe1_0.name from patrons pe1_0
Hibernate: delete from patrons where id=?
deleteAll service method executed. And returned: null
Execution time: 1ms
Hibernate: select next_val as id_val from book_id_seq for update
Hibernate: update book_id_seq set next_val= ? where next_val=?
Hibernate: insert into books (author,borrowed,isbn,publication_year,title,id) values (?,?,?,?,?,?)
save service method executed. And returned: BookDto(id=3452, title=The Shadow in the Attic, author=Sila Sea, publicationYear=2005, isbn=9781234567890, borrowed=false)
Execution time: 1ms
Hibernate: select next_val as id_val from patron_id_seq for update
Hibernate: update patron_id_seq set next_val= ? where next_val=?
Hibernate: insert into patrons (contact_information,name,id) values (?,?,?)
save service method executed. And returned: PatronDto(id=2652, name=John Doe, contactInformation=john.doe@example.com)
Execution time: 1ms
Hibernate: select count(*) from books be1_0 where be1_0.id=?
isExists service method executed. And returned: true
Execution time: 0ms
Hibernate: select count(*) from patrons pe1_0 where pe1_0.id=?
isExists service method executed. And returned: true
Execution time: 0ms
Hibernate: select be1_0.id,be1_0.author,be1_0.borrowed,be1_0.isbn,be1_0.publication_year,be1_0.title from books be1_0 where be1_0.id=?
isBorrowed service method executed. And returned: false
Execution time: 0ms
Hibernate: select pe1_0.id,pe1_0.contact_information,pe1_0.name from patrons pe1_0 where pe1_0.id=?
Hibernate: insert into borrowing_records (book_id,borrowing_date,patron_id,return_date) values (?,?,?,?)
borrowBook service method executed. And returned: BorrowingRecordDto(id=26, book=BookDto(id=3452, title=The Shadow in the Attic, author=Sila Sea, publicationYear=2005, isbn=9781234567890, borrowed=true), patron=PatronDto(id=2652, name=John Doe, contactInformation=john.doe@example.com), borrowingDate=2024-05-16, returnDate=null)
Execution time: 0ms
Hibernate: update books set author=?,borrowed=?,isbn=?,publication_year=?,title=? where id=?
borrowBook controller method executed!
Execution time: 0ms
2024-05-16T03:41:29.107+01:00  INFO 31379 --- [library-management-system] [           main] j.LocalContainerEntityManagerFactoryBean : Closing JPA EntityManagerFactory for persistence unit 'default'
2024-05-16T03:41:29.108+01:00  INFO 31379 --- [library-management-system] [           main] com.zaxxer.hikari.HikariDataSource       : HikariPool-30 - Shutdown initiated...
2024-05-16T03:41:29.109+01:00  INFO 31379 --- [library-management-system] [           main] com.zaxxer.hikari.HikariDataSource       : HikariPool-30 - Shutdown completed.
]]></system-out>
  </testcase>
  <testcase name="testThatReturnBookReturnsHttpStatusConflictWhenBookIsNotBorrowed" classname="com.library.management.controllers.BorrowingRecordControllerIntegrationTests" time="0.091">
    <system-out><![CDATA[
  .   ____          _            __ _ _
 /\\ / ___'_ __ _ _(_)_ __  __ _ \ \ \ \
( ( )\___ | '_ | '_| | '_ \/ _` | \ \ \ \
 \\/  ___)| |_)| | | | | || (_| |  ) ) ) )
  '  |____| .__|_| |_|_| |_\__, | / / / /
 =========|_|==============|___/=/_/_/_/
 :: Spring Boot ::                (v3.2.1)

2024-05-16T03:41:29.130+01:00  INFO 31379 --- [library-management-system] [           main] orrowingRecordControllerIntegrationTests : Starting BorrowingRecordControllerIntegrationTests using Java 21.0.1 with PID 31379 (started by deca in /Users/deca/Desktop/library-management-system)
2024-05-16T03:41:29.130+01:00  INFO 31379 --- [library-management-system] [           main] orrowingRecordControllerIntegrationTests : No active profile set, falling back to 1 default profile: "default"
2024-05-16T03:41:29.341+01:00  INFO 31379 --- [library-management-system] [           main] .s.d.r.c.RepositoryConfigurationDelegate : Bootstrapping Spring Data JPA repositories in DEFAULT mode.
2024-05-16T03:41:29.355+01:00  INFO 31379 --- [library-management-system] [           main] .s.d.r.c.RepositoryConfigurationDelegate : Finished Spring Data repository scanning in 13 ms. Found 3 JPA repository interfaces.
2024-05-16T03:41:29.476+01:00  INFO 31379 --- [library-management-system] [           main] o.hibernate.jpa.internal.util.LogHelper  : HHH000204: Processing PersistenceUnitInfo [name: default]
2024-05-16T03:41:29.477+01:00  INFO 31379 --- [library-management-system] [           main] o.h.c.internal.RegionFactoryInitiator    : HHH000026: Second-level cache disabled
2024-05-16T03:41:29.483+01:00  INFO 31379 --- [library-management-system] [           main] o.s.o.j.p.SpringPersistenceUnitInfo      : No LoadTimeWeaver setup: ignoring JPA class transformer
2024-05-16T03:41:29.484+01:00  INFO 31379 --- [library-management-system] [           main] com.zaxxer.hikari.HikariDataSource       : HikariPool-31 - Starting...
2024-05-16T03:41:29.487+01:00  INFO 31379 --- [library-management-system] [           main] com.zaxxer.hikari.pool.HikariPool        : HikariPool-31 - Added connection com.mysql.cj.jdbc.ConnectionImpl@2fa672e9
2024-05-16T03:41:29.487+01:00  INFO 31379 --- [library-management-system] [           main] com.zaxxer.hikari.HikariDataSource       : HikariPool-31 - Start completed.
2024-05-16T03:41:29.489+01:00  WARN 31379 --- [library-management-system] [           main] org.hibernate.dialect.Dialect            : HHH000511: The 5.5.0 version for [org.hibernate.dialect.MySQLDialect] is no longer supported, hence certain features may not work properly. The minimum supported version is 8.0.0. Check the community dialects project for available legacy versions.
2024-05-16T03:41:29.489+01:00  WARN 31379 --- [library-management-system] [           main] org.hibernate.orm.deprecation            : HHH90000025: MySQLDialect does not need to be specified explicitly using 'hibernate.dialect' (remove the property setting and it will be selected by default)
2024-05-16T03:41:29.548+01:00  INFO 31379 --- [library-management-system] [           main] o.h.e.t.j.p.i.JtaPlatformInitiator       : HHH000489: No JTA platform available (set 'hibernate.transaction.jta.platform' to enable JTA platform integration)
2024-05-16T03:41:29.588+01:00  INFO 31379 --- [library-management-system] [           main] j.LocalContainerEntityManagerFactoryBean : Initialized JPA EntityManagerFactory for persistence unit 'default'
2024-05-16T03:41:30.088+01:00  WARN 31379 --- [library-management-system] [           main] JpaBaseConfiguration$JpaWebConfiguration : spring.jpa.open-in-view is enabled by default. Therefore, database queries may be performed during view rendering. Explicitly configure spring.jpa.open-in-view to disable this warning
2024-05-16T03:41:30.785+01:00  INFO 31379 --- [library-management-system] [           main] o.s.b.t.m.w.SpringBootMockServletContext : Initializing Spring TestDispatcherServlet ''
2024-05-16T03:41:30.785+01:00  INFO 31379 --- [library-management-system] [           main] o.s.t.web.servlet.TestDispatcherServlet  : Initializing Servlet ''
2024-05-16T03:41:30.786+01:00  INFO 31379 --- [library-management-system] [           main] o.s.t.web.servlet.TestDispatcherServlet  : Completed initialization in 1 ms
2024-05-16T03:41:30.793+01:00  INFO 31379 --- [library-management-system] [           main] orrowingRecordControllerIntegrationTests : Started BorrowingRecordControllerIntegrationTests in 1.681 seconds (process running for 92.457)
Hibernate: select bre1_0.id,bre1_0.book_id,bre1_0.borrowing_date,bre1_0.patron_id,bre1_0.return_date from borrowing_records bre1_0
Hibernate: select be1_0.id,be1_0.author,be1_0.borrowed,be1_0.isbn,be1_0.publication_year,be1_0.title from books be1_0 where be1_0.id=?
Hibernate: select pe1_0.id,pe1_0.contact_information,pe1_0.name from patrons pe1_0 where pe1_0.id=?
Hibernate: delete from borrowing_records where id=?
deleteAll service method executed. And returned: null
Execution time: 0ms
Hibernate: select be1_0.id,be1_0.author,be1_0.borrowed,be1_0.isbn,be1_0.publication_year,be1_0.title from books be1_0
Hibernate: delete from books where id=?
deleteAll service method executed. And returned: null
Execution time: 0ms
Hibernate: select pe1_0.id,pe1_0.contact_information,pe1_0.name from patrons pe1_0
Hibernate: delete from patrons where id=?
deleteAll service method executed. And returned: null
Execution time: 0ms
Hibernate: select next_val as id_val from book_id_seq for update
Hibernate: update book_id_seq set next_val= ? where next_val=?
Hibernate: insert into books (author,borrowed,isbn,publication_year,title,id) values (?,?,?,?,?,?)
save service method executed. And returned: BookDto(id=3502, title=The Shadow in the Attic, author=Sila Sea, publicationYear=2005, isbn=9781234567890, borrowed=false)
Execution time: 0ms
Hibernate: select next_val as id_val from patron_id_seq for update
Hibernate: update patron_id_seq set next_val= ? where next_val=?
Hibernate: insert into patrons (contact_information,name,id) values (?,?,?)
save service method executed. And returned: PatronDto(id=2702, name=John Doe, contactInformation=john.doe@example.com)
Execution time: 0ms
Hibernate: select count(*) from books be1_0 where be1_0.id=?
isExists service method executed. And returned: true
Execution time: 0ms
Hibernate: select count(*) from patrons pe1_0 where pe1_0.id=?
isExists service method executed. And returned: true
Execution time: 0ms
Hibernate: select be1_0.id,be1_0.author,be1_0.borrowed,be1_0.isbn,be1_0.publication_year,be1_0.title from books be1_0 where be1_0.id=?
isBorrowed service method executed. And returned: false
Execution time: 0ms
returnBook controller method executed!
Execution time: 0ms
2024-05-16T03:41:30.884+01:00  INFO 31379 --- [library-management-system] [           main] j.LocalContainerEntityManagerFactoryBean : Closing JPA EntityManagerFactory for persistence unit 'default'
2024-05-16T03:41:30.885+01:00  INFO 31379 --- [library-management-system] [           main] com.zaxxer.hikari.HikariDataSource       : HikariPool-31 - Shutdown initiated...
2024-05-16T03:41:30.886+01:00  INFO 31379 --- [library-management-system] [           main] com.zaxxer.hikari.HikariDataSource       : HikariPool-31 - Shutdown completed.
]]></system-out>
  </testcase>
  <testcase name="testThatReturnBookReturnsHttpStatus400WhenNoBookAndNoPatronExists" classname="com.library.management.controllers.BorrowingRecordControllerIntegrationTests" time="0.051">
    <system-out><![CDATA[
  .   ____          _            __ _ _
 /\\ / ___'_ __ _ _(_)_ __  __ _ \ \ \ \
( ( )\___ | '_ | '_| | '_ \/ _` | \ \ \ \
 \\/  ___)| |_)| | | | | || (_| |  ) ) ) )
  '  |____| .__|_| |_|_| |_\__, | / / / /
 =========|_|==============|___/=/_/_/_/
 :: Spring Boot ::                (v3.2.1)

2024-05-16T03:41:30.906+01:00  INFO 31379 --- [library-management-system] [           main] orrowingRecordControllerIntegrationTests : Starting BorrowingRecordControllerIntegrationTests using Java 21.0.1 with PID 31379 (started by deca in /Users/deca/Desktop/library-management-system)
2024-05-16T03:41:30.906+01:00  INFO 31379 --- [library-management-system] [           main] orrowingRecordControllerIntegrationTests : No active profile set, falling back to 1 default profile: "default"
2024-05-16T03:41:31.121+01:00  INFO 31379 --- [library-management-system] [           main] .s.d.r.c.RepositoryConfigurationDelegate : Bootstrapping Spring Data JPA repositories in DEFAULT mode.
2024-05-16T03:41:31.135+01:00  INFO 31379 --- [library-management-system] [           main] .s.d.r.c.RepositoryConfigurationDelegate : Finished Spring Data repository scanning in 13 ms. Found 3 JPA repository interfaces.
2024-05-16T03:41:31.263+01:00  INFO 31379 --- [library-management-system] [           main] o.hibernate.jpa.internal.util.LogHelper  : HHH000204: Processing PersistenceUnitInfo [name: default]
2024-05-16T03:41:31.265+01:00  INFO 31379 --- [library-management-system] [           main] o.h.c.internal.RegionFactoryInitiator    : HHH000026: Second-level cache disabled
2024-05-16T03:41:31.267+01:00  INFO 31379 --- [library-management-system] [           main] o.s.o.j.p.SpringPersistenceUnitInfo      : No LoadTimeWeaver setup: ignoring JPA class transformer
2024-05-16T03:41:31.268+01:00  INFO 31379 --- [library-management-system] [           main] com.zaxxer.hikari.HikariDataSource       : HikariPool-32 - Starting...
2024-05-16T03:41:31.272+01:00  INFO 31379 --- [library-management-system] [           main] com.zaxxer.hikari.pool.HikariPool        : HikariPool-32 - Added connection com.mysql.cj.jdbc.ConnectionImpl@326389f7
2024-05-16T03:41:31.272+01:00  INFO 31379 --- [library-management-system] [           main] com.zaxxer.hikari.HikariDataSource       : HikariPool-32 - Start completed.
2024-05-16T03:41:31.273+01:00  WARN 31379 --- [library-management-system] [           main] org.hibernate.dialect.Dialect            : HHH000511: The 5.5.0 version for [org.hibernate.dialect.MySQLDialect] is no longer supported, hence certain features may not work properly. The minimum supported version is 8.0.0. Check the community dialects project for available legacy versions.
2024-05-16T03:41:31.273+01:00  WARN 31379 --- [library-management-system] [           main] org.hibernate.orm.deprecation            : HHH90000025: MySQLDialect does not need to be specified explicitly using 'hibernate.dialect' (remove the property setting and it will be selected by default)
2024-05-16T03:41:31.338+01:00  INFO 31379 --- [library-management-system] [           main] o.h.e.t.j.p.i.JtaPlatformInitiator       : HHH000489: No JTA platform available (set 'hibernate.transaction.jta.platform' to enable JTA platform integration)
2024-05-16T03:41:31.388+01:00  INFO 31379 --- [library-management-system] [           main] j.LocalContainerEntityManagerFactoryBean : Initialized JPA EntityManagerFactory for persistence unit 'default'
2024-05-16T03:41:31.993+01:00  WARN 31379 --- [library-management-system] [           main] JpaBaseConfiguration$JpaWebConfiguration : spring.jpa.open-in-view is enabled by default. Therefore, database queries may be performed during view rendering. Explicitly configure spring.jpa.open-in-view to disable this warning
2024-05-16T03:41:32.794+01:00  INFO 31379 --- [library-management-system] [           main] o.s.b.t.m.w.SpringBootMockServletContext : Initializing Spring TestDispatcherServlet ''
2024-05-16T03:41:32.794+01:00  INFO 31379 --- [library-management-system] [           main] o.s.t.web.servlet.TestDispatcherServlet  : Initializing Servlet ''
2024-05-16T03:41:32.795+01:00  INFO 31379 --- [library-management-system] [           main] o.s.t.web.servlet.TestDispatcherServlet  : Completed initialization in 1 ms
2024-05-16T03:41:32.806+01:00  INFO 31379 --- [library-management-system] [           main] orrowingRecordControllerIntegrationTests : Started BorrowingRecordControllerIntegrationTests in 1.918 seconds (process running for 94.47)
Hibernate: select bre1_0.id,bre1_0.book_id,bre1_0.borrowing_date,bre1_0.patron_id,bre1_0.return_date from borrowing_records bre1_0
deleteAll service method executed. And returned: null
Execution time: 0ms
Hibernate: select be1_0.id,be1_0.author,be1_0.borrowed,be1_0.isbn,be1_0.publication_year,be1_0.title from books be1_0
Hibernate: delete from books where id=?
deleteAll service method executed. And returned: null
Execution time: 0ms
Hibernate: select pe1_0.id,pe1_0.contact_information,pe1_0.name from patrons pe1_0
Hibernate: delete from patrons where id=?
deleteAll service method executed. And returned: null
Execution time: 0ms
Hibernate: select count(*) from books be1_0 where be1_0.id=?
isExists service method executed. And returned: false
Execution time: 0ms
returnBook controller method executed!
Execution time: 0ms
2024-05-16T03:41:32.857+01:00  INFO 31379 --- [library-management-system] [           main] j.LocalContainerEntityManagerFactoryBean : Closing JPA EntityManagerFactory for persistence unit 'default'
2024-05-16T03:41:32.857+01:00  INFO 31379 --- [library-management-system] [           main] com.zaxxer.hikari.HikariDataSource       : HikariPool-32 - Shutdown initiated...
2024-05-16T03:41:32.861+01:00  INFO 31379 --- [library-management-system] [           main] com.zaxxer.hikari.HikariDataSource       : HikariPool-32 - Shutdown completed.
]]></system-out>
  </testcase>
  <testcase name="testThatBorrowBookReturnsHttpStatus201" classname="com.library.management.controllers.BorrowingRecordControllerIntegrationTests" time="0.092">
    <system-out><![CDATA[
  .   ____          _            __ _ _
 /\\ / ___'_ __ _ _(_)_ __  __ _ \ \ \ \
( ( )\___ | '_ | '_| | '_ \/ _` | \ \ \ \
 \\/  ___)| |_)| | | | | || (_| |  ) ) ) )
  '  |____| .__|_| |_|_| |_\__, | / / / /
 =========|_|==============|___/=/_/_/_/
 :: Spring Boot ::                (v3.2.1)

2024-05-16T03:41:32.881+01:00  INFO 31379 --- [library-management-system] [           main] orrowingRecordControllerIntegrationTests : Starting BorrowingRecordControllerIntegrationTests using Java 21.0.1 with PID 31379 (started by deca in /Users/deca/Desktop/library-management-system)
2024-05-16T03:41:32.882+01:00  INFO 31379 --- [library-management-system] [           main] orrowingRecordControllerIntegrationTests : No active profile set, falling back to 1 default profile: "default"
2024-05-16T03:41:33.141+01:00  INFO 31379 --- [library-management-system] [           main] .s.d.r.c.RepositoryConfigurationDelegate : Bootstrapping Spring Data JPA repositories in DEFAULT mode.
2024-05-16T03:41:33.161+01:00  INFO 31379 --- [library-management-system] [           main] .s.d.r.c.RepositoryConfigurationDelegate : Finished Spring Data repository scanning in 19 ms. Found 3 JPA repository interfaces.
2024-05-16T03:41:33.307+01:00  INFO 31379 --- [library-management-system] [           main] o.hibernate.jpa.internal.util.LogHelper  : HHH000204: Processing PersistenceUnitInfo [name: default]
2024-05-16T03:41:33.309+01:00  INFO 31379 --- [library-management-system] [           main] o.h.c.internal.RegionFactoryInitiator    : HHH000026: Second-level cache disabled
2024-05-16T03:41:33.312+01:00  INFO 31379 --- [library-management-system] [           main] o.s.o.j.p.SpringPersistenceUnitInfo      : No LoadTimeWeaver setup: ignoring JPA class transformer
2024-05-16T03:41:33.313+01:00  INFO 31379 --- [library-management-system] [           main] com.zaxxer.hikari.HikariDataSource       : HikariPool-33 - Starting...
2024-05-16T03:41:33.318+01:00  INFO 31379 --- [library-management-system] [           main] com.zaxxer.hikari.pool.HikariPool        : HikariPool-33 - Added connection com.mysql.cj.jdbc.ConnectionImpl@22f03435
2024-05-16T03:41:33.318+01:00  INFO 31379 --- [library-management-system] [           main] com.zaxxer.hikari.HikariDataSource       : HikariPool-33 - Start completed.
2024-05-16T03:41:33.319+01:00  WARN 31379 --- [library-management-system] [           main] org.hibernate.dialect.Dialect            : HHH000511: The 5.5.0 version for [org.hibernate.dialect.MySQLDialect] is no longer supported, hence certain features may not work properly. The minimum supported version is 8.0.0. Check the community dialects project for available legacy versions.
2024-05-16T03:41:33.319+01:00  WARN 31379 --- [library-management-system] [           main] org.hibernate.orm.deprecation            : HHH90000025: MySQLDialect does not need to be specified explicitly using 'hibernate.dialect' (remove the property setting and it will be selected by default)
2024-05-16T03:41:33.402+01:00  INFO 31379 --- [library-management-system] [           main] o.h.e.t.j.p.i.JtaPlatformInitiator       : HHH000489: No JTA platform available (set 'hibernate.transaction.jta.platform' to enable JTA platform integration)
2024-05-16T03:41:33.453+01:00  INFO 31379 --- [library-management-system] [           main] j.LocalContainerEntityManagerFactoryBean : Initialized JPA EntityManagerFactory for persistence unit 'default'
2024-05-16T03:41:34.027+01:00  WARN 31379 --- [library-management-system] [           main] JpaBaseConfiguration$JpaWebConfiguration : spring.jpa.open-in-view is enabled by default. Therefore, database queries may be performed during view rendering. Explicitly configure spring.jpa.open-in-view to disable this warning
2024-05-16T03:41:34.685+01:00  INFO 31379 --- [library-management-system] [           main] o.s.b.t.m.w.SpringBootMockServletContext : Initializing Spring TestDispatcherServlet ''
2024-05-16T03:41:34.685+01:00  INFO 31379 --- [library-management-system] [           main] o.s.t.web.servlet.TestDispatcherServlet  : Initializing Servlet ''
2024-05-16T03:41:34.686+01:00  INFO 31379 --- [library-management-system] [           main] o.s.t.web.servlet.TestDispatcherServlet  : Completed initialization in 1 ms
2024-05-16T03:41:34.693+01:00  INFO 31379 --- [library-management-system] [           main] orrowingRecordControllerIntegrationTests : Started BorrowingRecordControllerIntegrationTests in 1.829 seconds (process running for 96.357)
Hibernate: select bre1_0.id,bre1_0.book_id,bre1_0.borrowing_date,bre1_0.patron_id,bre1_0.return_date from borrowing_records bre1_0
deleteAll service method executed. And returned: null
Execution time: 0ms
Hibernate: select be1_0.id,be1_0.author,be1_0.borrowed,be1_0.isbn,be1_0.publication_year,be1_0.title from books be1_0
deleteAll service method executed. And returned: null
Execution time: 0ms
Hibernate: select pe1_0.id,pe1_0.contact_information,pe1_0.name from patrons pe1_0
deleteAll service method executed. And returned: null
Execution time: 0ms
Hibernate: select next_val as id_val from book_id_seq for update
Hibernate: update book_id_seq set next_val= ? where next_val=?
Hibernate: insert into books (author,borrowed,isbn,publication_year,title,id) values (?,?,?,?,?,?)
save service method executed. And returned: BookDto(id=3552, title=The Shadow in the Attic, author=Sila Sea, publicationYear=2005, isbn=9781234567890, borrowed=false)
Execution time: 0ms
Hibernate: select next_val as id_val from patron_id_seq for update
Hibernate: update patron_id_seq set next_val= ? where next_val=?
Hibernate: insert into patrons (contact_information,name,id) values (?,?,?)
save service method executed. And returned: PatronDto(id=2752, name=John Doe, contactInformation=john.doe@example.com)
Execution time: 0ms
Hibernate: select count(*) from books be1_0 where be1_0.id=?
isExists service method executed. And returned: true
Execution time: 0ms
Hibernate: select count(*) from patrons pe1_0 where pe1_0.id=?
isExists service method executed. And returned: true
Execution time: 0ms
Hibernate: select be1_0.id,be1_0.author,be1_0.borrowed,be1_0.isbn,be1_0.publication_year,be1_0.title from books be1_0 where be1_0.id=?
isBorrowed service method executed. And returned: false
Execution time: 0ms
Hibernate: select pe1_0.id,pe1_0.contact_information,pe1_0.name from patrons pe1_0 where pe1_0.id=?
Hibernate: insert into borrowing_records (book_id,borrowing_date,patron_id,return_date) values (?,?,?,?)
borrowBook service method executed. And returned: BorrowingRecordDto(id=27, book=BookDto(id=3552, title=The Shadow in the Attic, author=Sila Sea, publicationYear=2005, isbn=9781234567890, borrowed=true), patron=PatronDto(id=2752, name=John Doe, contactInformation=john.doe@example.com), borrowingDate=2024-05-16, returnDate=null)
Execution time: 0ms
Hibernate: update books set author=?,borrowed=?,isbn=?,publication_year=?,title=? where id=?
borrowBook controller method executed!
Execution time: 0ms
2024-05-16T03:41:34.785+01:00  INFO 31379 --- [library-management-system] [           main] j.LocalContainerEntityManagerFactoryBean : Closing JPA EntityManagerFactory for persistence unit 'default'
2024-05-16T03:41:34.785+01:00  INFO 31379 --- [library-management-system] [           main] com.zaxxer.hikari.HikariDataSource       : HikariPool-33 - Shutdown initiated...
2024-05-16T03:41:34.787+01:00  INFO 31379 --- [library-management-system] [           main] com.zaxxer.hikari.HikariDataSource       : HikariPool-33 - Shutdown completed.
]]></system-out>
  </testcase>
</testsuite>